
  ___  ____  ____  ____  ____ ®
 /__    /   ____/   /   ____/      17.0
___/   /   /___/   /   /___/       BE—Basic Edition

 Statistics and Data Science       Copyright 1985-2021 StataCorp LLC
                                   StataCorp
                                   4905 Lakeway Drive
                                   College Station, Texas 77845 USA
                                   800-STATA-PC        https://www.stata.com
                                   979-696-4600        stata@stata.com

Stata license: 6-user network perpetual
Serial number: 501706335292
  Licensed to: Miklos Koren
               Central European University

Notes:
      1. Stata is running in batch mode.
      2. Unicode is supported; see help unicode_advice.

. do code/estimate/diffindiff.do 

. clear all

. *here
. local here = r(here)

. 
. use "`here'/temp/analysis_sample.dta", clear

. 
. local LHS lnQ lnQL TFP_cd lnK lnL lnKL exporter 

. local dummies frame_id_numeric teaor08_2d##year

. 
. local treatments foreign foreign_hire has_expat

. local treatments_extend foreign foreign_hire foreign_hire_insider has_expat e
> xpat_alone

. local treatments_spell foreign foreign_hire_local_1 foreign_hire_expat_1 fore
> ign_hire_local_2  foreign_hire_expat_2 foreign_hire_local_3plus foreign_hire_
> expat_3plus

. local treatments_sequence foreign foreign_hire_local_1 foreign_hire_expat_1 f
> oreign_hire_LL_2 foreign_hire_LE_2 foreign_hire_EL_2 foreign_hire_EE_2

. local treatments_event foreign_e5-foreigne5 foreign_hire_local_1_e5-foreign_h
> ire_expat_1e5 foreign_hire_local_2 foreign_hire_expat_2 foreign_hire_local_3p
> lus foreign_hire_expat_3plus

. 
. local options keep(`treatments') tex(frag) dec(3)  nocons nonotes addtext(Ind
> -year FE, YES, Firm FE, YES)

. 
. **********Baseline**********
. local fmode replace

. foreach Y of var `LHS' {
  2.         qui reghdfe `Y' `treatments', a(`dummies') cluster(frame_id_numeri
> c)
  3.         outreg2 using "`here'/output/table/diffindiff_base.tex", `fmode' `
> options'
  4.         local fmode append
  5. }
has_expat ambiguous abbreviation
r(111);

end of do-file
r(111);
