
  ___  ____  ____  ____  ____ ®
 /__    /   ____/   /   ____/      17.0
___/   /   /___/   /   /___/       BE—Basic Edition

 Statistics and Data Science       Copyright 1985-2021 StataCorp LLC
                                   StataCorp
                                   4905 Lakeway Drive
                                   College Station, Texas 77845 USA
                                   800-STATA-PC        https://www.stata.com
                                   979-696-4600        stata@stata.com

Stata license: 6-user network perpetual
Serial number: 501706335292
  Licensed to: Miklos Koren
               Central European University

Notes:
      1. Stata is running in batch mode.
      2. Unicode is supported; see help unicode_advice.

. do code/estimate/dummies.do 

. clear all

. here
/srv/sandbox/expat/almos/

. local here = r(here)

. 
. local options keep(foreign foreign_hire has_expat) tex(frag) dec(3)  nocons n
> onotes addtext(Ind-year FE, YES, Firm FE, YES)

. 
. use "`here'/temp/analysis_sample.dta", replace

. 
. *Regressions to try out the dummies (can be deleted later)
. 
. reghdfe lnQL foreign foreign_hire has_expat, a(frame_id_numeric year##teaor08
> _2d) cluster(frame_id_numeric)
has_expat ambiguous abbreviation
r(111);

end of do-file
r(111);
