
  ___  ____  ____  ____  ____ ®
 /__    /   ____/   /   ____/      17.0
___/   /   /___/   /   /___/       BE—Basic Edition

 Statistics and Data Science       Copyright 1985-2021 StataCorp LLC
                                   StataCorp
                                   4905 Lakeway Drive
                                   College Station, Texas 77845 USA
                                   800-STATA-PC        https://www.stata.com
                                   979-696-4600        stata@stata.com

Stata license: 6-user network perpetual
Serial number: 501706335292
  Licensed to: Miklos Koren
               Central European University

Notes:
      1. Stata is running in batch mode.
      2. Unicode is supported; see help unicode_advice.

. do code/util/install.do 

. *install reghdfe 5.x
. capture ado uninstall reghdfe

. net install reghdfe, from("https://raw.githubusercontent.com/sergiocorreia/re
> ghdfe/master/src/")
checking reghdfe consistency and verifying not already installed...
installing into /home/koren/ado/plus/...
insufficient disk space
r(699);

end of do-file
r(699);
