
  ___  ____  ____  ____  ____ ®
 /__    /   ____/   /   ____/      18.0
___/   /   /___/   /   /___/       MP—Parallel Edition

 Statistics and Data Science       Copyright 1985-2023 StataCorp LLC
                                   StataCorp
                                   4905 Lakeway Drive
                                   College Station, Texas 77845 USA
                                   800-STATA-PC        https://www.stata.com
                                   979-696-4600        stata@stata.com

Stata license: Single-user 2-core  perpetual
Serial number: 501806323834
  Licensed to: Miklos Koren
               CEU MicroData

Notes:
      1. Stata is running in batch mode.
      2. Unicode is supported; see help unicode_advice.
      3. More than 2 billion observations are allowed; see help obs_advice.
      4. Maximum number of variables is set to 5,000 but can be increased;
          see help set_maxvar.

. do code/estimate/regressions.do 

. here
/Users/koren/Tresorit/Mac/projects/expat/

. global here = r(here)

. use "$here/temp/analysis_sample.dta", clear

. 
. *Samples
. global local_sample "(ever_local==1 | foreign==0)"

. global expat_sample "(ever_expat==1 | foreign==0)"

. 
. global varlist_rhs "lnK lnL TFP lnQ lnEx lnQd"

. 
. ****Average effect, foreign_hire sample, local and expat separately, xthdidre
> g
. 
. 
. *Full sample
. foreach Y in $varlist_rhs {
  2. 
.     display "`Y'"
  3. 
.     eststo clear
  4.     quietly xthdidregress ra (`Y') (local_ceo) if $local_sample, group(fra
> me_id_numeric) vce(cluster frame_id_numeric) controlgroup(notyet)
  5.     eststo: quietly eventbaseline, pre(4) post(4) baseline(atet)
  6. 
.     quietly xthdidregress ra (`Y') (has_expat_ceo) if $expat_sample, group(fr
> ame_id_numeric) vce(cluster frame_id_numeric) controlgroup(notyet)
  7.     eststo: quietly eventbaseline, pre(4) post(4) baseline(atet)
  8. 
.     eststo: quietly xt2treatments `Y',  treatment(has_expat_ceo) control(loca
> l_ceo) pre(4) post(4) baseline(atet)
  9. 
.     display "Full sample"
 10.     esttab, b(3) se  style(tex)
 11. 
. }
lnK
(est1 stored)
(est2 stored)
(est3 stored)
Full sample

------------------------------------------------------------
                      (1)             (2)             (3)   \\
                      lnK             lnK             lnK   \\
------------------------------------------------------------
ATET                0.081           0.341**         0.292*  \\
                  (0.086)         (0.113)         (0.123)   \\
------------------------------------------------------------
N                    6829            5739            7893   \\
------------------------------------------------------------
Standard errors in parentheses
* p<0.05, ** p<0.01, *** p<0.001
lnL
(est1 stored)
(est2 stored)
(est3 stored)
Full sample

------------------------------------------------------------
                      (1)             (2)             (3)   \\
                      lnL             lnL             lnL   \\
------------------------------------------------------------
ATET                0.168*          0.588***        0.485***\\
                  (0.085)         (0.113)         (0.115)   \\
------------------------------------------------------------
N                    6829            5739            7893   \\
------------------------------------------------------------
Standard errors in parentheses
* p<0.05, ** p<0.01, *** p<0.001
TFP
(est1 stored)
(est2 stored)
(est3 stored)
Full sample

------------------------------------------------------------
                      (1)             (2)             (3)   \\
                      TFP             TFP             TFP   \\
------------------------------------------------------------
ATET                0.071*          0.108*          0.055   \\
                  (0.030)         (0.048)         (0.045)   \\
------------------------------------------------------------
N                    6829            5739            7893   \\
------------------------------------------------------------
Standard errors in parentheses
* p<0.05, ** p<0.01, *** p<0.001
lnQ
(est1 stored)
(est2 stored)
(est3 stored)
Full sample

------------------------------------------------------------
                      (1)             (2)             (3)   \\
                      lnQ             lnQ             lnQ   \\
------------------------------------------------------------
ATET                0.320***        0.892***        0.586***\\
                  (0.083)         (0.134)         (0.133)   \\
------------------------------------------------------------
N                    6829            5739            7893   \\
------------------------------------------------------------
Standard errors in parentheses
* p<0.05, ** p<0.01, *** p<0.001
lnEx
(est1 stored)
(est2 stored)
(est3 stored)
Full sample

------------------------------------------------------------
                      (1)             (2)             (3)   \\
                     lnEx            lnEx            lnEx   \\
------------------------------------------------------------
ATET                0.792***        0.815***        0.225   \\
                  (0.164)         (0.193)         (0.202)   \\
------------------------------------------------------------
N                    3293            2919            3664   \\
------------------------------------------------------------
Standard errors in parentheses
* p<0.05, ** p<0.01, *** p<0.001
lnQd
(est1 stored)
(est2 stored)
(est3 stored)
Full sample

------------------------------------------------------------
                      (1)             (2)             (3)   \\
                     lnQd            lnQd            lnQd   \\
------------------------------------------------------------
ATET                0.235**         0.623***        0.352*  \\
                  (0.088)         (0.150)         (0.151)   \\
------------------------------------------------------------
N                    6764            5613            7745   \\
------------------------------------------------------------
Standard errors in parentheses
* p<0.05, ** p<0.01, *** p<0.001

. 
. *Industrial sample
. preserve

. keep if industrial==1
(4,936 observations deleted)

. foreach Y in $varlist_rhs {
  2.     display "`Y'"
  3. 
.     eststo clear
  4.     quietly xthdidregress ra (`Y') (local_ceo) if $local_sample & industri
> al==1, group(frame_id_numeric) vce(cluster frame_id_numeric) controlgroup(not
> yet)
  5.     eststo: quietly eventbaseline, pre(4) post(4) baseline(atet)
  6.     quietly xthdidregress ra (`Y') (has_expat_ceo) if $expat_sample & indu
> strial==1, group(frame_id_numeric) vce(cluster frame_id_numeric) controlgroup
> (notyet)
  7.     eststo: quietly eventbaseline, pre(4) post(4) baseline(atet)
  8. 
.     eststo: quietly xt2treatments `Y',  treatment(has_expat_ceo) control(loca
> l_ceo) pre(4) post(4) baseline(atet)
  9. 
.     display "Industry sample"
 10.     esttab, b(3) se  style(tex)
 11. }
lnK
(est1 stored)
(est2 stored)
(est3 stored)
Industry sample

------------------------------------------------------------
                      (1)             (2)             (3)   \\
                      lnK             lnK             lnK   \\
------------------------------------------------------------
ATET                0.255*          0.320*          0.139   \\
                  (0.127)         (0.151)         (0.169)   \\
------------------------------------------------------------
N                    3058            2695            3672   \\
------------------------------------------------------------
Standard errors in parentheses
* p<0.05, ** p<0.01, *** p<0.001
lnL
(est1 stored)
(est2 stored)
(est3 stored)
Industry sample

------------------------------------------------------------
                      (1)             (2)             (3)   \\
                      lnL             lnL             lnL   \\
------------------------------------------------------------
ATET                0.243           0.389*          0.254   \\
                  (0.141)         (0.152)         (0.158)   \\
------------------------------------------------------------
N                    3058            2695            3672   \\
------------------------------------------------------------
Standard errors in parentheses
* p<0.05, ** p<0.01, *** p<0.001
TFP
(est1 stored)
(est2 stored)
(est3 stored)
Industry sample

------------------------------------------------------------
                      (1)             (2)             (3)   \\
                      TFP             TFP             TFP   \\
------------------------------------------------------------
ATET                0.085           0.110           0.109*  \\
                  (0.052)         (0.062)         (0.053)   \\
------------------------------------------------------------
N                    3058            2695            3672   \\
------------------------------------------------------------
Standard errors in parentheses
* p<0.05, ** p<0.01, *** p<0.001
lnQ
(est1 stored)
(est2 stored)
(est3 stored)
Industry sample

------------------------------------------------------------
                      (1)             (2)             (3)   \\
                      lnQ             lnQ             lnQ   \\
------------------------------------------------------------
ATET                0.427**         0.710***        0.429** \\
                  (0.139)         (0.171)         (0.161)   \\
------------------------------------------------------------
N                    3058            2695            3672   \\
------------------------------------------------------------
Standard errors in parentheses
* p<0.05, ** p<0.01, *** p<0.001
lnEx
(est1 stored)
(est2 stored)
(est3 stored)
Industry sample

------------------------------------------------------------
                      (1)             (2)             (3)   \\
                     lnEx            lnEx            lnEx   \\
------------------------------------------------------------
ATET                0.736***        0.823***        0.140   \\
                  (0.214)         (0.226)         (0.255)   \\
------------------------------------------------------------
N                    1986            1812            2328   \\
------------------------------------------------------------
Standard errors in parentheses
* p<0.05, ** p<0.01, *** p<0.001
lnQd
(est1 stored)
(est2 stored)
(est3 stored)
Industry sample

------------------------------------------------------------
                      (1)             (2)             (3)   \\
                     lnQd            lnQd            lnQd   \\
------------------------------------------------------------
ATET                0.295*          0.365           0.147   \\
                  (0.146)         (0.194)         (0.188)   \\
------------------------------------------------------------
N                    3009            2617            3569   \\
------------------------------------------------------------
Standard errors in parentheses
* p<0.05, ** p<0.01, *** p<0.001

. restore

. 
. *Service sample
. preserve

. keep if industrial==0
(4,206 observations deleted)

. foreach Y in $varlist_rhs {
  2. 
.     display "`Y'"
  3. 
.     eststo clear
  4.     quietly xthdidregress ra (`Y') (local_ceo) if $local_sample & industri
> al==0, group(frame_id_numeric) vce(cluster frame_id_numeric) controlgroup(not
> yet)
  5.     eststo: quietly eventbaseline, pre(4) post(4) baseline(atet)
  6.     quietly xthdidregress ra (`Y') (has_expat_ceo) if $expat_sample & indu
> strial==0, group(frame_id_numeric) vce(cluster frame_id_numeric) controlgroup
> (notyet)
  7.     eststo: quietly eventbaseline, pre(4) post(4) baseline(atet)
  8. 
.     eststo: quietly xt2treatments `Y',  treatment(has_expat_ceo) control(loca
> l_ceo) pre(4) post(4) baseline(atet)
  9. 
.     display "Service sample"
 10.     esttab, b(3) se style(tex)
 11. }
lnK
(est1 stored)
(est2 stored)
(est3 stored)
Service sample

------------------------------------------------------------
                      (1)             (2)             (3)   \\
                      lnK             lnK             lnK   \\
------------------------------------------------------------
ATET               -0.062           0.399*          0.442*  \\
                  (0.111)         (0.167)         (0.185)   \\
------------------------------------------------------------
N                    3771            3044            4220   \\
------------------------------------------------------------
Standard errors in parentheses
* p<0.05, ** p<0.01, *** p<0.001
lnL
(est1 stored)
(est2 stored)
(est3 stored)
Service sample

------------------------------------------------------------
                      (1)             (2)             (3)   \\
                      lnL             lnL             lnL   \\
------------------------------------------------------------
ATET                0.134           0.905***        0.763***\\
                  (0.102)         (0.165)         (0.171)   \\
------------------------------------------------------------
N                    3771            3044            4220   \\
------------------------------------------------------------
Standard errors in parentheses
* p<0.05, ** p<0.01, *** p<0.001
TFP
(est1 stored)
(est2 stored)
(est3 stored)
Service sample

------------------------------------------------------------
                      (1)             (2)             (3)   \\
                      TFP             TFP             TFP   \\
------------------------------------------------------------
ATET                0.063           0.089           0.021   \\
                  (0.035)         (0.071)         (0.076)   \\
------------------------------------------------------------
N                    3771            3044            4220   \\
------------------------------------------------------------
Standard errors in parentheses
* p<0.05, ** p<0.01, *** p<0.001
lnQ
(est1 stored)
(est2 stored)
(est3 stored)
Service sample

------------------------------------------------------------
                      (1)             (2)             (3)   \\
                      lnQ             lnQ             lnQ   \\
------------------------------------------------------------
ATET                0.235*          1.142***        0.817***\\
                  (0.102)         (0.214)         (0.228)   \\
------------------------------------------------------------
N                    3771            3044            4220   \\
------------------------------------------------------------
Standard errors in parentheses
* p<0.05, ** p<0.01, *** p<0.001
lnEx
(est1 stored)
(est2 stored)
(est3 stored)
Service sample

------------------------------------------------------------
                      (1)             (2)             (3)   \\
                     lnEx            lnEx            lnEx   \\
------------------------------------------------------------
ATET                0.844***        0.636           0.166   \\
                  (0.232)         (0.328)         (0.367)   \\
------------------------------------------------------------
N                    1307            1107            1305   \\
------------------------------------------------------------
Standard errors in parentheses
* p<0.05, ** p<0.01, *** p<0.001
lnQd
(est1 stored)
(est2 stored)
(est3 stored)
Service sample

------------------------------------------------------------
                      (1)             (2)             (3)   \\
                     lnQd            lnQd            lnQd   \\
------------------------------------------------------------
ATET                0.200           1.014***        0.670** \\
                  (0.108)         (0.233)         (0.249)   \\
------------------------------------------------------------
N                    3755            2996            4175   \\
------------------------------------------------------------
Standard errors in parentheses
* p<0.05, ** p<0.01, *** p<0.001

. restore

. 
. *****Figures
. 
. *Whole sample
. foreach Y in $varlist_rhs {
  2. 
.     quietly xthdidregress ra (`Y') (has_expat_ceo) if $expat_sample, group(fr
> ame_id_numeric) vce(cluster frame_id_numeric) controlgroup(notyet)
  3.     eventbaseline, pre(4) post(4) baseline(-1) generate(event_expat)
  4. 
.     quietly xthdidregress ra (`Y') (local_ceo) if $local_sample, group(frame_
> id_numeric) vce(cluster frame_id_numeric) controlgroup(notyet)
  5.     eventbaseline, pre(4) post(4) baseline(-1) generate(event_local)
  6. 
.     frame event_expat: frlink 1:1 time, frame(event_local) generate(local)
  7.     frame event_expat: frget coef_local=coef upper_local=upper lower_local
> =lower, from(local)
  8. 
.     frame event_expat: graph twoway (rarea lower upper time, fcolor(red%10) l
> color(red%10)) (line coef time, color(red)) (rarea lower_local upper_local ti
> me, fcolor(gs10%10) lcolor(gs5%10)) (line coef_local time, color(grey)), grap
> hregion(color(white)) xlabel(-4(1)4) legend(off) xline(-0.5) xtitle("Event ti
> me") yline(0) 
  9. 
.     gr export "$here/output/twfe/expat_local_`Y'.pdf", replace
 10. 
. }

Time variable: time, -4 to 4
        Delta: 1 unit

Event study relative to -1               Number of obs = 5,739

------------------------------------------------------------------------------
         lnK |       ATET   Std. err.      z    P>|z|     [95% conf. interval]
-------------+----------------------------------------------------------------
          -4 |   .1906897   .1143154     1.67   0.095    -.0333644    .4147438
          -3 |   .1324772    .105387     1.26   0.209    -.0740775    .3390318
          -2 |   .1031273   .0744431     1.39   0.166    -.0427786    .2490331
          -1 |          0  (omitted)
           0 |    .220249   .0568961     3.87   0.000     .1087346    .3317634
           1 |   .3316569   .0794013     4.18   0.000     .1760331    .4872806
           2 |   .3696909   .1016626     3.64   0.000     .1704358     .568946
           3 |   .4802521   .1349879     3.56   0.000     .2156806    .7448236
           4 |   .8346798   .1618955     5.16   0.000     .5173704    1.151989
------------------------------------------------------------------------------

Time variable: time, -4 to 4
        Delta: 1 unit

Event study relative to -1               Number of obs = 6,829

------------------------------------------------------------------------------
         lnK |       ATET   Std. err.      z    P>|z|     [95% conf. interval]
-------------+----------------------------------------------------------------
          -4 |  -.0770693   .0740591    -1.04   0.298    -.2222224    .0680839
          -3 |   .0240554   .0573221     0.42   0.675    -.0882938    .1364046
          -2 |   .0780596   .0396906     1.97   0.049     .0002675    .1558517
          -1 |          0  (omitted)
           0 |   .0636897    .042768     1.49   0.136    -.0201341    .1475134
           1 |    .043851    .063878     0.69   0.492    -.0813477    .1690496
           2 |   .0565651   .0909173     0.62   0.534    -.1216295    .2347597
           3 |   .0613282   .1080421     0.57   0.570    -.1504304    .2730867
           4 |   .2109347   .1333474     1.58   0.114    -.0504214    .4722907
------------------------------------------------------------------------------
(all observations in frame event_expat matched)
(3 variables copied from linked frame)
(note:  named style grey not found in class color, default attributes used)
(note:  named style grey not found in class color, default attributes used)
(note:  named style grey not found in class color, default attributes used)
(note:  named style grey not found in class color, default attributes used)
(note:  named style grey not found in class color, default attributes used)
file
    /Users/koren/Tresorit/Mac/projects/expat//output/twfe/expat_local_lnK.pdf
    saved as PDF format

Time variable: time, -4 to 4
        Delta: 1 unit

Event study relative to -1               Number of obs = 5,739

------------------------------------------------------------------------------
         lnL |       ATET   Std. err.      z    P>|z|     [95% conf. interval]
-------------+----------------------------------------------------------------
          -4 |  -.1181608   .0993445    -1.19   0.234    -.3128725    .0765509
          -3 |  -.1011194   .0823229    -1.23   0.219    -.2624693    .0602305
          -2 |  -.1045543   .0628292    -1.66   0.096    -.2276972    .0185886
          -1 |          0  (omitted)
           0 |   .2381092   .0662849     3.59   0.000     .1081933    .3680251
           1 |    .354699   .0912342     3.89   0.000     .1758833    .5335147
           2 |   .5413191   .1025756     5.28   0.000     .3402745    .7423636
           3 |   .6411888   .1295374     4.95   0.000     .3873001    .8950776
           4 |   .7605999   .1507868     5.04   0.000     .4650633    1.056137
------------------------------------------------------------------------------

Time variable: time, -4 to 4
        Delta: 1 unit

Event study relative to -1               Number of obs = 6,829

------------------------------------------------------------------------------
         lnL |       ATET   Std. err.      z    P>|z|     [95% conf. interval]
-------------+----------------------------------------------------------------
          -4 |   .0901001   .0712135     1.27   0.206    -.0494758    .2296761
          -3 |   .1304667   .0579241     2.25   0.024     .0169375    .2439959
          -2 |   .0372109   .0398172     0.93   0.350    -.0408294    .1152512
          -1 |          0  (omitted)
           0 |   .1305448   .0464446     2.81   0.005      .039515    .2215746
           1 |   .1863531   .0648348     2.87   0.004     .0592792     .313427
           2 |    .207412   .0895897     2.32   0.021     .0318195    .3830046
           3 |   .2640527   .1103284     2.39   0.017      .047813    .4802924
           4 |    .374235   .1341079     2.79   0.005     .1113882    .6370817
------------------------------------------------------------------------------
(all observations in frame event_expat matched)
(3 variables copied from linked frame)
(note:  named style grey not found in class color, default attributes used)
(note:  named style grey not found in class color, default attributes used)
(note:  named style grey not found in class color, default attributes used)
(note:  named style grey not found in class color, default attributes used)
(note:  named style grey not found in class color, default attributes used)
file
    /Users/koren/Tresorit/Mac/projects/expat//output/twfe/expat_local_lnL.pdf
    saved as PDF format

Time variable: time, -4 to 4
        Delta: 1 unit

Event study relative to -1               Number of obs = 5,739

------------------------------------------------------------------------------
         TFP |       ATET   Std. err.      z    P>|z|     [95% conf. interval]
-------------+----------------------------------------------------------------
          -4 |   .0690697   .0453898     1.52   0.128    -.0198926    .1580321
          -3 |   .0284273   .0359889     0.79   0.430    -.0421097    .0989643
          -2 |   .0571468   .0258306     2.21   0.027     .0065197    .1077739
          -1 |          0  (omitted)
           0 |   .1103497   .0317594     3.47   0.001     .0481023     .172597
           1 |   .1439765   .0455205     3.16   0.002     .0547579    .2331952
           2 |   .1716203   .0473282     3.63   0.000     .0788587    .2643819
           3 |   .1731805   .0561819     3.08   0.002      .063066     .283295
           4 |   .1350069   .0669888     2.02   0.044     .0037112    .2663026
------------------------------------------------------------------------------

Time variable: time, -4 to 4
        Delta: 1 unit

Event study relative to -1               Number of obs = 6,829

------------------------------------------------------------------------------
         TFP |       ATET   Std. err.      z    P>|z|     [95% conf. interval]
-------------+----------------------------------------------------------------
          -4 |  -.0331086   .0297781    -1.11   0.266    -.0914725    .0252553
          -3 |  -.0470511    .027354    -1.72   0.085    -.1006639    .0065618
          -2 |  -.0309852   .0215344    -1.44   0.150    -.0731917    .0112214
          -1 |          0  (omitted)
           0 |   .0285303    .020862     1.37   0.171    -.0123585    .0694191
           1 |   .0150674   .0253567     0.59   0.552    -.0346309    .0647657
           2 |   .0627691   .0288721     2.17   0.030     .0061808    .1193575
           3 |   .0295073   .0354296     0.83   0.405    -.0399335     .098948
           4 |   .0801385   .0450824     1.78   0.075    -.0082215    .1684985
------------------------------------------------------------------------------
(all observations in frame event_expat matched)
(3 variables copied from linked frame)
(note:  named style grey not found in class color, default attributes used)
(note:  named style grey not found in class color, default attributes used)
(note:  named style grey not found in class color, default attributes used)
(note:  named style grey not found in class color, default attributes used)
(note:  named style grey not found in class color, default attributes used)
file
    /Users/koren/Tresorit/Mac/projects/expat//output/twfe/expat_local_TFP.pdf
    saved as PDF format

Time variable: time, -4 to 4
        Delta: 1 unit

Event study relative to -1               Number of obs = 5,739

------------------------------------------------------------------------------
         lnQ |       ATET   Std. err.      z    P>|z|     [95% conf. interval]
-------------+----------------------------------------------------------------
          -4 |   -.034064   .1135635    -0.30   0.764    -.2566444    .1885165
          -3 |  -.0597271    .099011    -0.60   0.546    -.2537852     .134331
          -2 |  -.0292802   .0611489    -0.48   0.632    -.1491298    .0905695
          -1 |          0  (omitted)
           0 |   .4960549   .0708824     7.00   0.000     .3571281    .6349818
           1 |   .7639972   .0982269     7.78   0.000     .5714759    .9565184
           2 |   .9228155   .1263947     7.30   0.000     .6750866    1.170545
           3 |   1.043043   .1533729     6.80   0.000     .7424372    1.343648
           4 |    1.07975   .1895636     5.70   0.000      .708212    1.451288
------------------------------------------------------------------------------

Time variable: time, -4 to 4
        Delta: 1 unit

Event study relative to -1               Number of obs = 6,829

------------------------------------------------------------------------------
         lnQ |       ATET   Std. err.      z    P>|z|     [95% conf. interval]
-------------+----------------------------------------------------------------
          -4 |  -.0783428   .0728983    -1.07   0.283    -.2212208    .0645352
          -3 |  -.0111813   .0569155    -0.20   0.844    -.1227336    .1003711
          -2 |  -.0366064   .0413413    -0.89   0.376    -.1176338     .044421
          -1 |          0  (omitted)
           0 |   .1566258   .0438221     3.57   0.000     .0707361    .2425155
           1 |   .2460165   .0646953     3.80   0.000     .1192159     .372817
           2 |   .3360722    .085359     3.94   0.000     .1687716    .5033728
           3 |   .2864314   .1005217     2.85   0.004     .0894126    .4834503
           4 |   .4167818   .1207049     3.45   0.001     .1802046    .6533591
------------------------------------------------------------------------------
(all observations in frame event_expat matched)
(3 variables copied from linked frame)
(note:  named style grey not found in class color, default attributes used)
(note:  named style grey not found in class color, default attributes used)
(note:  named style grey not found in class color, default attributes used)
(note:  named style grey not found in class color, default attributes used)
(note:  named style grey not found in class color, default attributes used)
file
    /Users/koren/Tresorit/Mac/projects/expat//output/twfe/expat_local_lnQ.pdf
    saved as PDF format

Time variable: time, -4 to 4
        Delta: 1 unit

Event study relative to -1               Number of obs = 2,919

------------------------------------------------------------------------------
        lnEx |       ATET   Std. err.      z    P>|z|     [95% conf. interval]
-------------+----------------------------------------------------------------
          -4 |   .3344006   .2065763     1.62   0.105    -.0704815    .7392828
          -3 |   .1702644    .187427     0.91   0.364    -.1970858    .5376147
          -2 |   .1098932   .1442569     0.76   0.446    -.1728452    .3926317
          -1 |          0  (omitted)
           0 |   .4518486   .1075267     4.20   0.000     .2411002    .6625971
           1 |    .791722   .1559229     5.08   0.000     .4861187    1.097325
           2 |   .8987501   .1866342     4.82   0.000     .5329538    1.264546
           3 |   1.177368   .2164041     5.44   0.000     .7532235    1.601512
           4 |   1.524812   .2789165     5.47   0.000     .9781454    2.071478
------------------------------------------------------------------------------

Time variable: time, -4 to 4
        Delta: 1 unit

Event study relative to -1               Number of obs = 3,293

------------------------------------------------------------------------------
        lnEx |       ATET   Std. err.      z    P>|z|     [95% conf. interval]
-------------+----------------------------------------------------------------
          -4 |   -.407754    .193541    -2.11   0.035    -.7870873   -.0284206
          -3 |  -.3729937   .1387993    -2.69   0.007    -.6450353   -.1009521
          -2 |  -.1922981   .0898962    -2.14   0.032    -.3684915   -.0161047
          -1 |          0  (omitted)
           0 |   .2708862   .0852377     3.18   0.001     .1038234     .437949
           1 |   .4548733   .1380026     3.30   0.001     .1843932    .7253534
           2 |   .6835839   .1741329     3.93   0.000     .3422897    1.024878
           3 |   .5792343   .2050252     2.83   0.005     .1773923    .9810763
           4 |   .7543154   .2497604     3.02   0.003      .264794    1.243837
------------------------------------------------------------------------------
(all observations in frame event_expat matched)
(3 variables copied from linked frame)
(note:  named style grey not found in class color, default attributes used)
(note:  named style grey not found in class color, default attributes used)
(note:  named style grey not found in class color, default attributes used)
(note:  named style grey not found in class color, default attributes used)
(note:  named style grey not found in class color, default attributes used)
file
    /Users/koren/Tresorit/Mac/projects/expat//output/twfe/expat_local_lnEx.pd
    > f saved as PDF format

Time variable: time, -4 to 4
        Delta: 1 unit

Event study relative to -1               Number of obs = 5,613

------------------------------------------------------------------------------
        lnQd |       ATET   Std. err.      z    P>|z|     [95% conf. interval]
-------------+----------------------------------------------------------------
          -4 |   .0378047   .1293605     0.29   0.770    -.2157373    .2913466
          -3 |  -.0479322   .1145158    -0.42   0.676     -.272379    .1765146
          -2 |   .0181922    .076338     0.24   0.812    -.1314276     .167812
          -1 |          0  (omitted)
           0 |   .3890641   .0884383     4.40   0.000     .2157283    .5623999
           1 |   .5296066   .1169784     4.53   0.000     .3003331    .7588801
           2 |   .7398378   .1413948     5.23   0.000     .4627091    1.016966
           3 |   .7784819   .1808695     4.30   0.000     .4239842     1.13298
           4 |   .6878139   .2205178     3.12   0.002     .2556069    1.120021
------------------------------------------------------------------------------

Time variable: time, -4 to 4
        Delta: 1 unit

Event study relative to -1               Number of obs = 6,764

------------------------------------------------------------------------------
        lnQd |       ATET   Std. err.      z    P>|z|     [95% conf. interval]
-------------+----------------------------------------------------------------
          -4 |   -.094638   .0772919    -1.22   0.221    -.2461273    .0568513
          -3 |  -.0317874   .0600028    -0.53   0.596    -.1493907    .0858159
          -2 |  -.0219483   .0409715    -0.54   0.592     -.102251    .0583544
          -1 |          0  (omitted)
           0 |   .0993872   .0450303     2.21   0.027     .0111294     .187645
           1 |   .1581987   .0661546     2.39   0.017     .0285382    .2878593
           2 |   .2240666   .0881115     2.54   0.011     .0513713    .3967619
           3 |   .1780974   .1101782     1.62   0.106    -.0378478    .3940427
           4 |   .3307354    .127971     2.58   0.010     .0799169     .581554
------------------------------------------------------------------------------
(all observations in frame event_expat matched)
(3 variables copied from linked frame)
(note:  named style grey not found in class color, default attributes used)
(note:  named style grey not found in class color, default attributes used)
(note:  named style grey not found in class color, default attributes used)
(note:  named style grey not found in class color, default attributes used)
(note:  named style grey not found in class color, default attributes used)
file
    /Users/koren/Tresorit/Mac/projects/expat//output/twfe/expat_local_lnQd.pd
    > f saved as PDF format

. 
. *Industry
. 
. preserve

. keep if industrial==1
(4,936 observations deleted)

. 
. foreach Y in $varlist_rhs {
  2. 
.     quietly xthdidregress ra (`Y') (has_expat_ceo) if $expat_sample, group(fr
> ame_id_numeric) vce(cluster frame_id_numeric) controlgroup(notyet)
  3.     eventbaseline, pre(4) post(4) baseline(-1) generate(event_expat)
  4. 
.     quietly xthdidregress ra (`Y') (local_ceo) if $local_sample, group(frame_
> id_numeric) vce(cluster frame_id_numeric) controlgroup(notyet)
  5.     eventbaseline, pre(4) post(4) baseline(-1) generate(event_local)
  6. 
.     frame event_expat: frlink 1:1 time, frame(event_local) generate(local)
  7.     frame event_expat: frget coef_local=coef upper_local=upper lower_local
> =lower, from(local)
  8. 
.     frame event_expat: graph twoway (rarea lower upper time, fcolor(red%10) l
> color(red%10)) (line coef time, color(red)) (rarea lower_local upper_local ti
> me, fcolor(gs10%10) lcolor(gs5%10)) (line coef_local time, color(grey)), grap
> hregion(color(white)) xlabel(-4(1)4) legend(off) xline(-0.5) xtitle("Event ti
> me") yline(0) 
  9. 
.     gr export "$here/output/twfe/expat_local_ind_`Y'.pdf", replace
 10. 
. }

Time variable: time, -4 to 4
        Delta: 1 unit

Event study relative to -1               Number of obs = 2,695

------------------------------------------------------------------------------
         lnK |       ATET   Std. err.      z    P>|z|     [95% conf. interval]
-------------+----------------------------------------------------------------
          -4 |   .2041726    .155752     1.31   0.190    -.1010957     .509441
          -3 |   .1022418   .1370825     0.75   0.456    -.1664349    .3709185
          -2 |  -.0260918   .1055363    -0.25   0.805    -.2329392    .1807555
          -1 |          0  (omitted)
           0 |   .2534764   .0752211     3.37   0.001     .1060458    .4009071
           1 |    .353357   .1093968     3.23   0.001     .1389431    .5677709
           2 |   .2820356   .1454179     1.94   0.052    -.0029782    .5670494
           3 |   .3874446     .18686     2.07   0.038     .0212058    .7536834
           4 |   .6729806   .2176327     3.09   0.002     .2464284    1.099533
------------------------------------------------------------------------------

Time variable: time, -4 to 4
        Delta: 1 unit

Event study relative to -1               Number of obs = 3,058

------------------------------------------------------------------------------
         lnK |       ATET   Std. err.      z    P>|z|     [95% conf. interval]
-------------+----------------------------------------------------------------
          -4 |  -.1432837   .1196619    -1.20   0.231    -.3778167    .0912494
          -3 |  -.0291872   .0766837    -0.38   0.703    -.1794844      .12111
          -2 |   .0315333    .049075     0.64   0.521     -.064652    .1277185
          -1 |          0  (omitted)
           0 |   .1088797   .0617403     1.76   0.078     -.012129    .2298884
           1 |   .0941478   .0866374     1.09   0.277    -.0756585    .2639541
           2 |   .2933271   .1180123     2.49   0.013     .0620273     .524627
           3 |   .2276804   .1585949     1.44   0.151    -.0831599    .5385206
           4 |   .3737653   .1775234     2.11   0.035     .0258259    .7217047
------------------------------------------------------------------------------
(all observations in frame event_expat matched)
(3 variables copied from linked frame)
(note:  named style grey not found in class color, default attributes used)
(note:  named style grey not found in class color, default attributes used)
(note:  named style grey not found in class color, default attributes used)
(note:  named style grey not found in class color, default attributes used)
(note:  named style grey not found in class color, default attributes used)
file
    /Users/koren/Tresorit/Mac/projects/expat//output/twfe/expat_local_ind_lnK
    > .pdf saved as PDF format

Time variable: time, -4 to 4
        Delta: 1 unit

Event study relative to -1               Number of obs = 2,695

------------------------------------------------------------------------------
         lnL |       ATET   Std. err.      z    P>|z|     [95% conf. interval]
-------------+----------------------------------------------------------------
          -4 |   .0300269   .1308546     0.23   0.819    -.2264433    .2864972
          -3 |  -.0310922   .1142678    -0.27   0.786    -.2550529    .1928685
          -2 |  -.0695386   .0678281    -1.03   0.305    -.2024792    .0634019
          -1 |          0  (omitted)
           0 |   .3048121   .0882696     3.45   0.001     .1318068    .4778174
           1 |   .3414072   .1210985     2.82   0.005     .1040584    .5787559
           2 |    .387823   .1366573     2.84   0.005     .1199797    .6556664
           3 |   .3877822   .1678762     2.31   0.021     .0587509    .7168136
           4 |   .4366166   .1938396     2.25   0.024      .056698    .8165352
------------------------------------------------------------------------------

Time variable: time, -4 to 4
        Delta: 1 unit

Event study relative to -1               Number of obs = 3,058

------------------------------------------------------------------------------
         lnL |       ATET   Std. err.      z    P>|z|     [95% conf. interval]
-------------+----------------------------------------------------------------
          -4 |  -.0509369   .1113878    -0.46   0.647    -.2692531    .1673792
          -3 |   .0128753   .0870721     0.15   0.882    -.1577829    .1835334
          -2 |  -.0361015   .0655034    -0.55   0.582    -.1644858    .0922828
          -1 |          0  (omitted)
           0 |   .0981936    .078808     1.25   0.213    -.0562673    .2526545
           1 |   .0832381   .1031248     0.81   0.420    -.1188828    .2853591
           2 |   .2117834   .1333433     1.59   0.112    -.0495647    .4731316
           3 |   .3319958    .177549     1.87   0.062    -.0159938    .6799854
           4 |   .3983767   .2193849     1.82   0.069    -.0316099    .8283632
------------------------------------------------------------------------------
(all observations in frame event_expat matched)
(3 variables copied from linked frame)
(note:  named style grey not found in class color, default attributes used)
(note:  named style grey not found in class color, default attributes used)
(note:  named style grey not found in class color, default attributes used)
(note:  named style grey not found in class color, default attributes used)
(note:  named style grey not found in class color, default attributes used)
file
    /Users/koren/Tresorit/Mac/projects/expat//output/twfe/expat_local_ind_lnL
    > .pdf saved as PDF format

Time variable: time, -4 to 4
        Delta: 1 unit

Event study relative to -1               Number of obs = 2,695

------------------------------------------------------------------------------
         TFP |       ATET   Std. err.      z    P>|z|     [95% conf. interval]
-------------+----------------------------------------------------------------
          -4 |    .142297   .0692527     2.05   0.040     .0065642    .2780299
          -3 |   .0845152    .043491     1.94   0.052    -.0007256    .1697559
          -2 |   .0628903   .0324593     1.94   0.053    -.0007287    .1265093
          -1 |          0  (omitted)
           0 |   .1426802    .047176     3.02   0.002     .0502169    .2351435
           1 |   .1825849   .0546532     3.34   0.001     .0754666    .2897032
           2 |   .2228562   .0617096     3.61   0.000     .1019076    .3438048
           3 |   .2143044   .0719422     2.98   0.003     .0733002    .3553085
           4 |   .1499696   .0760536     1.97   0.049     .0009073    .2990319
------------------------------------------------------------------------------

Time variable: time, -4 to 4
        Delta: 1 unit

Event study relative to -1               Number of obs = 3,058

------------------------------------------------------------------------------
         TFP |       ATET   Std. err.      z    P>|z|     [95% conf. interval]
-------------+----------------------------------------------------------------
          -4 |  -.0470993   .0521908    -0.90   0.367    -.1493914    .0551928
          -3 |   -.053145   .0481316    -1.10   0.270    -.1474812    .0411913
          -2 |  -.0545512    .045318    -1.20   0.229    -.1433728    .0342704
          -1 |          0  (omitted)
           0 |   .0560112   .0301795     1.86   0.063    -.0031395     .115162
           1 |   .0484808   .0406485     1.19   0.233    -.0311888    .1281504
           2 |   .0626109   .0474109     1.32   0.187    -.0303128    .1555346
           3 |  -.0238356   .0537726    -0.44   0.658    -.1292281    .0815568
           4 |   .0878867   .0797984     1.10   0.271    -.0685153    .2442887
------------------------------------------------------------------------------
(all observations in frame event_expat matched)
(3 variables copied from linked frame)
(note:  named style grey not found in class color, default attributes used)
(note:  named style grey not found in class color, default attributes used)
(note:  named style grey not found in class color, default attributes used)
(note:  named style grey not found in class color, default attributes used)
(note:  named style grey not found in class color, default attributes used)
file
    /Users/koren/Tresorit/Mac/projects/expat//output/twfe/expat_local_ind_TFP
    > .pdf saved as PDF format

Time variable: time, -4 to 4
        Delta: 1 unit

Event study relative to -1               Number of obs = 2,695

------------------------------------------------------------------------------
         lnQ |       ATET   Std. err.      z    P>|z|     [95% conf. interval]
-------------+----------------------------------------------------------------
          -4 |   .2156626    .143116     1.51   0.132    -.0648397    .4961649
          -3 |   .1361942    .111435     1.22   0.222    -.0822143    .3546027
          -2 |  -.0257073   .0905354    -0.28   0.776    -.2031534    .1517387
          -1 |          0  (omitted)
           0 |   .5155831     .09623     5.36   0.000     .3269758    .7041903
           1 |   .8090421   .1303427     6.21   0.000      .553575    1.064509
           2 |    .846126   .1639005     5.16   0.000     .5248869    1.167365
           3 |   .9550462   .1962971     4.87   0.000      .570311    1.339781
           4 |   .8319288   .2436652     3.41   0.001     .3543538    1.309504
------------------------------------------------------------------------------

Time variable: time, -4 to 4
        Delta: 1 unit

Event study relative to -1               Number of obs = 3,058

------------------------------------------------------------------------------
         lnQ |       ATET   Std. err.      z    P>|z|     [95% conf. interval]
-------------+----------------------------------------------------------------
          -4 |  -.1820842    .124308    -1.46   0.143    -.4257235    .0615551
          -3 |  -.1691057    .099221    -1.70   0.088    -.3635752    .0253638
          -2 |  -.1341541   .0724568    -1.85   0.064    -.2761668    .0078587
          -1 |          0  (omitted)
           0 |   .1171456   .0680367     1.72   0.085    -.0162039    .2504952
           1 |   .2116942   .0964369     2.20   0.028     .0226814     .400707
           2 |   .4536336   .1258578     3.60   0.000     .2069568    .7003104
           3 |   .3259123   .1506601     2.16   0.031     .0306239    .6212007
           4 |   .4219569   .1866666     2.26   0.024      .056097    .7878167
------------------------------------------------------------------------------
(all observations in frame event_expat matched)
(3 variables copied from linked frame)
(note:  named style grey not found in class color, default attributes used)
(note:  named style grey not found in class color, default attributes used)
(note:  named style grey not found in class color, default attributes used)
(note:  named style grey not found in class color, default attributes used)
(note:  named style grey not found in class color, default attributes used)
file
    /Users/koren/Tresorit/Mac/projects/expat//output/twfe/expat_local_ind_lnQ
    > .pdf saved as PDF format

Time variable: time, -4 to 4
        Delta: 1 unit

Event study relative to -1               Number of obs = 1,812

------------------------------------------------------------------------------
        lnEx |       ATET   Std. err.      z    P>|z|     [95% conf. interval]
-------------+----------------------------------------------------------------
          -4 |   .4762335   .2670698     1.78   0.075    -.0472138    .9996808
          -3 |   .2429695   .2436544     1.00   0.319    -.2345844    .7205234
          -2 |   .2501774   .1957019     1.28   0.201    -.1333912    .6337461
          -1 |          0  (omitted)
           0 |   .6358549   .1299859     4.89   0.000     .3810873    .8906226
           1 |   1.021116   .1783675     5.72   0.000     .6715226     1.37071
           2 |   .9411643   .2176924     4.32   0.000     .5144951    1.367833
           3 |   1.254338   .2544856     4.93   0.000     .7555557    1.753121
           4 |   1.476683   .3141027     4.70   0.000     .8610526    2.092313
------------------------------------------------------------------------------

Time variable: time, -4 to 4
        Delta: 1 unit

Event study relative to -1               Number of obs = 1,986

------------------------------------------------------------------------------
        lnEx |       ATET   Std. err.      z    P>|z|     [95% conf. interval]
-------------+----------------------------------------------------------------
          -4 |  -.3310748   .2563859    -1.29   0.197    -.8335819    .1714322
          -3 |  -.4584264   .1886474    -2.43   0.015    -.8281685   -.0886843
          -2 |  -.3298933   .1187557    -2.78   0.005    -.5626503   -.0971363
          -1 |          0  (omitted)
           0 |   .1809712    .098172     1.84   0.065    -.0114424    .3733847
           1 |   .4848701   .1706062     2.84   0.004     .1504882     .819252
           2 |   .5516682   .2123038     2.60   0.009     .1355603    .9677761
           3 |   .5846475   .2356455     2.48   0.013     .1227908    1.046504
           4 |   .4810566   .2829442     1.70   0.089    -.0735038    1.035617
------------------------------------------------------------------------------
(all observations in frame event_expat matched)
(3 variables copied from linked frame)
(note:  named style grey not found in class color, default attributes used)
(note:  named style grey not found in class color, default attributes used)
(note:  named style grey not found in class color, default attributes used)
(note:  named style grey not found in class color, default attributes used)
(note:  named style grey not found in class color, default attributes used)
file
    /Users/koren/Tresorit/Mac/projects/expat//output/twfe/expat_local_ind_lnE
    > x.pdf saved as PDF format

Time variable: time, -4 to 4
        Delta: 1 unit

Event study relative to -1               Number of obs = 2,617

------------------------------------------------------------------------------
        lnQd |       ATET   Std. err.      z    P>|z|     [95% conf. interval]
-------------+----------------------------------------------------------------
          -4 |   .3391185   .1678285     2.02   0.043     .0101807    .6680563
          -3 |   .1828845   .1394652     1.31   0.190    -.0904622    .4562313
          -2 |   .0748823   .1131013     0.66   0.508    -.1467921    .2965567
          -1 |          0  (omitted)
           0 |   .3708316   .1312636     2.83   0.005     .1135597    .6281034
           1 |   .4173171   .1622099     2.57   0.010     .0993914    .7352428
           2 |   .5638259     .18891     2.98   0.003      .193569    .9340827
           3 |   .6998338   .2231413     3.14   0.002      .262485    1.137183
           4 |   .5189059   .2865074     1.81   0.070    -.0426382     1.08045
------------------------------------------------------------------------------

Time variable: time, -4 to 4
        Delta: 1 unit

Event study relative to -1               Number of obs = 3,009

------------------------------------------------------------------------------
        lnQd |       ATET   Std. err.      z    P>|z|     [95% conf. interval]
-------------+----------------------------------------------------------------
          -4 |  -.2202662   .1300336    -1.69   0.090    -.4751274    .0345951
          -3 |  -.2310664   .1034911    -2.23   0.026    -.4339051   -.0282276
          -2 |  -.0816862   .0675481    -1.21   0.227    -.2140781    .0507057
          -1 |          0  (omitted)
           0 |   .0379328   .0678753     0.56   0.576    -.0951003    .1709659
           1 |   .0367696   .0971804     0.38   0.705    -.1537004    .2272396
           2 |   .2101546   .1345432     1.56   0.118    -.0535452    .4738545
           3 |   .0961191   .1738155     0.55   0.580    -.2445531    .4367913
           4 |   .4278052   .2171417     1.97   0.049     .0022154    .8533951
------------------------------------------------------------------------------
(all observations in frame event_expat matched)
(3 variables copied from linked frame)
(note:  named style grey not found in class color, default attributes used)
(note:  named style grey not found in class color, default attributes used)
(note:  named style grey not found in class color, default attributes used)
(note:  named style grey not found in class color, default attributes used)
(note:  named style grey not found in class color, default attributes used)
file
    /Users/koren/Tresorit/Mac/projects/expat//output/twfe/expat_local_ind_lnQ
    > d.pdf saved as PDF format

. restore

. 
. *Services
. preserve

. keep if industrial==0
(4,206 observations deleted)

. 
. foreach Y in $varlist_rhs {     
  2. 
.     quietly xthdidregress ra (`Y') (has_expat_ceo) if $expat_sample, group(fr
> ame_id_numeric) vce(cluster frame_id_numeric) controlgroup(notyet)
  3.     eventbaseline, pre(4) post(4) baseline(-1) generate(event_expat)
  4. 
.     quietly xthdidregress ra (`Y') (local_ceo) if $local_sample, group(frame_
> id_numeric) vce(cluster frame_id_numeric) controlgroup(notyet)
  5.     eventbaseline, pre(4) post(4) baseline(-1) generate(event_local)
  6. 
.     frame event_expat: frlink 1:1 time, frame(event_local) generate(local)
  7.     frame event_expat: frget coef_local=coef upper_local=upper lower_local
> =lower, from(local)
  8. 
.     frame event_expat: graph twoway (rarea lower upper time, fcolor(red%10) l
> color(red%10)) (line coef time, color(red)) (rarea lower_local upper_local ti
> me, fcolor(gs10%10) lcolor(gs5%10)) (line coef_local time, color(grey)), grap
> hregion(color(white)) xlabel(-4(1)4) legend(off) xline(-0.5) xtitle("Event ti
> me") yline(0) 
  9. 
.     gr export "$here/output/twfe/expat_local_serv_`Y'.pdf", replace
 10. 
. }

Time variable: time, -4 to 4
        Delta: 1 unit

Event study relative to -1               Number of obs = 3,044

------------------------------------------------------------------------------
         lnK |       ATET   Std. err.      z    P>|z|     [95% conf. interval]
-------------+----------------------------------------------------------------
          -4 |   .1637685   .1745301     0.94   0.348    -.1783042    .5058412
          -3 |   .1518612   .1625723     0.93   0.350    -.1667747     .470497
          -2 |   .2527239   .1019688     2.48   0.013     .0528686    .4525791
          -1 |          0  (omitted)
           0 |   .1929021    .089353     2.16   0.031     .0177734    .3680307
           1 |   .2931881   .1186701     2.47   0.013     .0605989    .5257772
           2 |   .5008356   .1502366     3.33   0.001     .2063772     .795294
           3 |   .6277166   .2049345     3.06   0.002     .2260523    1.029381
           4 |   1.091183   .2379521     4.59   0.000     .6248054     1.55756
------------------------------------------------------------------------------

Time variable: time, -4 to 4
        Delta: 1 unit

Event study relative to -1               Number of obs = 3,771

------------------------------------------------------------------------------
         lnK |       ATET   Std. err.      z    P>|z|     [95% conf. interval]
-------------+----------------------------------------------------------------
          -4 |   -.020878    .088242    -0.24   0.813    -.1938291    .1520731
          -3 |   .0616857   .0776209     0.79   0.427    -.0904484    .2138199
          -2 |   .1044432   .0579122     1.80   0.071    -.0090627    .2179491
          -1 |          0  (omitted)
           0 |    .028338   .0595251     0.48   0.634     -.088329    .1450051
           1 |  -.0004998   .0899861    -0.01   0.996    -.1768693    .1758697
           2 |  -.1149251   .1271532    -0.90   0.366    -.3641407    .1342906
           3 |  -.0644992   .1473844    -0.44   0.662    -.3533673     .224369
           4 |   .0245806   .1747001     0.14   0.888    -.3178252    .3669864
------------------------------------------------------------------------------
(all observations in frame event_expat matched)
(3 variables copied from linked frame)
(note:  named style grey not found in class color, default attributes used)
(note:  named style grey not found in class color, default attributes used)
(note:  named style grey not found in class color, default attributes used)
(note:  named style grey not found in class color, default attributes used)
(note:  named style grey not found in class color, default attributes used)
file
    /Users/koren/Tresorit/Mac/projects/expat//output/twfe/expat_local_serv_ln
    > K.pdf saved as PDF format

Time variable: time, -4 to 4
        Delta: 1 unit

Event study relative to -1               Number of obs = 3,044

------------------------------------------------------------------------------
         lnL |       ATET   Std. err.      z    P>|z|     [95% conf. interval]
-------------+----------------------------------------------------------------
          -4 |   -.321138   .1536441    -2.09   0.037    -.6222749   -.0200011
          -3 |   -.199262   .1252392    -1.59   0.112    -.4447262    .0462023
          -2 |  -.1798704   .1147736    -1.57   0.117    -.4048225    .0450816
          -1 |          0  (omitted)
           0 |   .1749857   .1006611     1.74   0.082    -.0223065    .3722779
           1 |   .3881767   .1414138     2.74   0.006     .1110109    .6653426
           2 |   .8087292   .1528179     5.29   0.000     .5092115    1.108247
           3 |   1.042759   .2021948     5.16   0.000     .6464644    1.439053
           4 |   1.233593   .2211549     5.58   0.000     .8001375    1.667049
------------------------------------------------------------------------------

Time variable: time, -4 to 4
        Delta: 1 unit

Event study relative to -1               Number of obs = 3,771

------------------------------------------------------------------------------
         lnL |       ATET   Std. err.      z    P>|z|     [95% conf. interval]
-------------+----------------------------------------------------------------
          -4 |   .1687338   .0880426     1.92   0.055    -.0038266    .3412942
          -3 |   .1829571   .0687202     2.66   0.008     .0482678    .3176463
          -2 |   .0661322   .0446874     1.48   0.139    -.0214535    .1537178
          -1 |          0  (omitted)
           0 |   .1478322   .0580834     2.55   0.011     .0339908    .2616736
           1 |   .2512845   .0863029     2.91   0.004     .0821339    .4204351
           2 |   .2111794   .1192219     1.77   0.077    -.0224912      .44485
           3 |   .2358458   .1312057     1.80   0.072    -.0213127    .4930043
           4 |    .344068   .1577238     2.18   0.029      .034935     .653201
------------------------------------------------------------------------------
(all observations in frame event_expat matched)
(3 variables copied from linked frame)
(note:  named style grey not found in class color, default attributes used)
(note:  named style grey not found in class color, default attributes used)
(note:  named style grey not found in class color, default attributes used)
(note:  named style grey not found in class color, default attributes used)
(note:  named style grey not found in class color, default attributes used)
file
    /Users/koren/Tresorit/Mac/projects/expat//output/twfe/expat_local_serv_ln
    > L.pdf saved as PDF format

Time variable: time, -4 to 4
        Delta: 1 unit

Event study relative to -1               Number of obs = 3,044

------------------------------------------------------------------------------
         TFP |       ATET   Std. err.      z    P>|z|     [95% conf. interval]
-------------+----------------------------------------------------------------
          -4 |  -.0099546   .0586984    -0.17   0.865    -.1250014    .1050922
          -3 |  -.0277358   .0591946    -0.47   0.639    -.1437551    .0882834
          -2 |   .0621971   .0431986     1.44   0.150    -.0224706    .1468648
          -1 |          0  (omitted)
           0 |   .0674387   .0407587     1.65   0.098    -.0124469    .1473243
           1 |   .1056196   .0761905     1.39   0.166    -.0437112    .2549503
           2 |   .1114313   .0727059     1.53   0.125    -.0310696    .2539323
           3 |   .0957397   .0863863     1.11   0.268    -.0735743    .2650538
           4 |   .0959131   .1118066     0.86   0.391    -.1232238    .3150501
------------------------------------------------------------------------------

Time variable: time, -4 to 4
        Delta: 1 unit

Event study relative to -1               Number of obs = 3,771

------------------------------------------------------------------------------
         TFP |       ATET   Std. err.      z    P>|z|     [95% conf. interval]
-------------+----------------------------------------------------------------
          -4 |  -.0135394   .0360634    -0.38   0.707    -.0842224    .0571437
          -3 |  -.0346933   .0323233    -1.07   0.283    -.0980457    .0286591
          -2 |  -.0176071   .0225823    -0.78   0.436    -.0618677    .0266534
          -1 |          0  (omitted)
           0 |   .0140696   .0293252     0.48   0.631    -.0434068     .071546
           1 |   .0013658   .0337493     0.04   0.968    -.0647815    .0675131
           2 |   .0680862   .0363345     1.87   0.061    -.0031281    .1393004
           3 |   .0707033   .0455064     1.55   0.120    -.0184877    .1598943
           4 |   .0775263   .0536688     1.44   0.149    -.0276627    .1827153
------------------------------------------------------------------------------
(all observations in frame event_expat matched)
(3 variables copied from linked frame)
(note:  named style grey not found in class color, default attributes used)
(note:  named style grey not found in class color, default attributes used)
(note:  named style grey not found in class color, default attributes used)
(note:  named style grey not found in class color, default attributes used)
(note:  named style grey not found in class color, default attributes used)
file
    /Users/koren/Tresorit/Mac/projects/expat//output/twfe/expat_local_serv_TF
    > P.pdf saved as PDF format

Time variable: time, -4 to 4
        Delta: 1 unit

Event study relative to -1               Number of obs = 3,044

------------------------------------------------------------------------------
         lnQ |       ATET   Std. err.      z    P>|z|     [95% conf. interval]
-------------+----------------------------------------------------------------
          -4 |  -.3617666   .1807891    -2.00   0.045    -.7161066   -.0074266
          -3 |  -.3081945   .1711181    -1.80   0.072    -.6435798    .0271908
          -2 |  -.0380541   .0800678    -0.48   0.635    -.1949841    .1188759
          -1 |          0  (omitted)
           0 |   .4781451   .1055001     4.53   0.000     .2713686    .6849216
           1 |   .7068826   .1514533     4.67   0.000     .4100396    1.003726
           2 |   1.060745   .1973986     5.37   0.000     .6738512     1.44764
           3 |   1.177278    .246973     4.77   0.000     .6932201    1.661336
           4 |   1.402898   .3065271     4.58   0.000     .8021159     2.00368
------------------------------------------------------------------------------

Time variable: time, -4 to 4
        Delta: 1 unit

Event study relative to -1               Number of obs = 3,771

------------------------------------------------------------------------------
         lnQ |       ATET   Std. err.      z    P>|z|     [95% conf. interval]
-------------+----------------------------------------------------------------
          -4 |   .0031223   .0859936     0.04   0.971    -.1654219    .1716666
          -3 |   .0947411   .0661821     1.43   0.152    -.0349734    .2244557
          -2 |   .0205559   .0474883     0.43   0.665    -.0725195    .1136313
          -1 |          0  (omitted)
           0 |    .179134   .0580077     3.09   0.002      .065441    .2928269
           1 |   .2775603   .0874247     3.17   0.001      .106211    .4489096
           2 |   .2341475   .1109815     2.11   0.035     .0166277    .4516673
           3 |   .2458196   .1334883     1.84   0.066    -.0158127    .5074518
           4 |   .3846137   .1587558     2.42   0.015     .0734581    .6957694
------------------------------------------------------------------------------
(all observations in frame event_expat matched)
(3 variables copied from linked frame)
(note:  named style grey not found in class color, default attributes used)
(note:  named style grey not found in class color, default attributes used)
(note:  named style grey not found in class color, default attributes used)
(note:  named style grey not found in class color, default attributes used)
(note:  named style grey not found in class color, default attributes used)
file
    /Users/koren/Tresorit/Mac/projects/expat//output/twfe/expat_local_serv_ln
    > Q.pdf saved as PDF format

Time variable: time, -4 to 4
        Delta: 1 unit

Event study relative to -1               Number of obs = 1,107

------------------------------------------------------------------------------
        lnEx |       ATET   Std. err.      z    P>|z|     [95% conf. interval]
-------------+----------------------------------------------------------------
          -4 |   .0548442   .2804428     0.20   0.845    -.4948135    .6045019
          -3 |   .0898227   .2727964     0.33   0.742    -.4448484    .6244938
          -2 |  -.2004111   .1723685    -1.16   0.245    -.5382472     .137425
          -1 |          0  (omitted)
           0 |   .1715725   .2092349     0.82   0.412    -.2385205    .5816654
           1 |   .2890766   .3541807     0.82   0.414    -.4051047     .983258
           2 |   .5087819   .3678547     1.38   0.167    -.2122002    1.229764
           3 |   1.048808   .4953728     2.12   0.034     .0778954    2.019721
           4 |   1.090195   .4736675     2.30   0.021     .1618236    2.018566
------------------------------------------------------------------------------

Time variable: time, -4 to 4
        Delta: 1 unit

Event study relative to -1               Number of obs = 1,307

------------------------------------------------------------------------------
        lnEx |       ATET   Std. err.      z    P>|z|     [95% conf. interval]
-------------+----------------------------------------------------------------
          -4 |  -.5145298   .2782683    -1.85   0.064    -1.059926    .0308662
          -3 |   -.286507   .2030887    -1.41   0.158    -.6845535    .1115395
          -2 |  -.0045523   .1486305    -0.03   0.976    -.2958627    .2867581
          -1 |          0  (omitted)
           0 |   .4585081   .1545411     2.97   0.003     .1556131    .7614032
           1 |   .4665956   .2316943     2.01   0.044     .0124831    .9207082
           2 |   .8880046   .3057428     2.90   0.004     .2887598    1.487249
           3 |   .5963349    .378923     1.57   0.116    -.1463406     1.33901
           4 |    .805627   .3398725     2.37   0.018     .1394891    1.471765
------------------------------------------------------------------------------
(all observations in frame event_expat matched)
(3 variables copied from linked frame)
(note:  named style grey not found in class color, default attributes used)
(note:  named style grey not found in class color, default attributes used)
(note:  named style grey not found in class color, default attributes used)
(note:  named style grey not found in class color, default attributes used)
(note:  named style grey not found in class color, default attributes used)
file
    /Users/koren/Tresorit/Mac/projects/expat//output/twfe/expat_local_serv_ln
    > Ex.pdf saved as PDF format

Time variable: time, -4 to 4
        Delta: 1 unit

Event study relative to -1               Number of obs = 2,996

------------------------------------------------------------------------------
        lnQd |       ATET   Std. err.      z    P>|z|     [95% conf. interval]
-------------+----------------------------------------------------------------
          -4 |  -.3643355    .195196    -1.87   0.062    -.7469127    .0182417
          -3 |  -.3524591   .1845744    -1.91   0.056    -.7142183    .0093001
          -2 |  -.0527147   .0985891    -0.53   0.593    -.2459458    .1405165
          -1 |          0  (omitted)
           0 |   .4236058   .1172986     3.61   0.000     .1937048    .6535068
           1 |   .6612591   .1692981     3.91   0.000     .3294409    .9930774
           2 |   1.034065   .2120009     4.88   0.000     .6185508    1.449579
           3 |    .950801    .302635     3.14   0.002     .3576473    1.543955
           4 |   1.037377    .350552     2.96   0.003     .3503076    1.724446
------------------------------------------------------------------------------

Time variable: time, -4 to 4
        Delta: 1 unit

Event study relative to -1               Number of obs = 3,755

------------------------------------------------------------------------------
        lnQd |       ATET   Std. err.      z    P>|z|     [95% conf. interval]
-------------+----------------------------------------------------------------
          -4 |   .0141637   .0929011     0.15   0.879     -.167919    .1962465
          -3 |   .0879056   .0709353     1.24   0.215     -.051125    .2269361
          -2 |   .0049223   .0509842     0.10   0.923    -.0950049    .1048495
          -1 |          0  (omitted)
           0 |   .1484794   .0605436     2.45   0.014     .0298162    .2671426
           1 |   .2615283   .0880018     2.97   0.003     .0890479    .4340088
           2 |   .2148894   .1103245     1.95   0.051    -.0013427    .4311215
           3 |    .223822   .1401736     1.60   0.110    -.0509132    .4985572
           4 |    .286819   .1658534     1.73   0.084    -.0382478    .6118857
------------------------------------------------------------------------------
(all observations in frame event_expat matched)
(3 variables copied from linked frame)
(note:  named style grey not found in class color, default attributes used)
(note:  named style grey not found in class color, default attributes used)
(note:  named style grey not found in class color, default attributes used)
(note:  named style grey not found in class color, default attributes used)
(note:  named style grey not found in class color, default attributes used)
file
    /Users/koren/Tresorit/Mac/projects/expat//output/twfe/expat_local_serv_ln
    > Qd.pdf saved as PDF format

. restore

. 
end of do-file
