--------------------------------------------------------------------------------------------------------------------------------------------------------------
      name:  <unnamed>
       log:  /srv/sandbox/zavecz/dropbox_encrypted/darthmouth/expat-analysis//output/est_attgt_ipw.log
  log type:  text
 opened on:   8 Dec 2021, 17:20:06

. 
. use "`here'/temp/analysis_sample.dta", clear

. 
. rename ever_foreign ef

. rename ever_foreign_hire efh

. rename has_expat_ceo has_expat

. 
. count
  11,501

. count if ef & time_foreign <= 5
  11,501

. 
. foreach var in foreign_only foreign_hire_only has_expat {
  2.                 attgt lnQL lnK lnL exporter lnQ, treatment(`var') aggregate(e) pre(5) post(5) reps(20) notyet limitcontrol(foreign == 0) ipw(lnQ lnK lnL 
> lnM exporter)
  3.                 count if e(sample) == 1
  4.                 eststo m`var', title("`var'")
  5. }

Panel variable: frame_id_numeric (unbalanced)
 Time variable: year, 1985 to 2018, but with gaps
         Delta: 1 unit
Generating weights...

                          __000001
-------------------------------------------------------------
      Percentiles      Smallest
 1%            0              0
 5%     .0015484              0
10%     .0081096              0       Obs              11,501
25%     .0373151              0       Sum of wgt.      11,501

50%            1                      Mean           .8125643
                        Largest       Std. dev.      1.583867
75%            1       8.999998
90%            1       8.999998       Variance       2.508636
95%            1       8.999998       Skewness       4.514035
99%     8.999998       8.999998       Kurtosis       23.62323
Estimating lnQL: event_m5
Estimating lnQL: event_m4
Estimating lnQL: event_m3
Estimating lnQL: event_m2
Estimating lnQL: event_m1
Estimating lnQL: event_1
Estimating lnQL: event_2
Estimating lnQL: event_3
Estimating lnQL: event_4
Estimating lnQL: event_5
Estimating lnK: event_m5
Estimating lnK: event_m4
Estimating lnK: event_m3
Estimating lnK: event_m2
Estimating lnK: event_m1
Estimating lnK: event_1
Estimating lnK: event_2
Estimating lnK: event_3
Estimating lnK: event_4
Estimating lnK: event_5
Estimating lnL: event_m5
Estimating lnL: event_m4
Estimating lnL: event_m3
Estimating lnL: event_m2
Estimating lnL: event_m1
Estimating lnL: event_1
Estimating lnL: event_2
Estimating lnL: event_3
Estimating lnL: event_4
Estimating lnL: event_5
Estimating exporter: event_m5
Estimating exporter: event_m4
Estimating exporter: event_m3
Estimating exporter: event_m2
Estimating exporter: event_m1
Estimating exporter: event_1
Estimating exporter: event_2
Estimating exporter: event_3
Estimating exporter: event_4
Estimating exporter: event_5
Estimating lnQ: event_m5
Estimating lnQ: event_m4
Estimating lnQ: event_m3
Estimating lnQ: event_m2
Estimating lnQ: event_m1
Estimating lnQ: event_1
Estimating lnQ: event_2
Estimating lnQ: event_3
Estimating lnQ: event_4
Estimating lnQ: event_5
Callaway Sant'Anna (2021)

                                                         Number of obs = 7,710

------------------------------------------------------------------------------
             | Coefficient  Std. err.      z    P>|z|     [95% conf. interval]
-------------+----------------------------------------------------------------
lnQL         |
    event_m5 |          0  (omitted)
    event_m4 |          0  (omitted)
    event_m3 |          0  (omitted)
    event_m2 |  -.1551911   .0859479    -1.81   0.071    -.3236459    .0132638
    event_m1 |    .040946   .0583971     0.70   0.483    -.0735102    .1554023
     event_1 |   .0742503   .0445452     1.67   0.096    -.0130567    .1615572
     event_2 |   .0802782   .0636183     1.26   0.207    -.0444114    .2049679
     event_3 |  -.0034031   .1004951    -0.03   0.973    -.2003699    .1935636
     event_4 |  -.0480274   .1097107    -0.44   0.662    -.2630564    .1670015
     event_5 |   .0159247   .1175445     0.14   0.892    -.2144584    .2463077
-------------+----------------------------------------------------------------
lnK          |
    event_m5 |          0  (omitted)
    event_m4 |          0  (omitted)
    event_m3 |          0  (omitted)
    event_m2 |  -.1273895   .0859991    -1.48   0.139    -.2959445    .0411656
    event_m1 |  -.0226339   .0660283    -0.34   0.732    -.1520469    .1067791
     event_1 |   .0037507   .0719398     0.05   0.958    -.1372487    .1447502
     event_2 |   -.007923   .0788325    -0.10   0.920     -.162432    .1465859
     event_3 |   .0107771   .1202913     0.09   0.929    -.2249895    .2465438
     event_4 |   .0592036   .1242114     0.48   0.634    -.1842462    .3026534
     event_5 |   .0428861   .1671926     0.26   0.798    -.2848054    .3705776
-------------+----------------------------------------------------------------
lnL          |
    event_m5 |          0  (omitted)
    event_m4 |          0  (omitted)
    event_m3 |          0  (omitted)
    event_m2 |   .0158806   .0521128     0.30   0.761    -.0862586    .1180198
    event_m1 |  -.0246843   .0438905    -0.56   0.574    -.1107082    .0613395
     event_1 |  -.0258642   .0317603    -0.81   0.415    -.0881132    .0363849
     event_2 |    .051566   .0538143     0.96   0.338     -.053908    .1570401
     event_3 |   .0293448   .0943443     0.31   0.756    -.1555666    .2142562
     event_4 |   .1628203   .0984544     1.65   0.098    -.0301468    .3557874
     event_5 |   .1505294   .1216747     1.24   0.216    -.0879487    .3890075
-------------+----------------------------------------------------------------
exporter     |
    event_m5 |          0  (omitted)
    event_m4 |          0  (omitted)
    event_m3 |          0  (omitted)
    event_m2 |  -.0147129    .028076    -0.52   0.600    -.0697409    .0403151
    event_m1 |  -.0414944   .0176188    -2.36   0.019    -.0760267   -.0069622
     event_1 |   .0297128   .0185477     1.60   0.109    -.0066401    .0660657
     event_2 |   .0211329    .016985     1.24   0.213     -.012157    .0544229
     event_3 |  -.0256314   .0281087    -0.91   0.362    -.0807235    .0294606
     event_4 |  -.0171995   .0338309    -0.51   0.611    -.0835067    .0491078
     event_5 |   .0400968   .0343792     1.17   0.243    -.0272852    .1074787
-------------+----------------------------------------------------------------
lnQ          |
    event_m5 |          0  (omitted)
    event_m4 |          0  (omitted)
    event_m3 |          0  (omitted)
    event_m2 |  -.1393105   .0660173    -2.11   0.035     -.268702   -.0099191
    event_m1 |   .0162617   .0669201     0.24   0.808    -.1148993    .1474226
     event_1 |   .0483861   .0516607     0.94   0.349    -.0528669    .1496392
     event_2 |   .1318443   .0658584     2.00   0.045     .0027642    .2609243
     event_3 |   .0259417   .1235948     0.21   0.834    -.2162997    .2681831
     event_4 |   .1147928   .1361194     0.84   0.399    -.1519963     .381582
     event_5 |   .1664541   .1574288     1.06   0.290    -.1421007    .4750088
------------------------------------------------------------------------------
  7,710

Panel variable: frame_id_numeric (unbalanced)
 Time variable: year, 1985 to 2018, but with gaps
         Delta: 1 unit
Generating weights...

                          __000001
-------------------------------------------------------------
      Percentiles      Smallest
 1%            0              0
 5%     4.93e-10              0
10%     .0025332              0       Obs              11,501
25%     .0234849              0       Sum of wgt.      11,501

50%            1                      Mean           .8226466
                        Largest       Std. dev.      1.669802
75%            1       8.999998
90%            1       8.999998       Variance       2.788237
95%            1       8.999998       Skewness       4.290276
99%     8.999998       8.999998       Kurtosis       21.28221
Estimating lnQL: event_m5
Estimating lnQL: event_m4
Estimating lnQL: event_m3
Estimating lnQL: event_m2
Estimating lnQL: event_m1
Estimating lnQL: event_1
Estimating lnQL: event_2
Estimating lnQL: event_3
Estimating lnQL: event_4
Estimating lnQL: event_5
Estimating lnK: event_m5
Estimating lnK: event_m4
Estimating lnK: event_m3
Estimating lnK: event_m2
Estimating lnK: event_m1
Estimating lnK: event_1
Estimating lnK: event_2
Estimating lnK: event_3
Estimating lnK: event_4
Estimating lnK: event_5
Estimating lnL: event_m5
Estimating lnL: event_m4
Estimating lnL: event_m3
Estimating lnL: event_m2
Estimating lnL: event_m1
Estimating lnL: event_1
Estimating lnL: event_2
Estimating lnL: event_3
Estimating lnL: event_4
Estimating lnL: event_5
Estimating exporter: event_m5
Estimating exporter: event_m4
Estimating exporter: event_m3
Estimating exporter: event_m2
Estimating exporter: event_m1
Estimating exporter: event_1
Estimating exporter: event_2
Estimating exporter: event_3
Estimating exporter: event_4
Estimating exporter: event_5
Estimating lnQ: event_m5
Estimating lnQ: event_m4
Estimating lnQ: event_m3
Estimating lnQ: event_m2
Estimating lnQ: event_m1
Estimating lnQ: event_1
Estimating lnQ: event_2
Estimating lnQ: event_3
Estimating lnQ: event_4
Estimating lnQ: event_5
Callaway Sant'Anna (2021)

                                                         Number of obs = 7,410

------------------------------------------------------------------------------
             | Coefficient  Std. err.      z    P>|z|     [95% conf. interval]
-------------+----------------------------------------------------------------
lnQL         |
    event_m5 |          0  (omitted)
    event_m4 |          0  (omitted)
    event_m3 |          0  (omitted)
    event_m2 |  -.1558551   .0665467    -2.34   0.019    -.2862843   -.0254259
    event_m1 |  -.1781597   .0782475    -2.28   0.023    -.3315219   -.0247975
     event_1 |   -.089334   .0591856    -1.51   0.131    -.2053356    .0266675
     event_2 |  -.0472059   .0699694    -0.67   0.500    -.1843435    .0899316
     event_3 |  -.0864565   .1203388    -0.72   0.472    -.3223162    .1494032
     event_4 |  -.0682716   .1467488    -0.47   0.642    -.3558939    .2193508
     event_5 |   -.124078   .1519961    -0.82   0.414     -.421985     .173829
-------------+----------------------------------------------------------------
lnK          |
    event_m5 |          0  (omitted)
    event_m4 |          0  (omitted)
    event_m3 |          0  (omitted)
    event_m2 |    .110534   .0638506     1.73   0.083     -.014611    .2356789
    event_m1 |   .0264442   .0532427     0.50   0.619    -.0779096    .1307979
     event_1 |   .1001322   .0949082     1.06   0.291    -.0858844    .2861487
     event_2 |   .0438854   .1039892     0.42   0.673    -.1599298    .2477005
     event_3 |   .0180812   .1415206     0.13   0.898    -.2592941    .2954564
     event_4 |  -.1183131   .1650354    -0.72   0.473    -.4417765    .2051503
     event_5 |  -.0684706   .1858906    -0.37   0.713    -.4328094    .2958682
-------------+----------------------------------------------------------------
lnL          |
    event_m5 |          0  (omitted)
    event_m4 |          0  (omitted)
    event_m3 |          0  (omitted)
    event_m2 |   .1673497   .0746327     2.24   0.025     .0210723    .3136271
    event_m1 |   .0537574   .0516151     1.04   0.298    -.0474063    .1549211
     event_1 |   .1322285   .0732889     1.80   0.071     -.011415    .2758721
     event_2 |    .119432   .0780955     1.53   0.126    -.0336324    .2724964
     event_3 |   .1603814   .1231384     1.30   0.193    -.0809655    .4017282
     event_4 |   .0951998   .1378029     0.69   0.490    -.1748889    .3652886
     event_5 |   .1792775   .1626157     1.10   0.270    -.1394434    .4979985
-------------+----------------------------------------------------------------
exporter     |
    event_m5 |          0  (omitted)
    event_m4 |          0  (omitted)
    event_m3 |          0  (omitted)
    event_m2 |   -.005811   .0422389    -0.14   0.891    -.0885978    .0769758
    event_m1 |  -.0256543   .0270219    -0.95   0.342    -.0786162    .0273076
     event_1 |    .051739   .0186488     2.77   0.006     .0151881    .0882899
     event_2 |   .0178451   .0199606     0.89   0.371     -.021277    .0569673
     event_3 |    .053214   .0261912     2.03   0.042     .0018802    .1045478
     event_4 |   .0186838   .0370727     0.50   0.614    -.0539773    .0913449
     event_5 |   .0369324   .0492677     0.75   0.453    -.0596305    .1334953
-------------+----------------------------------------------------------------
lnQ          |
    event_m5 |          0  (omitted)
    event_m4 |          0  (omitted)
    event_m3 |          0  (omitted)
    event_m2 |   .0114946   .0951916     0.12   0.904    -.1750775    .1980668
    event_m1 |  -.1244023   .0728837    -1.71   0.088    -.2672518    .0184471
     event_1 |   .0428945   .0775795     0.55   0.580    -.1091586    .1949475
     event_2 |   .0722261   .0933723     0.77   0.439    -.1107803    .2552325
     event_3 |   .0739249   .1117044     0.66   0.508    -.1450118    .2928615
     event_4 |   .0269283    .152283     0.18   0.860     -.271541    .3253976
     event_5 |   .0551995   .1813363     0.30   0.761    -.3002131    .4106122
------------------------------------------------------------------------------
  7,410

Panel variable: frame_id_numeric (unbalanced)
 Time variable: year, 1985 to 2018, but with gaps
         Delta: 1 unit
Generating weights...

                          __000001
-------------------------------------------------------------
      Percentiles      Smallest
 1%            0              0
 5%     .0041313              0
10%     .0104004              0       Obs              11,501
25%     .0330593              0       Sum of wgt.      11,501

50%     .4121466                      Mean           .7018516
                        Largest       Std. dev.       1.33743
75%            1       8.999998
90%            1       8.999998       Variance        1.78872
95%            1       8.999998       Skewness       5.263689
99%     8.999998       8.999998       Kurtosis       33.02329
Estimating lnQL: event_m5
Estimating lnQL: event_m4
Estimating lnQL: event_m3
Estimating lnQL: event_m2
Estimating lnQL: event_m1
Estimating lnQL: event_1
Estimating lnQL: event_2
Estimating lnQL: event_3
Estimating lnQL: event_4
Estimating lnQL: event_5
Estimating lnK: event_m5
Estimating lnK: event_m4
Estimating lnK: event_m3
Estimating lnK: event_m2
Estimating lnK: event_m1
Estimating lnK: event_1
Estimating lnK: event_2
Estimating lnK: event_3
Estimating lnK: event_4
Estimating lnK: event_5
Estimating lnL: event_m5
Estimating lnL: event_m4
Estimating lnL: event_m3
Estimating lnL: event_m2
Estimating lnL: event_m1
Estimating lnL: event_1
Estimating lnL: event_2
Estimating lnL: event_3
Estimating lnL: event_4
Estimating lnL: event_5
Estimating exporter: event_m5
Estimating exporter: event_m4
Estimating exporter: event_m3
Estimating exporter: event_m2
Estimating exporter: event_m1
Estimating exporter: event_1
Estimating exporter: event_2
Estimating exporter: event_3
Estimating exporter: event_4
Estimating exporter: event_5
Estimating lnQ: event_m5
Estimating lnQ: event_m4
Estimating lnQ: event_m3
Estimating lnQ: event_m2
Estimating lnQ: event_m1
Estimating lnQ: event_1
Estimating lnQ: event_2
Estimating lnQ: event_3
Estimating lnQ: event_4
Estimating lnQ: event_5
Callaway Sant'Anna (2021)

                                                         Number of obs = 7,981

------------------------------------------------------------------------------
             | Coefficient  Std. err.      z    P>|z|     [95% conf. interval]
-------------+----------------------------------------------------------------
lnQL         |
    event_m5 |          0  (omitted)
    event_m4 |          0  (omitted)
    event_m3 |          0  (omitted)
    event_m2 |          0  (omitted)
    event_m1 |          0  (omitted)
     event_1 |   .0585051   .0752892     0.78   0.437     -.089059    .2060692
     event_2 |   .2256741   .0818074     2.76   0.006     .0653346    .3860136
     event_3 |   .2485569   .1134984     2.19   0.029     .0261042    .4710096
     event_4 |   .2630609   .1383301     1.90   0.057    -.0080612     .534183
     event_5 |   .2603963   .1337224     1.95   0.051    -.0016948    .5224874
-------------+----------------------------------------------------------------
lnK          |
    event_m5 |          0  (omitted)
    event_m4 |          0  (omitted)
    event_m3 |          0  (omitted)
    event_m2 |          0  (omitted)
    event_m1 |          0  (omitted)
     event_1 |   .1202872   .0708885     1.70   0.090    -.0186517    .2592261
     event_2 |    .245569   .0854069     2.88   0.004     .0781746    .4129635
     event_3 |   .3049237   .1072668     2.84   0.004     .0946846    .5151628
     event_4 |   .4095312   .1319213     3.10   0.002     .1509703    .6680921
     event_5 |    .432919   .1405294     3.08   0.002     .1574865    .7083515
-------------+----------------------------------------------------------------
lnL          |
    event_m5 |          0  (omitted)
    event_m4 |          0  (omitted)
    event_m3 |          0  (omitted)
    event_m2 |          0  (omitted)
    event_m1 |          0  (omitted)
     event_1 |   .0635209    .052401     1.21   0.225    -.0391832     .166225
     event_2 |   .0928967   .0766958     1.21   0.226    -.0574243    .2432176
     event_3 |    .143862   .1073238     1.34   0.180    -.0664888    .3542128
     event_4 |   .2794846   .1044416     2.68   0.007     .0747827    .4841865
     event_5 |   .2876619   .1152204     2.50   0.013     .0618341    .5134897
-------------+----------------------------------------------------------------
exporter     |
    event_m5 |          0  (omitted)
    event_m4 |          0  (omitted)
    event_m3 |          0  (omitted)
    event_m2 |          0  (omitted)
    event_m1 |          0  (omitted)
     event_1 |   .0774579   .0222951     3.47   0.001     .0337604    .1211555
     event_2 |   .0945343   .0254308     3.72   0.000     .0446909    .1443778
     event_3 |   .1066998    .039598     2.69   0.007     .0290892    .1843104
     event_4 |   .1459566    .043653     3.34   0.001     .0603983    .2315149
     event_5 |   .1440075   .0494165     2.91   0.004     .0471529     .240862
-------------+----------------------------------------------------------------
lnQ          |
    event_m5 |          0  (omitted)
    event_m4 |          0  (omitted)
    event_m3 |          0  (omitted)
    event_m2 |          0  (omitted)
    event_m1 |          0  (omitted)
     event_1 |    .122026   .1030723     1.18   0.236     -.079992    .3240441
     event_2 |   .3185708   .1387001     2.30   0.022     .0467236    .5904179
     event_3 |   .3924189   .2013934     1.95   0.051    -.0023048    .7871426
     event_4 |   .5425455   .2048355     2.65   0.008     .1410753    .9440157
     event_5 |   .5480582    .208393     2.63   0.009     .1396155     .956501
------------------------------------------------------------------------------
  7,981

. 
. foreach var in foreign_hire_only has_expat {
  2.                 attgt lnQL lnK lnL exporter lnQ if efh, treatment(`var') aggregate(e) pre(5) post(5) reps(20) notyet limitcontrol(foreign == 0) ipw(lnQ l
> nK lnL lnM exporter)
  3.                 count if e(sample) == 1
  4.                 eststo mh`var', title("efh `var'")
  5. }

Panel variable: frame_id_numeric (unbalanced)
 Time variable: year, 1985 to 2018, but with gaps
         Delta: 1 unit
Generating weights...

                          __000001
-------------------------------------------------------------
      Percentiles      Smallest
 1%            0              0
 5%       .00123              0
10%     .0151408              0       Obs              11,501
25%     .1297418              0       Sum of wgt.      11,501

50%            1                      Mean           .9032867
                        Largest       Std. dev.      1.295139
75%            1       8.999998
90%            1       8.999998       Variance       1.677384
95%            1       8.999998       Skewness       5.359243
99%     8.999998       8.999998       Kurtosis       34.06332
Estimating lnQL: event_m5
Estimating lnQL: event_m4
Estimating lnQL: event_m3
Estimating lnQL: event_m2
Estimating lnQL: event_m1
Estimating lnQL: event_1
Estimating lnQL: event_2
Estimating lnQL: event_3
Estimating lnQL: event_4
Estimating lnQL: event_5
Estimating lnK: event_m5
Estimating lnK: event_m4
Estimating lnK: event_m3
Estimating lnK: event_m2
Estimating lnK: event_m1
Estimating lnK: event_1
Estimating lnK: event_2
Estimating lnK: event_3
Estimating lnK: event_4
Estimating lnK: event_5
Estimating lnL: event_m5
Estimating lnL: event_m4
Estimating lnL: event_m3
Estimating lnL: event_m2
Estimating lnL: event_m1
Estimating lnL: event_1
Estimating lnL: event_2
Estimating lnL: event_3
Estimating lnL: event_4
Estimating lnL: event_5
Estimating exporter: event_m5
Estimating exporter: event_m4
Estimating exporter: event_m3
Estimating exporter: event_m2
Estimating exporter: event_m1
Estimating exporter: event_1
Estimating exporter: event_2
Estimating exporter: event_3
Estimating exporter: event_4
Estimating exporter: event_5
Estimating lnQ: event_m5
Estimating lnQ: event_m4
Estimating lnQ: event_m3
Estimating lnQ: event_m2
Estimating lnQ: event_m1
Estimating lnQ: event_1
Estimating lnQ: event_2
Estimating lnQ: event_3
Estimating lnQ: event_4
Estimating lnQ: event_5
Callaway Sant'Anna (2021)

                                                         Number of obs = 4,924

------------------------------------------------------------------------------
             | Coefficient  Std. err.      z    P>|z|     [95% conf. interval]
-------------+----------------------------------------------------------------
lnQL         |
    event_m5 |          0  (omitted)
    event_m4 |          0  (omitted)
    event_m3 |          0  (omitted)
    event_m2 |  -.1237184   .0851463    -1.45   0.146    -.2906021    .0431652
    event_m1 |  -.1686752   .0841965    -2.00   0.045    -.3336974    -.003653
     event_1 |   -.054874   .0824266    -0.67   0.506    -.2164271     .106679
     event_2 |   .0007056   .0861541     0.01   0.993    -.1681533    .1695646
     event_3 |   .0208018   .0780629     0.27   0.790    -.1321986    .1738022
     event_4 |   .0522462   .0900742     0.58   0.562    -.1242961    .2287884
     event_5 |  -.0627567   .1386029    -0.45   0.651    -.3344133    .2088999
-------------+----------------------------------------------------------------
lnK          |
    event_m5 |          0  (omitted)
    event_m4 |          0  (omitted)
    event_m3 |          0  (omitted)
    event_m2 |   .1022399   .0899014     1.14   0.255    -.0739635    .2784433
    event_m1 |  -.0179361   .0555933    -0.32   0.747    -.1268971    .0910248
     event_1 |   .1220413   .0800076     1.53   0.127    -.0347707    .2788534
     event_2 |   .0626928   .0921206     0.68   0.496    -.1178603    .2432459
     event_3 |   .0234379   .1288872     0.18   0.856    -.2291764    .2760521
     event_4 |  -.0928547    .171593    -0.54   0.588    -.4291707    .2434614
     event_5 |   -.013178   .2175788    -0.06   0.952    -.4396246    .4132686
-------------+----------------------------------------------------------------
lnL          |
    event_m5 |          0  (omitted)
    event_m4 |          0  (omitted)
    event_m3 |          0  (omitted)
    event_m2 |   .1251727   .0742775     1.69   0.092    -.0204087     .270754
    event_m1 |   .0345619   .0500491     0.69   0.490    -.0635325    .1326563
     event_1 |   .1535471   .0720603     2.13   0.033     .0123116    .2947826
     event_2 |   .1529724   .0981151     1.56   0.119    -.0393297    .3452744
     event_3 |   .0611196   .0879879     0.69   0.487    -.1113336    .2335728
     event_4 |   .0007122   .1344376     0.01   0.996    -.2627807     .264205
     event_5 |   .1660978   .1492182     1.11   0.266    -.1263645    .4585601
-------------+----------------------------------------------------------------
exporter     |
    event_m5 |          0  (omitted)
    event_m4 |          0  (omitted)
    event_m3 |          0  (omitted)
    event_m2 |  -.0461401   .0321167    -1.44   0.151    -.1090876    .0168075
    event_m1 |  -.0332197   .0317013    -1.05   0.295    -.0953532    .0289137
     event_1 |   .0551886   .0284518     1.94   0.052    -.0005759    .1109531
     event_2 |   .0137521   .0249119     0.55   0.581    -.0350743    .0625784
     event_3 |   .0611038   .0343508     1.78   0.075    -.0062226    .1284302
     event_4 |   .0106876   .0508032     0.21   0.833    -.0888849      .11026
     event_5 |    .039762    .049668     0.80   0.423    -.0575856    .1371095
-------------+----------------------------------------------------------------
lnQ          |
    event_m5 |          0  (omitted)
    event_m4 |          0  (omitted)
    event_m3 |          0  (omitted)
    event_m2 |   .0014542   .0918855     0.02   0.987    -.1786381    .1815465
    event_m1 |  -.1341133   .1004376    -1.34   0.182    -.3309674    .0627407
     event_1 |   .0986731   .0949512     1.04   0.299    -.0874278     .284774
     event_2 |    .153678   .1044947     1.47   0.141    -.0511278    .3584839
     event_3 |   .0819215   .1034658     0.79   0.428    -.1208678    .2847108
     event_4 |   .0529583   .1407789     0.38   0.707    -.2229633    .3288799
     event_5 |   .1033411   .1651156     0.63   0.531    -.2202795    .4269617
------------------------------------------------------------------------------
  4,924

Panel variable: frame_id_numeric (unbalanced)
 Time variable: year, 1985 to 2018, but with gaps
         Delta: 1 unit
Generating weights...

                          __000001
-------------------------------------------------------------
      Percentiles      Smallest
 1%     2.66e-12              0
 5%      .012195              0
10%     .0310826              0       Obs              11,501
25%     .1342268              0       Sum of wgt.      11,501

50%            1                      Mean           .8348285
                        Largest       Std. dev.      1.047242
75%            1       8.999998
90%            1       8.999998       Variance       1.096715
95%            1       8.999998       Skewness       6.317149
99%     8.999998       8.999998       Kurtosis        50.2229
Estimating lnQL: event_m5
Estimating lnQL: event_m4
Estimating lnQL: event_m3
Estimating lnQL: event_m2
Estimating lnQL: event_m1
Estimating lnQL: event_1
Estimating lnQL: event_2
Estimating lnQL: event_3
Estimating lnQL: event_4
Estimating lnQL: event_5
Estimating lnK: event_m5
Estimating lnK: event_m4
Estimating lnK: event_m3
Estimating lnK: event_m2
Estimating lnK: event_m1
Estimating lnK: event_1
Estimating lnK: event_2
Estimating lnK: event_3
Estimating lnK: event_4
Estimating lnK: event_5
Estimating lnL: event_m5
Estimating lnL: event_m4
Estimating lnL: event_m3
Estimating lnL: event_m2
Estimating lnL: event_m1
Estimating lnL: event_1
Estimating lnL: event_2
Estimating lnL: event_3
Estimating lnL: event_4
Estimating lnL: event_5
Estimating exporter: event_m5
Estimating exporter: event_m4
Estimating exporter: event_m3
Estimating exporter: event_m2
Estimating exporter: event_m1
Estimating exporter: event_1
Estimating exporter: event_2
Estimating exporter: event_3
Estimating exporter: event_4
Estimating exporter: event_5
Estimating lnQ: event_m5
Estimating lnQ: event_m4
Estimating lnQ: event_m3
Estimating lnQ: event_m2
Estimating lnQ: event_m1
Estimating lnQ: event_1
Estimating lnQ: event_2
Estimating lnQ: event_3
Estimating lnQ: event_4
Estimating lnQ: event_5
Callaway Sant'Anna (2021)

                                                         Number of obs = 5,548

------------------------------------------------------------------------------
             | Coefficient  Std. err.      z    P>|z|     [95% conf. interval]
-------------+----------------------------------------------------------------
lnQL         |
    event_m5 |          0  (omitted)
    event_m4 |          0  (omitted)
    event_m3 |          0  (omitted)
    event_m2 |          0  (omitted)
    event_m1 |          0  (omitted)
     event_1 |   .1021812   .0536376     1.91   0.057    -.0029466     .207309
     event_2 |   .2833216   .0731978     3.87   0.000     .1398567    .4267866
     event_3 |   .2959387     .06564     4.51   0.000     .1672867    .4245907
     event_4 |   .2726445   .0638113     4.27   0.000     .1475767    .3977123
     event_5 |   .3081211   .0757649     4.07   0.000     .1596246    .4566176
-------------+----------------------------------------------------------------
lnK          |
    event_m5 |          0  (omitted)
    event_m4 |          0  (omitted)
    event_m3 |          0  (omitted)
    event_m2 |          0  (omitted)
    event_m1 |          0  (omitted)
     event_1 |   .1293732   .0523826     2.47   0.014     .0267052    .2320412
     event_2 |   .2779785    .067791     4.10   0.000     .1451107    .4108464
     event_3 |   .3385425   .0918194     3.69   0.000     .1585797    .5185052
     event_4 |    .440036   .1325158     3.32   0.001     .1803098    .6997622
     event_5 |   .4469117   .1649333     2.71   0.007     .1236485     .770175
-------------+----------------------------------------------------------------
lnL          |
    event_m5 |          0  (omitted)
    event_m4 |          0  (omitted)
    event_m3 |          0  (omitted)
    event_m2 |          0  (omitted)
    event_m1 |          0  (omitted)
     event_1 |     .07529   .0574956     1.31   0.190    -.0373993    .1879793
     event_2 |    .110197   .0806084     1.37   0.172    -.0477925    .2681865
     event_3 |   .1198587   .0751382     1.60   0.111    -.0274095    .2671268
     event_4 |   .2618553   .0889069     2.95   0.003      .087601    .4361096
     event_5 |    .243586   .1165362     2.09   0.037     .0151793    .4719927
-------------+----------------------------------------------------------------
exporter     |
    event_m5 |          0  (omitted)
    event_m4 |          0  (omitted)
    event_m3 |          0  (omitted)
    event_m2 |          0  (omitted)
    event_m1 |          0  (omitted)
     event_1 |   .0702649   .0274023     2.56   0.010     .0165574    .1239723
     event_2 |   .0841489   .0289286     2.91   0.004     .0274498     .140848
     event_3 |   .1097339   .0381024     2.88   0.004     .0350546    .1844132
     event_4 |   .1239376    .029203     4.24   0.000     .0667008    .1811745
     event_5 |   .1375093   .0337228     4.08   0.000     .0714137    .2036049
-------------+----------------------------------------------------------------
lnQ          |
    event_m5 |          0  (omitted)
    event_m4 |          0  (omitted)
    event_m3 |          0  (omitted)
    event_m2 |          0  (omitted)
    event_m1 |          0  (omitted)
     event_1 |   .1774713   .0853552     2.08   0.038     .0101782    .3447643
     event_2 |   .3935186   .1037917     3.79   0.000     .1900907    .5969466
     event_3 |   .4157974   .1161331     3.58   0.000     .1881807    .6434142
     event_4 |   .5344999   .1175438     4.55   0.000     .3041183    .7648814
     event_5 |   .5517072   .1545758     3.57   0.000     .2487442    .8546702
------------------------------------------------------------------------------
  5,548

. 
. esttab m* using "`here'/output/table_attgt_ipw.tex", mtitle b(3) se(3) replace
(file /srv/sandbox/zavecz/dropbox_encrypted/darthmouth/expat-analysis//output/table_attgt_ipw.tex not found)
(output written to /srv/sandbox/zavecz/dropbox_encrypted/darthmouth/expat-analysis//output/table_attgt_ipw.tex)

. esttab m* using "`here'/output/table_attgt_ipw.txt", mtitle b(3) se(3) replace
(file /srv/sandbox/zavecz/dropbox_encrypted/darthmouth/expat-analysis//output/table_attgt_ipw.txt not found)
(output written to /srv/sandbox/zavecz/dropbox_encrypted/darthmouth/expat-analysis//output/table_attgt_ipw.txt)

. 
. log close
      name:  <unnamed>
       log:  /srv/sandbox/zavecz/dropbox_encrypted/darthmouth/expat-analysis//output/est_attgt_ipw.log
  log type:  text
 closed on:   8 Dec 2021, 17:24:18
--------------------------------------------------------------------------------------------------------------------------------------------------------------
