--------------------------------------------------------------------------------------------------------------------------------------------------------------
      name:  <unnamed>
       log:  /srv/sandbox/zavecz/dropbox_encrypted/darthmouth/expat-analysis//output/est_attgt_loop_2002.log
  log type:  text
 opened on:  13 Jul 2021, 18:29:08

. 
. use "`here'/temp/analysis_sample.dta"

. 
. rename ever_foreign ef

. rename ever_foreign_hire efh

. rename has_expat_ceo has_expat

. 
. gen lnIK = ln(immat_18)
(5,130 missing values generated)

. gen lnIK_0 = lnIK
(5,130 missing values generated)

. replace lnIK_0 = 0 if immat_18 == 0
(857 real changes made)

. 
. replace export_18 = 0 if export_18 == .
(1,473 real changes made)

. gen Qh = sales_18 - export_18

. gen lnQh = ln(Qh)
(122 missing values generated)

. gen lnQhr = lnQ - lnQh
(122 missing values generated)

. 
. foreach depvar in TFP_cd lnIK_0 lnQh lnQhr {
  2.         foreach var in foreign_only foreign_hire_only has_expat {
  3.                 attgt `depvar' if year >= 2002, treatment(`var') aggregate(e) pre(5) post(5) reps(20) notyet limitcontrol(foreign == 0)
  4.                 count if e(sample) == 1
  5.                 eststo m`var'`depvar', title("`depvar' `var'")
  6.         }
  7.         
.         foreach var in foreign_hire_only has_expat {
  8.                 attgt `depvar' if efh & year >= 2002, treatment(`var') aggregate(e) pre(5) post(5) reps(20) notyet limitcontrol(foreign == 0)
  9.                 count if e(sample) == 1
 10.                 eststo mh`var'`depvar', title("efh `depvar' `var'")
 11.         }
 12. }
       panel variable:  frame_id_numeric (unbalanced)
        time variable:  year, 1985 to 2018, but with gaps
                delta:  1 unit
Generating weights...
Estimating TFP_cd: event_m5
Estimating TFP_cd: event_m4
Estimating TFP_cd: event_m3
Estimating TFP_cd: event_m2
Estimating TFP_cd: event_m1
Estimating TFP_cd: event_1
Estimating TFP_cd: event_2
Estimating TFP_cd: event_3
Estimating TFP_cd: event_4
Estimating TFP_cd: event_5
Callaway Sant'Anna (2021)

                                                Number of obs     =      3,050

------------------------------------------------------------------------------
             |      Coef.   Std. Err.      z    P>|z|     [95% Conf. Interval]
-------------+----------------------------------------------------------------
    event_m5 |    .043969   .0408903     1.08   0.282    -.0361745    .1241125
    event_m4 |  -.0232368   .0324432    -0.72   0.474    -.0868243    .0403507
    event_m3 |    .023682   .0269929     0.88   0.380    -.0292231    .0765871
    event_m2 |  -.0074515   .0282753    -0.26   0.792    -.0628701     .047967
    event_m1 |  -.0056706   .0236964    -0.24   0.811    -.0521148    .0407735
     event_1 |   .0191641   .0293417     0.65   0.514    -.0383446    .0766727
     event_2 |   .0201421   .0436192     0.46   0.644      -.06535    .1056342
     event_3 |  -.0430323   .0519298    -0.83   0.407    -.1448129    .0587483
     event_4 |  -.1086504    .112833    -0.96   0.336     -.329799    .1124983
     event_5 |  -.1937621   .1142013    -1.70   0.090    -.4175926    .0300684
------------------------------------------------------------------------------
  3,050
       panel variable:  frame_id_numeric (unbalanced)
        time variable:  year, 1985 to 2018, but with gaps
                delta:  1 unit
Generating weights...
Estimating TFP_cd: event_m5
Estimating TFP_cd: event_m4
Estimating TFP_cd: event_m3
Estimating TFP_cd: event_m2
Estimating TFP_cd: event_m1
Estimating TFP_cd: event_1
Estimating TFP_cd: event_2
Estimating TFP_cd: event_3
Estimating TFP_cd: event_4
Estimating TFP_cd: event_5
Callaway Sant'Anna (2021)

                                                Number of obs     =      2,979

------------------------------------------------------------------------------
             |      Coef.   Std. Err.      z    P>|z|     [95% Conf. Interval]
-------------+----------------------------------------------------------------
    event_m5 |   .0059474   .0353289     0.17   0.866    -.0632961    .0751908
    event_m4 |    .014364   .0371919     0.39   0.699    -.0585308    .0872588
    event_m3 |   .0139726   .0293151     0.48   0.634     -.043484    .0714292
    event_m2 |  -.0484843   .0513177    -0.94   0.345    -.1490652    .0520966
    event_m1 |  -.0414395   .0278545    -1.49   0.137    -.0960333    .0131543
     event_1 |   .0301019   .0539794     0.56   0.577    -.0756959    .1358996
     event_2 |   .0311228   .0444372     0.70   0.484    -.0559725    .1182181
     event_3 |    .061571   .0657278     0.94   0.349    -.0672531    .1903952
     event_4 |  -.0144597   .0598206    -0.24   0.809     -.131706    .1027866
     event_5 |  -.0707247   .0673492    -1.05   0.294    -.2027268    .0612773
------------------------------------------------------------------------------
  2,979
       panel variable:  frame_id_numeric (unbalanced)
        time variable:  year, 1985 to 2018, but with gaps
                delta:  1 unit
Generating weights...
Estimating TFP_cd: event_m5
Estimating TFP_cd: event_m4
Estimating TFP_cd: event_m3
Estimating TFP_cd: event_m2
Estimating TFP_cd: event_m1
Estimating TFP_cd: event_1
Estimating TFP_cd: event_2
Estimating TFP_cd: event_3
Estimating TFP_cd: event_4
Estimating TFP_cd: event_5
Callaway Sant'Anna (2021)

                                                Number of obs     =      3,083

------------------------------------------------------------------------------
             |      Coef.   Std. Err.      z    P>|z|     [95% Conf. Interval]
-------------+----------------------------------------------------------------
    event_m5 |   .0300049   .0583064     0.51   0.607    -.0842736    .1442835
    event_m4 |   .0584502    .046608     1.25   0.210    -.0328999    .1498002
    event_m3 |    .058699   .0417904     1.40   0.160    -.0232087    .1406067
    event_m2 |   .0399386   .0504683     0.79   0.429    -.0589774    .1388546
    event_m1 |   .0038545    .027263     0.14   0.888      -.04958     .057289
     event_1 |   .0535776   .0316667     1.69   0.091     -.008488    .1156432
     event_2 |   .0710862   .0463306     1.53   0.125    -.0197201    .1618926
     event_3 |   .0487947   .0445817     1.09   0.274    -.0385839    .1361733
     event_4 |   .1282121   .0514153     2.49   0.013       .02744    .2289841
     event_5 |   .1251159   .0728217     1.72   0.086    -.0176119    .2678438
------------------------------------------------------------------------------
  3,083
       panel variable:  frame_id_numeric (unbalanced)
        time variable:  year, 1985 to 2018, but with gaps
                delta:  1 unit
Generating weights...
Estimating TFP_cd: event_m5
Estimating TFP_cd: event_m4
Estimating TFP_cd: event_m3
Estimating TFP_cd: event_m2
Estimating TFP_cd: event_m1
Estimating TFP_cd: event_1
Estimating TFP_cd: event_2
Estimating TFP_cd: event_3
Estimating TFP_cd: event_4
Estimating TFP_cd: event_5
Callaway Sant'Anna (2021)

                                                Number of obs     =      1,937

------------------------------------------------------------------------------
             |      Coef.   Std. Err.      z    P>|z|     [95% Conf. Interval]
-------------+----------------------------------------------------------------
    event_m5 |  -.0002425   .0473458    -0.01   0.996    -.0930387    .0925537
    event_m4 |   .0000615    .046212     0.00   0.999    -.0905123    .0906353
    event_m3 |   .0082877   .0425022     0.19   0.845    -.0750151    .0915906
    event_m2 |  -.0559576   .0591665    -0.95   0.344    -.1719218    .0600066
    event_m1 |   -.047298    .042101    -1.12   0.261    -.1298144    .0352185
     event_1 |   .0359563    .049816     0.72   0.470    -.0616813     .133594
     event_2 |   .0426209   .0469079     0.91   0.364    -.0493169    .1345587
     event_3 |   .0801934    .058387     1.37   0.170     -.034243    .1946298
     event_4 |   .0104103   .0768911     0.14   0.892    -.1402935    .1611141
     event_5 |  -.0432495   .0924893    -0.47   0.640    -.2245252    .1380261
------------------------------------------------------------------------------
  1,937
       panel variable:  frame_id_numeric (unbalanced)
        time variable:  year, 1985 to 2018, but with gaps
                delta:  1 unit
Generating weights...
Estimating TFP_cd: event_m5
Estimating TFP_cd: event_m4
Estimating TFP_cd: event_m3
Estimating TFP_cd: event_m2
Estimating TFP_cd: event_m1
Estimating TFP_cd: event_1
Estimating TFP_cd: event_2
Estimating TFP_cd: event_3
Estimating TFP_cd: event_4
Estimating TFP_cd: event_5
Callaway Sant'Anna (2021)

                                                Number of obs     =      2,041

------------------------------------------------------------------------------
             |      Coef.   Std. Err.      z    P>|z|     [95% Conf. Interval]
-------------+----------------------------------------------------------------
    event_m5 |   .0057979   .0671284     0.09   0.931    -.1257714    .1373671
    event_m4 |   .0425005   .0455035     0.93   0.350    -.0466848    .1316858
    event_m3 |    .038527   .0499725     0.77   0.441    -.0594174    .1364713
    event_m2 |     .03222   .0423094     0.76   0.446    -.0507048    .1151449
    event_m1 |   -.000339   .0315372    -0.01   0.991    -.0621507    .0614727
     event_1 |   .0568646   .0478218     1.19   0.234    -.0368645    .1505937
     event_2 |   .0702367   .0730723     0.96   0.336    -.0729824    .2134558
     event_3 |   .0629397   .0744031     0.85   0.398    -.0828876     .208767
     event_4 |   .1470842   .1043628     1.41   0.159     -.057463    .3516315
     event_5 |   .1600448   .0839828     1.91   0.057    -.0045586    .3246481
------------------------------------------------------------------------------
  2,041
       panel variable:  frame_id_numeric (unbalanced)
        time variable:  year, 1985 to 2018, but with gaps
                delta:  1 unit
Generating weights...
Estimating lnIK_0: event_m5
Estimating lnIK_0: event_m4
Estimating lnIK_0: event_m3
Estimating lnIK_0: event_m2
Estimating lnIK_0: event_m1
Estimating lnIK_0: event_1
Estimating lnIK_0: event_2
Estimating lnIK_0: event_3
Estimating lnIK_0: event_4
Estimating lnIK_0: event_5
Callaway Sant'Anna (2021)

                                                Number of obs     =      2,676

------------------------------------------------------------------------------
             |      Coef.   Std. Err.      z    P>|z|     [95% Conf. Interval]
-------------+----------------------------------------------------------------
    event_m5 |  -.4202516   .5989157    -0.70   0.483    -1.594105    .7536016
    event_m4 |  -.7388386   .4611726    -1.60   0.109     -1.64272    .1650432
    event_m3 |  -.3002397   .3245176    -0.93   0.355    -.9362826    .3358031
    event_m2 |  -.0089499   .2507378    -0.04   0.972     -.500387    .4824873
    event_m1 |      .0515   .1888138     0.27   0.785    -.3185683    .4215683
     event_1 |    .734123    .202518     3.62   0.000      .337195    1.131051
     event_2 |   .4149883   .3385856     1.23   0.220    -.2486273    1.078604
     event_3 |  -.0144634   .4665394    -0.03   0.975    -.9288638     .899937
     event_4 |  -.1209914   .6323746    -0.19   0.848    -1.360423     1.11844
     event_5 |  -.6811044   .8055108    -0.85   0.398    -2.259877    .8976678
------------------------------------------------------------------------------
  2,676
       panel variable:  frame_id_numeric (unbalanced)
        time variable:  year, 1985 to 2018, but with gaps
                delta:  1 unit
Generating weights...
Estimating lnIK_0: event_m5
Estimating lnIK_0: event_m4
Estimating lnIK_0: event_m3
Estimating lnIK_0: event_m2
Estimating lnIK_0: event_m1
Estimating lnIK_0: event_1
Estimating lnIK_0: event_2
Estimating lnIK_0: event_3
Estimating lnIK_0: event_4
Estimating lnIK_0: event_5
Callaway Sant'Anna (2021)

                                                Number of obs     =      2,617

------------------------------------------------------------------------------
             |      Coef.   Std. Err.      z    P>|z|     [95% Conf. Interval]
-------------+----------------------------------------------------------------
    event_m5 |   .6773145   .7867518     0.86   0.389    -.8646908     2.21932
    event_m4 |   .2754091    .463418     0.59   0.552    -.6328735    1.183692
    event_m3 |  -.1058493   .3501046    -0.30   0.762    -.7920417    .5803431
    event_m2 |  -.0774103   .2665773    -0.29   0.772    -.5998922    .4450715
    event_m1 |   .2540675     .23419     1.08   0.278    -.2049365    .7130715
     event_1 |   .4103617   .3035446     1.35   0.176    -.1845747    1.005298
     event_2 |   .4322172   .4637329     0.93   0.351    -.4766825    1.341117
     event_3 |  -.5904836   .4402471    -1.34   0.180    -1.453352    .2723848
     event_4 |  -.9087837   .4275873    -2.13   0.034    -1.746839   -.0707279
     event_5 |  -.3787335   .5168651    -0.73   0.464    -1.391771    .6343036
------------------------------------------------------------------------------
  2,617
       panel variable:  frame_id_numeric (unbalanced)
        time variable:  year, 1985 to 2018, but with gaps
                delta:  1 unit
Generating weights...
Estimating lnIK_0: event_m5
Estimating lnIK_0: event_m4
Estimating lnIK_0: event_m3
Estimating lnIK_0: event_m2
Estimating lnIK_0: event_m1
Estimating lnIK_0: event_1
Estimating lnIK_0: event_2
Estimating lnIK_0: event_3
Estimating lnIK_0: event_4
Estimating lnIK_0: event_5
Callaway Sant'Anna (2021)

                                                Number of obs     =      2,707

------------------------------------------------------------------------------
             |      Coef.   Std. Err.      z    P>|z|     [95% Conf. Interval]
-------------+----------------------------------------------------------------
    event_m5 |   .4551489   .4447066     1.02   0.306      -.41646    1.326758
    event_m4 |   1.154085   .4248525     2.72   0.007     .3213891     1.98678
    event_m3 |   .1207478   .3595279     0.34   0.737    -.5839139    .8254095
    event_m2 |  -.2344535   .3623552    -0.65   0.518    -.9446566    .4757495
    event_m1 |   .0232169   .1800557     0.13   0.897    -.3296858    .3761196
     event_1 |   .8889527   .1623828     5.47   0.000     .5706881    1.207217
     event_2 |   .9555475     .28027     3.41   0.001     .4062284    1.504867
     event_3 |   .5188431   .3957744     1.31   0.190    -.2568605    1.294547
     event_4 |   .7658249   .5122706     1.49   0.135    -.2382071    1.769857
     event_5 |   .0632406   .6081186     0.10   0.917     -1.12865    1.255131
------------------------------------------------------------------------------
  2,707
       panel variable:  frame_id_numeric (unbalanced)
        time variable:  year, 1985 to 2018, but with gaps
                delta:  1 unit
Generating weights...
Estimating lnIK_0: event_m5
Estimating lnIK_0: event_m4
Estimating lnIK_0: event_m3
Estimating lnIK_0: event_m2
Estimating lnIK_0: event_m1
Estimating lnIK_0: event_1
Estimating lnIK_0: event_2
Estimating lnIK_0: event_3
Estimating lnIK_0: event_4
Estimating lnIK_0: event_5
Callaway Sant'Anna (2021)

                                                Number of obs     =      1,714

------------------------------------------------------------------------------
             |      Coef.   Std. Err.      z    P>|z|     [95% Conf. Interval]
-------------+----------------------------------------------------------------
    event_m5 |    .693404   .5869431     1.18   0.237    -.4569833    1.843791
    event_m4 |   .1854576   .4658465     0.40   0.691    -.7275847      1.0985
    event_m3 |  -.1870211   .4178981    -0.45   0.654    -1.006086    .6320441
    event_m2 |  -.1077287   .2870982    -0.38   0.707    -.6704308    .4549735
    event_m1 |   .2779489   .1879967     1.48   0.139    -.0905178    .6464156
     event_1 |    .408154   .4036248     1.01   0.312    -.3829362    1.199244
     event_2 |   .5041239   .4844777     1.04   0.298    -.4454349    1.453683
     event_3 |  -.4470612    .587858    -0.76   0.447    -1.599242    .7051192
     event_4 |  -.7492163   .7478145    -1.00   0.316    -2.214906    .7164732
     event_5 |  -.2962356   .7776771    -0.38   0.703    -1.820455    1.227983
------------------------------------------------------------------------------
  1,714
       panel variable:  frame_id_numeric (unbalanced)
        time variable:  year, 1985 to 2018, but with gaps
                delta:  1 unit
Generating weights...
Estimating lnIK_0: event_m5
Estimating lnIK_0: event_m4
Estimating lnIK_0: event_m3
Estimating lnIK_0: event_m2
Estimating lnIK_0: event_m1
Estimating lnIK_0: event_1
Estimating lnIK_0: event_2
Estimating lnIK_0: event_3
Estimating lnIK_0: event_4
Estimating lnIK_0: event_5
Callaway Sant'Anna (2021)

                                                Number of obs     =      1,804

------------------------------------------------------------------------------
             |      Coef.   Std. Err.      z    P>|z|     [95% Conf. Interval]
-------------+----------------------------------------------------------------
    event_m5 |   .5556698    .621565     0.89   0.371    -.6625752    1.773915
    event_m4 |   1.213357    .475613     2.55   0.011     .2811722    2.145541
    event_m3 |    .063462   .5680659     0.11   0.911    -1.049927    1.176851
    event_m2 |  -.1853524   .4610498    -0.40   0.688    -1.088993    .7182885
    event_m1 |     .05153   .2754711     0.19   0.852    -.4883835    .5914434
     event_1 |   .8964801   .3109541     2.88   0.004     .2870212    1.505939
     event_2 |   .9360186   .3120463     3.00   0.003      .324419    1.547618
     event_3 |   .6056144   .3685215     1.64   0.100    -.1166745    1.327903
     event_4 |   .7258505   .6058103     1.20   0.231    -.4615157    1.913217
     event_5 |  -.1747613   .6175323    -0.28   0.777    -1.385102     1.03558
------------------------------------------------------------------------------
  1,804
       panel variable:  frame_id_numeric (unbalanced)
        time variable:  year, 1985 to 2018, but with gaps
                delta:  1 unit
Generating weights...
Estimating lnQh: event_m5
Estimating lnQh: event_m4
Estimating lnQh: event_m3
Estimating lnQh: event_m2
Estimating lnQh: event_m1
Estimating lnQh: event_1
Estimating lnQh: event_2
Estimating lnQh: event_3
Estimating lnQh: event_4
Estimating lnQh: event_5
Callaway Sant'Anna (2021)

                                                Number of obs     =      3,036

------------------------------------------------------------------------------
             |      Coef.   Std. Err.      z    P>|z|     [95% Conf. Interval]
-------------+----------------------------------------------------------------
    event_m5 |   .0090844   .1900258     0.05   0.962    -.3633592    .3815281
    event_m4 |  -.0848325   .1443764    -0.59   0.557    -.3678051      .19814
    event_m3 |   .0631108   .1375087     0.46   0.646    -.2064012    .3326228
    event_m2 |   .0650173   .0963203     0.68   0.500    -.1237671    .2538016
    event_m1 |   .1037413   .1299308     0.80   0.425    -.1509185     .358401
     event_1 |   .3943492    .202078     1.95   0.051    -.0017165    .7904149
     event_2 |   .2173732   .1507847     1.44   0.149    -.0781594    .5129057
     event_3 |   .0204482   .1576961     0.13   0.897    -.2886305    .3295268
     event_4 |   -.008287   .2087405    -0.04   0.968    -.4174108    .4008369
     event_5 |   .0382113   .2724367     0.14   0.888    -.4957549    .5721774
------------------------------------------------------------------------------
  3,036
       panel variable:  frame_id_numeric (unbalanced)
        time variable:  year, 1985 to 2018, but with gaps
                delta:  1 unit
Generating weights...
Estimating lnQh: event_m5
Estimating lnQh: event_m4
Estimating lnQh: event_m3
Estimating lnQh: event_m2
Estimating lnQh: event_m1
Estimating lnQh: event_1
Estimating lnQh: event_2
Estimating lnQh: event_3
Estimating lnQh: event_4
Estimating lnQh: event_5
Callaway Sant'Anna (2021)

                                                Number of obs     =      2,963

------------------------------------------------------------------------------
             |      Coef.   Std. Err.      z    P>|z|     [95% Conf. Interval]
-------------+----------------------------------------------------------------
    event_m5 |   -.183965   .2505946    -0.73   0.463    -.6751214    .3071914
    event_m4 |  -.2614774   .1798595    -1.45   0.146    -.6139956    .0910408
    event_m3 |  -.0913798   .1717505    -0.53   0.595    -.4280046     .245245
    event_m2 |   -.080235   .1317849    -0.61   0.543    -.3385286    .1780585
    event_m1 |  -.0883542   .0862195    -1.02   0.305    -.2573412    .0806329
     event_1 |   .2435812   .1256468     1.94   0.053     -.002682    .4898444
     event_2 |   .3484819   .1847331     1.89   0.059    -.0135884    .7105521
     event_3 |   .1398902   .2693164     0.52   0.603    -.3879602    .6677406
     event_4 |   .0975478   .3241433     0.30   0.763    -.5377613     .732857
     event_5 |  -.1817666   .3833366    -0.47   0.635    -.9330925    .5695593
------------------------------------------------------------------------------
  2,963
       panel variable:  frame_id_numeric (unbalanced)
        time variable:  year, 1985 to 2018, but with gaps
                delta:  1 unit
Generating weights...
Estimating lnQh: event_m5
Estimating lnQh: event_m4
Estimating lnQh: event_m3
Estimating lnQh: event_m2
Estimating lnQh: event_m1
Estimating lnQh: event_1
Estimating lnQh: event_2
Estimating lnQh: event_3
Estimating lnQh: event_4
Estimating lnQh: event_5
Callaway Sant'Anna (2021)

                                                Number of obs     =      3,062

------------------------------------------------------------------------------
             |      Coef.   Std. Err.      z    P>|z|     [95% Conf. Interval]
-------------+----------------------------------------------------------------
    event_m5 |   .2791739   .2665428     1.05   0.295    -.2432405    .8015882
    event_m4 |   .2767304   .1922366     1.44   0.150    -.1000464    .6535073
    event_m3 |   .3495996   .1588524     2.20   0.028     .0382547    .6609446
    event_m2 |   .1929358   .1399761     1.38   0.168    -.0814123    .4672839
    event_m1 |   .2824384   .1352858     2.09   0.037     .0172831    .5475936
     event_1 |   .3611752   .1596521     2.26   0.024     .0482629    .6740875
     event_2 |   .3795979   .1563974     2.43   0.015     .0730646    .6861312
     event_3 |  -.0035385   .2194402    -0.02   0.987    -.4336334    .4265563
     event_4 |   .0724926   .3454398     0.21   0.834    -.6045569    .7495421
     event_5 |   .0603253   .5287802     0.11   0.909    -.9760649    1.096715
------------------------------------------------------------------------------
  3,062
       panel variable:  frame_id_numeric (unbalanced)
        time variable:  year, 1985 to 2018, but with gaps
                delta:  1 unit
Generating weights...
Estimating lnQh: event_m5
Estimating lnQh: event_m4
Estimating lnQh: event_m3
Estimating lnQh: event_m2
Estimating lnQh: event_m1
Estimating lnQh: event_1
Estimating lnQh: event_2
Estimating lnQh: event_3
Estimating lnQh: event_4
Estimating lnQh: event_5
Callaway Sant'Anna (2021)

                                                Number of obs     =      1,920

------------------------------------------------------------------------------
             |      Coef.   Std. Err.      z    P>|z|     [95% Conf. Interval]
-------------+----------------------------------------------------------------
    event_m5 |  -.2713302    .268652    -1.01   0.313    -.7978785    .2552181
    event_m4 |  -.3274825   .1613193    -2.03   0.042    -.6436625   -.0113025
    event_m3 |  -.1277115   .1118425    -1.14   0.254    -.3469188    .0914957
    event_m2 |  -.1118719   .1008084    -1.11   0.267    -.3094527    .0857088
    event_m1 |  -.1079701   .0711979    -1.52   0.129    -.2475154    .0315751
     event_1 |   .2602786   .1605218     1.62   0.105    -.0543383    .5748954
     event_2 |   .3554676    .185739     1.91   0.056    -.0085742    .7195093
     event_3 |    .162722   .2064364     0.79   0.431    -.2418859    .5673298
     event_4 |   .1419699   .2443414     0.58   0.561    -.3369304    .6208702
     event_5 |  -.1649757    .351381    -0.47   0.639    -.8536698    .5237184
------------------------------------------------------------------------------
  1,920
       panel variable:  frame_id_numeric (unbalanced)
        time variable:  year, 1985 to 2018, but with gaps
                delta:  1 unit
Generating weights...
Estimating lnQh: event_m5
Estimating lnQh: event_m4
Estimating lnQh: event_m3
Estimating lnQh: event_m2
Estimating lnQh: event_m1
Estimating lnQh: event_1
Estimating lnQh: event_2
Estimating lnQh: event_3
Estimating lnQh: event_4
Estimating lnQh: event_5
Callaway Sant'Anna (2021)

                                                Number of obs     =      2,019

------------------------------------------------------------------------------
             |      Coef.   Std. Err.      z    P>|z|     [95% Conf. Interval]
-------------+----------------------------------------------------------------
    event_m5 |   .3063012   .2803823     1.09   0.275     -.243238    .8558404
    event_m4 |   .3060982   .2314836     1.32   0.186    -.1476014    .7597977
    event_m3 |    .363478   .2285504     1.59   0.112    -.0844725    .8114286
    event_m2 |   .2109567   .1857257     1.14   0.256    -.1530589    .5749724
    event_m1 |   .3174417   .1253887     2.53   0.011     .0716843    .5631992
     event_1 |   .3292106   .1406609     2.34   0.019     .0535203    .6049008
     event_2 |   .3558479   .1551187     2.29   0.022     .0518208     .659875
     event_3 |  -.0230775   .2828787    -0.08   0.935    -.5775096    .5313545
     event_4 |   .0294566   .3537249     0.08   0.934    -.6638314    .7227446
     event_5 |    .014666   .4310728     0.03   0.973    -.8302211    .8595531
------------------------------------------------------------------------------
  2,019
       panel variable:  frame_id_numeric (unbalanced)
        time variable:  year, 1985 to 2018, but with gaps
                delta:  1 unit
Generating weights...
Estimating lnQhr: event_m5
Estimating lnQhr: event_m4
Estimating lnQhr: event_m3
Estimating lnQhr: event_m2
Estimating lnQhr: event_m1
Estimating lnQhr: event_1
Estimating lnQhr: event_2
Estimating lnQhr: event_3
Estimating lnQhr: event_4
Estimating lnQhr: event_5
Callaway Sant'Anna (2021)

                                                Number of obs     =      3,036

------------------------------------------------------------------------------
             |      Coef.   Std. Err.      z    P>|z|     [95% Conf. Interval]
-------------+----------------------------------------------------------------
    event_m5 |   .0338327   .0616451     0.55   0.583    -.0869895    .1546548
    event_m4 |   .0908027   .0314886     2.88   0.004     .0290861    .1525193
    event_m3 |   .0153572   .0342373     0.45   0.654    -.0517467    .0824611
    event_m2 |  -.0016312   .0536393    -0.03   0.976    -.1067623    .1034999
    event_m1 |   .0146417   .0145666     1.01   0.315    -.0139083    .0431916
     event_1 |   .0039681   .0481578     0.08   0.934    -.0904195    .0983556
     event_2 |  -.0010976   .0719662    -0.02   0.988    -.1421488    .1399535
     event_3 |   .0084075   .0882557     0.10   0.924    -.1645706    .1813856
     event_4 |  -.0279195   .1393466    -0.20   0.841    -.3010337    .2451948
     event_5 |   -.146315   .1983356    -0.74   0.461    -.5350455    .2424156
------------------------------------------------------------------------------
  3,036
       panel variable:  frame_id_numeric (unbalanced)
        time variable:  year, 1985 to 2018, but with gaps
                delta:  1 unit
Generating weights...
Estimating lnQhr: event_m5
Estimating lnQhr: event_m4
Estimating lnQhr: event_m3
Estimating lnQhr: event_m2
Estimating lnQhr: event_m1
Estimating lnQhr: event_1
Estimating lnQhr: event_2
Estimating lnQhr: event_3
Estimating lnQhr: event_4
Estimating lnQhr: event_5
Callaway Sant'Anna (2021)

                                                Number of obs     =      2,963

------------------------------------------------------------------------------
             |      Coef.   Std. Err.      z    P>|z|     [95% Conf. Interval]
-------------+----------------------------------------------------------------
    event_m5 |   .1744541   .1383868     1.26   0.207     -.096779    .4456871
    event_m4 |   .1679327   .0809004     2.08   0.038     .0093709    .3264945
    event_m3 |   .0477178   .0477318     1.00   0.317    -.0458349    .1412705
    event_m2 |   .0532371   .0465364     1.14   0.253    -.0379727    .1444468
    event_m1 |   .0320971    .031309     1.03   0.305    -.0292674    .0934616
     event_1 |   .0215657   .0498228     0.43   0.665    -.0760852    .1192166
     event_2 |  -.0173669   .0454501    -0.38   0.702    -.1064475    .0717138
     event_3 |   .0147674   .0845275     0.17   0.861    -.1509035    .1804383
     event_4 |   .0022432   .1262629     0.02   0.986    -.2452276     .249714
     event_5 |  -.0657557   .1681864    -0.39   0.696     -.395395    .2638836
------------------------------------------------------------------------------
  2,963
       panel variable:  frame_id_numeric (unbalanced)
        time variable:  year, 1985 to 2018, but with gaps
                delta:  1 unit
Generating weights...
Estimating lnQhr: event_m5
Estimating lnQhr: event_m4
Estimating lnQhr: event_m3
Estimating lnQhr: event_m2
Estimating lnQhr: event_m1
Estimating lnQhr: event_1
Estimating lnQhr: event_2
Estimating lnQhr: event_3
Estimating lnQhr: event_4
Estimating lnQhr: event_5
Callaway Sant'Anna (2021)

                                                Number of obs     =      3,062

------------------------------------------------------------------------------
             |      Coef.   Std. Err.      z    P>|z|     [95% Conf. Interval]
-------------+----------------------------------------------------------------
    event_m5 |  -.2519574   .2262525    -1.11   0.265     -.695404    .1914893
    event_m4 |  -.1108878   .2042098    -0.54   0.587    -.5111317     .289356
    event_m3 |  -.2088891   .1314766    -1.59   0.112    -.4665786    .0488004
    event_m2 |  -.0616489   .1314635    -0.47   0.639    -.3193126    .1960149
    event_m1 |  -.1309571    .153535    -0.85   0.394    -.4318802     .169966
     event_1 |   .2067202   .1369145     1.51   0.131    -.0616272    .4750677
     event_2 |   .2724413    .109547     2.49   0.013     .0577331    .4871494
     event_3 |   .4547149   .2204277     2.06   0.039     .0226846    .8867452
     event_4 |   .3909596   .1703748     2.29   0.022     .0570311    .7248881
     event_5 |   .6586413   .2353412     2.80   0.005      .197381    1.119902
------------------------------------------------------------------------------
  3,062
       panel variable:  frame_id_numeric (unbalanced)
        time variable:  year, 1985 to 2018, but with gaps
                delta:  1 unit
Generating weights...
Estimating lnQhr: event_m5
Estimating lnQhr: event_m4
Estimating lnQhr: event_m3
Estimating lnQhr: event_m2
Estimating lnQhr: event_m1
Estimating lnQhr: event_1
Estimating lnQhr: event_2
Estimating lnQhr: event_3
Estimating lnQhr: event_4
Estimating lnQhr: event_5
Callaway Sant'Anna (2021)

                                                Number of obs     =      1,920

------------------------------------------------------------------------------
             |      Coef.   Std. Err.      z    P>|z|     [95% Conf. Interval]
-------------+----------------------------------------------------------------
    event_m5 |   .2218432    .166474     1.33   0.183    -.1044399    .5481263
    event_m4 |   .2227088   .1230462     1.81   0.070    -.0184572    .4638748
    event_m3 |   .0888375   .0755243     1.18   0.239    -.0591875    .2368625
    event_m2 |   .0721794   .0662576     1.09   0.276    -.0576832     .202042
    event_m1 |   .0434211   .0551629     0.79   0.431    -.0646963    .1515385
     event_1 |   .0199148   .0524769     0.38   0.704     -.082938    .1227676
     event_2 |  -.0113268   .0675178    -0.17   0.867    -.1436592    .1210057
     event_3 |   .0180313   .0989213     0.18   0.855    -.1758509    .2119135
     event_4 |  -.0125171   .1507463    -0.08   0.934    -.3079744    .2829402
     event_5 |    -.08257    .203147    -0.41   0.684    -.4807308    .3155908
------------------------------------------------------------------------------
  1,920
       panel variable:  frame_id_numeric (unbalanced)
        time variable:  year, 1985 to 2018, but with gaps
                delta:  1 unit
Generating weights...
Estimating lnQhr: event_m5
Estimating lnQhr: event_m4
Estimating lnQhr: event_m3
Estimating lnQhr: event_m2
Estimating lnQhr: event_m1
Estimating lnQhr: event_1
Estimating lnQhr: event_2
Estimating lnQhr: event_3
Estimating lnQhr: event_4
Estimating lnQhr: event_5
Callaway Sant'Anna (2021)

                                                Number of obs     =      2,019

------------------------------------------------------------------------------
             |      Coef.   Std. Err.      z    P>|z|     [95% Conf. Interval]
-------------+----------------------------------------------------------------
    event_m5 |  -.2514246   .3018436    -0.83   0.405    -.8430272    .3401781
    event_m4 |  -.0996303   .2614462    -0.38   0.703    -.6120554    .4127948
    event_m3 |  -.1995308   .2110104    -0.95   0.344    -.6131035    .2140419
    event_m2 |  -.0711273   .1488128    -0.48   0.633    -.3627952    .2205405
    event_m1 |  -.1511203    .145418    -1.04   0.299    -.4361344    .1338938
     event_1 |    .227467   .1358042     1.67   0.094    -.0387045    .4936384
     event_2 |   .2797164   .1361598     2.05   0.040     .0128481    .5465847
     event_3 |   .4532552    .214662     2.11   0.035     .0325254    .8739849
     event_4 |   .3954284   .1999192     1.98   0.048     .0035939    .7872628
     event_5 |   .6596303   .2995099     2.20   0.028     .0726017    1.246659
------------------------------------------------------------------------------
  2,019

. 
. esttab m* using "`here'/output/table_attgt_loop_2002.tex", mtitle b(3) se(3) replace
(output written to /srv/sandbox/zavecz/dropbox_encrypted/darthmouth/expat-analysis//output/table_attgt_loop_2002.tex)

. esttab m* using "`here'/output/table_attgt_loop_2002.txt", mtitle b(3) se(3) replace
(output written to /srv/sandbox/zavecz/dropbox_encrypted/darthmouth/expat-analysis//output/table_attgt_loop_2002.txt)

. 
. log close
      name:  <unnamed>
       log:  /srv/sandbox/zavecz/dropbox_encrypted/darthmouth/expat-analysis//output/est_attgt_loop_2002.log
  log type:  text
 closed on:  13 Jul 2021, 18:31:35
--------------------------------------------------------------------------------------------------------------------------------------------------------------
