--------------------------------------------------------------------------------------------------------------------------------------------------------------
      name:  <unnamed>
       log:  /srv/sandbox/zavecz/dropbox_encrypted/darthmouth/expat-analysis//output/est_csdid_att_ipw.log
  log type:  text
 opened on:  26 Jul 2021, 22:54:00

. 
. use "`here'/temp/analysis_sample.dta"

. 
. rename ever_foreign ef

. rename ever_foreign_hire efh

. rename has_expat_ceo has_expat

. 
. gen lnIK = ln(immat_18)
(5,130 missing values generated)

. gen lnIK_0 = lnIK
(5,130 missing values generated)

. replace lnIK_0 = 0 if immat_18 == 0
(857 real changes made)

. 
. replace export_18 = 0 if export_18 == .
(1,473 real changes made)

. gen Qh = sales_18 - export_18

. gen lnQh = ln(Qh)
(122 missing values generated)

. gen lnQhr = lnQ - lnQh
(122 missing values generated)

. 
. bys frame_id_numeric: egen first_year_foreign_new = min(cond(foreign == 1, year,.))

. bys frame_id_numeric: egen fy_foreign_o = min(cond(foreign_only == 1, year,.))
(7,446 missing values generated)

. bys frame_id_numeric: egen fy_foreign_ho = min(cond(foreign_hire_only == 1, year,.))
(8,458 missing values generated)

. bys frame_id_numeric: egen fy_expat = min(cond(has_expat == 1, year,.))
(7,098 missing values generated)

. count if first_year_foreign_new != first_year_foreign_new
  0

. 
. mvencode fy_*, mv(0)
fy_foreign_o: 7446 missing values recoded
fy_foreig~ho: 8458 missing values recoded
    fy_expat: 7098 missing values recoded

. 
. foreach depvar in lnQL lnK lnL exporter lnQ TFP_cd lnIK_0 lnQh lnQhr {
  2.         foreach var in fy_foreign_o fy_foreign_ho fy_expat {
  3.                 csdid `depvar', ivar(frame_id_numeric) time(year) gvar(`var') agg(simple) method(ipw) notyet
  4.                 eststo m`var'`depvar', title("`depvar' `var'")
  5.         }
  6.         
.         foreach var in fy_foreign_o fy_foreign_ho fy_expat {
  7.                 csdid `depvar', ivar(frame_id_numeric) time(year) gvar(`var') agg(simple) method(ipw) notyet
  8.                 eststo mh`var'`depvar', title("efh `depvar' `var'")
  9.         }
 10. }
Panel is not balanced
Will use observations with Pair balanced (observed at t0 and t1)
..................................................
..................................................
..................................................
..................................................
..................................................
..................................................
..................................................
..................................................
..................................................
..................................................
..................................................
..................................................
..................................................
..................................................
..................................................
..................................................
..................................................
..................................................
..................................................
.......
Difference-in-difference with Multiple Time Periods
Outcome model  : 
Treatment model: 
------------------------------------------------------------------------------
             |      Coef.   Std. Err.      z    P>|z|     [95% Conf. Interval]
-------------+----------------------------------------------------------------
         ATT |  -.0193062   .0585922    -0.33   0.742    -.1341448    .0955324
------------------------------------------------------------------------------
Control: Not yet Treated

See Callaway and Sant'Anna (2021) for details
Panel is not balanced
Will use observations with Pair balanced (observed at t0 and t1)
..................................................
..................................................
..................................................
..................................................
..................................................
..................................................
..................................................
..................................................
..................................................
..................................................
..................................................
..................................................
..................................................
..................................................
..................................................
..................................................
..................................................
..................................................
..................................................
.......
Difference-in-difference with Multiple Time Periods
Outcome model  : 
Treatment model: 
------------------------------------------------------------------------------
             |      Coef.   Std. Err.      z    P>|z|     [95% Conf. Interval]
-------------+----------------------------------------------------------------
         ATT |  -.0738501   .0789707    -0.94   0.350    -.2286298    .0809296
------------------------------------------------------------------------------
Control: Not yet Treated

See Callaway and Sant'Anna (2021) for details
Panel is not balanced
Will use observations with Pair balanced (observed at t0 and t1)
..................................................
..................................................
..................................................
..................................................
..................................................
..................................................
..................................................
..................................................
..................................................
..................................................
..................................................
..................................................
..................................................
..................................................
..................................................
..................................................
..................................................
..................................................
..................................................
.......
Difference-in-difference with Multiple Time Periods
Outcome model  : 
Treatment model: 
------------------------------------------------------------------------------
             |      Coef.   Std. Err.      z    P>|z|     [95% Conf. Interval]
-------------+----------------------------------------------------------------
         ATT |    .334575   .0633392     5.28   0.000     .2104324    .4587175
------------------------------------------------------------------------------
Control: Not yet Treated

See Callaway and Sant'Anna (2021) for details
Panel is not balanced
Will use observations with Pair balanced (observed at t0 and t1)
..................................................
..................................................
..................................................
..................................................
..................................................
..................................................
..................................................
..................................................
..................................................
..................................................
..................................................
..................................................
..................................................
..................................................
..................................................
..................................................
..................................................
..................................................
..................................................
.......
Difference-in-difference with Multiple Time Periods
Outcome model  : 
Treatment model: 
------------------------------------------------------------------------------
             |      Coef.   Std. Err.      z    P>|z|     [95% Conf. Interval]
-------------+----------------------------------------------------------------
         ATT |  -.0193062   .0585922    -0.33   0.742    -.1341448    .0955324
------------------------------------------------------------------------------
Control: Not yet Treated

See Callaway and Sant'Anna (2021) for details
Panel is not balanced
Will use observations with Pair balanced (observed at t0 and t1)
..................................................
..................................................
..................................................
..................................................
..................................................
..................................................
..................................................
..................................................
..................................................
..................................................
..................................................
..................................................
..................................................
..................................................
..................................................
..................................................
..................................................
..................................................
..................................................
.......
Difference-in-difference with Multiple Time Periods
Outcome model  : 
Treatment model: 
------------------------------------------------------------------------------
             |      Coef.   Std. Err.      z    P>|z|     [95% Conf. Interval]
-------------+----------------------------------------------------------------
         ATT |  -.0738501   .0789707    -0.94   0.350    -.2286298    .0809296
------------------------------------------------------------------------------
Control: Not yet Treated

See Callaway and Sant'Anna (2021) for details
Panel is not balanced
Will use observations with Pair balanced (observed at t0 and t1)
..................................................
..................................................
..................................................
..................................................
..................................................
..................................................
..................................................
..................................................
..................................................
..................................................
..................................................
..................................................
..................................................
..................................................
..................................................
..................................................
..................................................
..................................................
..................................................
.......
Difference-in-difference with Multiple Time Periods
Outcome model  : 
Treatment model: 
------------------------------------------------------------------------------
             |      Coef.   Std. Err.      z    P>|z|     [95% Conf. Interval]
-------------+----------------------------------------------------------------
         ATT |    .334575   .0633392     5.28   0.000     .2104324    .4587175
------------------------------------------------------------------------------
Control: Not yet Treated

See Callaway and Sant'Anna (2021) for details
Panel is not balanced
Will use observations with Pair balanced (observed at t0 and t1)
..................................................
..................................................
..................................................
..................................................
..................................................
..................................................
..................................................
..................................................
..................................................
..................................................
..................................................
..................................................
..................................................
..................................................
..................................................
..................................................
..................................................
..................................................
..................................................
.......
Difference-in-difference with Multiple Time Periods
Outcome model  : 
Treatment model: 
------------------------------------------------------------------------------
             |      Coef.   Std. Err.      z    P>|z|     [95% Conf. Interval]
-------------+----------------------------------------------------------------
         ATT |   .0532367   .0783825     0.68   0.497    -.1003902    .2068637
------------------------------------------------------------------------------
Control: Not yet Treated

See Callaway and Sant'Anna (2021) for details
Panel is not balanced
Will use observations with Pair balanced (observed at t0 and t1)
..................................................
..................................................
..................................................
..................................................
..................................................
..................................................
..................................................
..................................................
..................................................
..................................................
..................................................
..................................................
..................................................
..................................................
..................................................
..................................................
..................................................
..................................................
..................................................
.......
Difference-in-difference with Multiple Time Periods
Outcome model  : 
Treatment model: 
------------------------------------------------------------------------------
             |      Coef.   Std. Err.      z    P>|z|     [95% Conf. Interval]
-------------+----------------------------------------------------------------
         ATT |  -.0837233   .0883837    -0.95   0.344    -.2569521    .0895055
------------------------------------------------------------------------------
Control: Not yet Treated

See Callaway and Sant'Anna (2021) for details
Panel is not balanced
Will use observations with Pair balanced (observed at t0 and t1)
..................................................
..................................................
..................................................
..................................................
..................................................
..................................................
..................................................
..................................................
..................................................
..................................................
..................................................
..................................................
..................................................
..................................................
..................................................
..................................................
..................................................
..................................................
..................................................
.......
Difference-in-difference with Multiple Time Periods
Outcome model  : 
Treatment model: 
------------------------------------------------------------------------------
             |      Coef.   Std. Err.      z    P>|z|     [95% Conf. Interval]
-------------+----------------------------------------------------------------
         ATT |   .2851514   .0737105     3.87   0.000     .1406815    .4296213
------------------------------------------------------------------------------
Control: Not yet Treated

See Callaway and Sant'Anna (2021) for details
Panel is not balanced
Will use observations with Pair balanced (observed at t0 and t1)
..................................................
..................................................
..................................................
..................................................
..................................................
..................................................
..................................................
..................................................
..................................................
..................................................
..................................................
..................................................
..................................................
..................................................
..................................................
..................................................
..................................................
..................................................
..................................................
.......
Difference-in-difference with Multiple Time Periods
Outcome model  : 
Treatment model: 
------------------------------------------------------------------------------
             |      Coef.   Std. Err.      z    P>|z|     [95% Conf. Interval]
-------------+----------------------------------------------------------------
         ATT |   .0532367   .0783825     0.68   0.497    -.1003902    .2068637
------------------------------------------------------------------------------
Control: Not yet Treated

See Callaway and Sant'Anna (2021) for details
Panel is not balanced
Will use observations with Pair balanced (observed at t0 and t1)
..................................................
..................................................
..................................................
..................................................
..................................................
..................................................
..................................................
..................................................
..................................................
..................................................
..................................................
..................................................
..................................................
..................................................
..................................................
..................................................
..................................................
..................................................
..................................................
.......
Difference-in-difference with Multiple Time Periods
Outcome model  : 
Treatment model: 
------------------------------------------------------------------------------
             |      Coef.   Std. Err.      z    P>|z|     [95% Conf. Interval]
-------------+----------------------------------------------------------------
         ATT |  -.0837233   .0883837    -0.95   0.344    -.2569521    .0895055
------------------------------------------------------------------------------
Control: Not yet Treated

See Callaway and Sant'Anna (2021) for details
Panel is not balanced
Will use observations with Pair balanced (observed at t0 and t1)
..................................................
..................................................
..................................................
..................................................
..................................................
..................................................
..................................................
..................................................
..................................................
..................................................
..................................................
..................................................
..................................................
..................................................
..................................................
..................................................
..................................................
..................................................
..................................................
.......
Difference-in-difference with Multiple Time Periods
Outcome model  : 
Treatment model: 
------------------------------------------------------------------------------
             |      Coef.   Std. Err.      z    P>|z|     [95% Conf. Interval]
-------------+----------------------------------------------------------------
         ATT |   .2851514   .0737105     3.87   0.000     .1406815    .4296213
------------------------------------------------------------------------------
Control: Not yet Treated

See Callaway and Sant'Anna (2021) for details
Panel is not balanced
Will use observations with Pair balanced (observed at t0 and t1)
..................................................
..................................................
..................................................
..................................................
..................................................
..................................................
..................................................
..................................................
..................................................
..................................................
..................................................
..................................................
..................................................
..................................................
..................................................
..................................................
..................................................
..................................................
..................................................
.......
Difference-in-difference with Multiple Time Periods
Outcome model  : 
Treatment model: 
------------------------------------------------------------------------------
             |      Coef.   Std. Err.      z    P>|z|     [95% Conf. Interval]
-------------+----------------------------------------------------------------
         ATT |   .1146133   .0555882     2.06   0.039     .0056625    .2235642
------------------------------------------------------------------------------
Control: Not yet Treated

See Callaway and Sant'Anna (2021) for details
Panel is not balanced
Will use observations with Pair balanced (observed at t0 and t1)
..................................................
..................................................
..................................................
..................................................
..................................................
..................................................
..................................................
..................................................
..................................................
..................................................
..................................................
..................................................
..................................................
..................................................
..................................................
..................................................
..................................................
..................................................
..................................................
.......
Difference-in-difference with Multiple Time Periods
Outcome model  : 
Treatment model: 
------------------------------------------------------------------------------
             |      Coef.   Std. Err.      z    P>|z|     [95% Conf. Interval]
-------------+----------------------------------------------------------------
         ATT |   .1486237   .0851327     1.75   0.081    -.0182334    .3154807
------------------------------------------------------------------------------
Control: Not yet Treated

See Callaway and Sant'Anna (2021) for details
Panel is not balanced
Will use observations with Pair balanced (observed at t0 and t1)
..................................................
..................................................
..................................................
..................................................
..................................................
..................................................
..................................................
..................................................
..................................................
..................................................
..................................................
..................................................
..................................................
..................................................
..................................................
..................................................
..................................................
..................................................
..................................................
.......
Difference-in-difference with Multiple Time Periods
Outcome model  : 
Treatment model: 
------------------------------------------------------------------------------
             |      Coef.   Std. Err.      z    P>|z|     [95% Conf. Interval]
-------------+----------------------------------------------------------------
         ATT |    .210681   .0592166     3.56   0.000     .0946186    .3267434
------------------------------------------------------------------------------
Control: Not yet Treated

See Callaway and Sant'Anna (2021) for details
Panel is not balanced
Will use observations with Pair balanced (observed at t0 and t1)
..................................................
..................................................
..................................................
..................................................
..................................................
..................................................
..................................................
..................................................
..................................................
..................................................
..................................................
..................................................
..................................................
..................................................
..................................................
..................................................
..................................................
..................................................
..................................................
.......
Difference-in-difference with Multiple Time Periods
Outcome model  : 
Treatment model: 
------------------------------------------------------------------------------
             |      Coef.   Std. Err.      z    P>|z|     [95% Conf. Interval]
-------------+----------------------------------------------------------------
         ATT |   .1146133   .0555882     2.06   0.039     .0056625    .2235642
------------------------------------------------------------------------------
Control: Not yet Treated

See Callaway and Sant'Anna (2021) for details
Panel is not balanced
Will use observations with Pair balanced (observed at t0 and t1)
..................................................
..................................................
..................................................
..................................................
..................................................
..................................................
..................................................
..................................................
..................................................
..................................................
..................................................
..................................................
..................................................
..................................................
..................................................
..................................................
..................................................
..................................................
..................................................
.......
Difference-in-difference with Multiple Time Periods
Outcome model  : 
Treatment model: 
------------------------------------------------------------------------------
             |      Coef.   Std. Err.      z    P>|z|     [95% Conf. Interval]
-------------+----------------------------------------------------------------
         ATT |   .1486237   .0851327     1.75   0.081    -.0182334    .3154807
------------------------------------------------------------------------------
Control: Not yet Treated

See Callaway and Sant'Anna (2021) for details
Panel is not balanced
Will use observations with Pair balanced (observed at t0 and t1)
..................................................
..................................................
..................................................
..................................................
..................................................
..................................................
..................................................
..................................................
..................................................
..................................................
..................................................
..................................................
..................................................
..................................................
..................................................
..................................................
..................................................
..................................................
..................................................
.......
Difference-in-difference with Multiple Time Periods
Outcome model  : 
Treatment model: 
------------------------------------------------------------------------------
             |      Coef.   Std. Err.      z    P>|z|     [95% Conf. Interval]
-------------+----------------------------------------------------------------
         ATT |    .210681   .0592166     3.56   0.000     .0946186    .3267434
------------------------------------------------------------------------------
Control: Not yet Treated

See Callaway and Sant'Anna (2021) for details
Panel is not balanced
Will use observations with Pair balanced (observed at t0 and t1)
..................................................
..................................................
..................................................
..................................................
..................................................
..................................................
..................................................
..................................................
..................................................
..................................................
..................................................
..................................................
..................................................
..................................................
..................................................
..................................................
..................................................
..................................................
..................................................
.......
Difference-in-difference with Multiple Time Periods
Outcome model  : 
Treatment model: 
------------------------------------------------------------------------------
             |      Coef.   Std. Err.      z    P>|z|     [95% Conf. Interval]
-------------+----------------------------------------------------------------
         ATT |  -.0068179   .0206754    -0.33   0.742    -.0473409     .033705
------------------------------------------------------------------------------
Control: Not yet Treated

See Callaway and Sant'Anna (2021) for details
Panel is not balanced
Will use observations with Pair balanced (observed at t0 and t1)
..................................................
..................................................
..................................................
..................................................
..................................................
..................................................
..................................................
..................................................
..................................................
..................................................
..................................................
..................................................
..................................................
..................................................
..................................................
..................................................
..................................................
..................................................
..................................................
.......
Difference-in-difference with Multiple Time Periods
Outcome model  : 
Treatment model: 
------------------------------------------------------------------------------
             |      Coef.   Std. Err.      z    P>|z|     [95% Conf. Interval]
-------------+----------------------------------------------------------------
         ATT |   .0071724   .0238873     0.30   0.764    -.0396459    .0539906
------------------------------------------------------------------------------
Control: Not yet Treated

See Callaway and Sant'Anna (2021) for details
Panel is not balanced
Will use observations with Pair balanced (observed at t0 and t1)
..................................................
..................................................
..................................................
..................................................
..................................................
..................................................
..................................................
..................................................
..................................................
..................................................
..................................................
..................................................
..................................................
..................................................
..................................................
..................................................
..................................................
..................................................
..................................................
.......
Difference-in-difference with Multiple Time Periods
Outcome model  : 
Treatment model: 
------------------------------------------------------------------------------
             |      Coef.   Std. Err.      z    P>|z|     [95% Conf. Interval]
-------------+----------------------------------------------------------------
         ATT |   .0698058   .0231363     3.02   0.003     .0244594    .1151522
------------------------------------------------------------------------------
Control: Not yet Treated

See Callaway and Sant'Anna (2021) for details
Panel is not balanced
Will use observations with Pair balanced (observed at t0 and t1)
..................................................
..................................................
..................................................
..................................................
..................................................
..................................................
..................................................
..................................................
..................................................
..................................................
..................................................
..................................................
..................................................
..................................................
..................................................
..................................................
..................................................
..................................................
..................................................
.......
Difference-in-difference with Multiple Time Periods
Outcome model  : 
Treatment model: 
------------------------------------------------------------------------------
             |      Coef.   Std. Err.      z    P>|z|     [95% Conf. Interval]
-------------+----------------------------------------------------------------
         ATT |  -.0068179   .0206754    -0.33   0.742    -.0473409     .033705
------------------------------------------------------------------------------
Control: Not yet Treated

See Callaway and Sant'Anna (2021) for details
Panel is not balanced
Will use observations with Pair balanced (observed at t0 and t1)
..................................................
..................................................
..................................................
..................................................
..................................................
..................................................
..................................................
..................................................
..................................................
..................................................
..................................................
..................................................
..................................................
..................................................
..................................................
..................................................
..................................................
..................................................
..................................................
.......
Difference-in-difference with Multiple Time Periods
Outcome model  : 
Treatment model: 
------------------------------------------------------------------------------
             |      Coef.   Std. Err.      z    P>|z|     [95% Conf. Interval]
-------------+----------------------------------------------------------------
         ATT |   .0071724   .0238873     0.30   0.764    -.0396459    .0539906
------------------------------------------------------------------------------
Control: Not yet Treated

See Callaway and Sant'Anna (2021) for details
Panel is not balanced
Will use observations with Pair balanced (observed at t0 and t1)
..................................................
..................................................
..................................................
..................................................
..................................................
..................................................
..................................................
..................................................
..................................................
..................................................
..................................................
..................................................
..................................................
..................................................
..................................................
..................................................
..................................................
..................................................
..................................................
.......
Difference-in-difference with Multiple Time Periods
Outcome model  : 
Treatment model: 
------------------------------------------------------------------------------
             |      Coef.   Std. Err.      z    P>|z|     [95% Conf. Interval]
-------------+----------------------------------------------------------------
         ATT |   .0698058   .0231363     3.02   0.003     .0244594    .1151522
------------------------------------------------------------------------------
Control: Not yet Treated

See Callaway and Sant'Anna (2021) for details
Panel is not balanced
Will use observations with Pair balanced (observed at t0 and t1)
..................................................
..................................................
..................................................
..................................................
..................................................
..................................................
..................................................
..................................................
..................................................
..................................................
..................................................
..................................................
..................................................
..................................................
..................................................
..................................................
..................................................
..................................................
..................................................
.......
Difference-in-difference with Multiple Time Periods
Outcome model  : 
Treatment model: 
------------------------------------------------------------------------------
             |      Coef.   Std. Err.      z    P>|z|     [95% Conf. Interval]
-------------+----------------------------------------------------------------
         ATT |   .0953071    .063155     1.51   0.131    -.0284743    .2190886
------------------------------------------------------------------------------
Control: Not yet Treated

See Callaway and Sant'Anna (2021) for details
Panel is not balanced
Will use observations with Pair balanced (observed at t0 and t1)
..................................................
..................................................
..................................................
..................................................
..................................................
..................................................
..................................................
..................................................
..................................................
..................................................
..................................................
..................................................
..................................................
..................................................
..................................................
..................................................
..................................................
..................................................
..................................................
.......
Difference-in-difference with Multiple Time Periods
Outcome model  : 
Treatment model: 
------------------------------------------------------------------------------
             |      Coef.   Std. Err.      z    P>|z|     [95% Conf. Interval]
-------------+----------------------------------------------------------------
         ATT |   .0747736     .09439     0.79   0.428    -.1102274    .2597746
------------------------------------------------------------------------------
Control: Not yet Treated

See Callaway and Sant'Anna (2021) for details
Panel is not balanced
Will use observations with Pair balanced (observed at t0 and t1)
..................................................
..................................................
..................................................
..................................................
..................................................
..................................................
..................................................
..................................................
..................................................
..................................................
..................................................
..................................................
..................................................
..................................................
..................................................
..................................................
..................................................
..................................................
..................................................
.......
Difference-in-difference with Multiple Time Periods
Outcome model  : 
Treatment model: 
------------------------------------------------------------------------------
             |      Coef.   Std. Err.      z    P>|z|     [95% Conf. Interval]
-------------+----------------------------------------------------------------
         ATT |    .545256   .0810885     6.72   0.000     .3863256    .7041865
------------------------------------------------------------------------------
Control: Not yet Treated

See Callaway and Sant'Anna (2021) for details
Panel is not balanced
Will use observations with Pair balanced (observed at t0 and t1)
..................................................
..................................................
..................................................
..................................................
..................................................
..................................................
..................................................
..................................................
..................................................
..................................................
..................................................
..................................................
..................................................
..................................................
..................................................
..................................................
..................................................
..................................................
..................................................
.......
Difference-in-difference with Multiple Time Periods
Outcome model  : 
Treatment model: 
------------------------------------------------------------------------------
             |      Coef.   Std. Err.      z    P>|z|     [95% Conf. Interval]
-------------+----------------------------------------------------------------
         ATT |   .0953071    .063155     1.51   0.131    -.0284743    .2190886
------------------------------------------------------------------------------
Control: Not yet Treated

See Callaway and Sant'Anna (2021) for details
Panel is not balanced
Will use observations with Pair balanced (observed at t0 and t1)
..................................................
..................................................
..................................................
..................................................
..................................................
..................................................
..................................................
..................................................
..................................................
..................................................
..................................................
..................................................
..................................................
..................................................
..................................................
..................................................
..................................................
..................................................
..................................................
.......
Difference-in-difference with Multiple Time Periods
Outcome model  : 
Treatment model: 
------------------------------------------------------------------------------
             |      Coef.   Std. Err.      z    P>|z|     [95% Conf. Interval]
-------------+----------------------------------------------------------------
         ATT |   .0747736     .09439     0.79   0.428    -.1102274    .2597746
------------------------------------------------------------------------------
Control: Not yet Treated

See Callaway and Sant'Anna (2021) for details
Panel is not balanced
Will use observations with Pair balanced (observed at t0 and t1)
..................................................
..................................................
..................................................
..................................................
..................................................
..................................................
..................................................
..................................................
..................................................
..................................................
..................................................
..................................................
..................................................
..................................................
..................................................
..................................................
..................................................
..................................................
..................................................
.......
Difference-in-difference with Multiple Time Periods
Outcome model  : 
Treatment model: 
------------------------------------------------------------------------------
             |      Coef.   Std. Err.      z    P>|z|     [95% Conf. Interval]
-------------+----------------------------------------------------------------
         ATT |    .545256   .0810885     6.72   0.000     .3863256    .7041865
------------------------------------------------------------------------------
Control: Not yet Treated

See Callaway and Sant'Anna (2021) for details
Panel is not balanced
Will use observations with Pair balanced (observed at t0 and t1)
..................................................
..................................................
..................................................
..................................................
..................................................
..................................................
..................................................
..................................................
..................................................
..................................................
..................................................
..................................................
..................................................
..................................................
..................................................
..................................................
..................................................
..................................................
..................................................
.......
Difference-in-difference with Multiple Time Periods
Outcome model  : 
Treatment model: 
------------------------------------------------------------------------------
             |      Coef.   Std. Err.      z    P>|z|     [95% Conf. Interval]
-------------+----------------------------------------------------------------
         ATT |   -.015578   .0326403    -0.48   0.633    -.0795518    .0483958
------------------------------------------------------------------------------
Control: Not yet Treated

See Callaway and Sant'Anna (2021) for details
Panel is not balanced
Will use observations with Pair balanced (observed at t0 and t1)
..................................................
..................................................
..................................................
..................................................
..................................................
..................................................
..................................................
..................................................
..................................................
..................................................
..................................................
..................................................
..................................................
..................................................
..................................................
..................................................
..................................................
..................................................
..................................................
.......
Difference-in-difference with Multiple Time Periods
Outcome model  : 
Treatment model: 
------------------------------------------------------------------------------
             |      Coef.   Std. Err.      z    P>|z|     [95% Conf. Interval]
-------------+----------------------------------------------------------------
         ATT |   .0076054   .0358232     0.21   0.832    -.0626069    .0778176
------------------------------------------------------------------------------
Control: Not yet Treated

See Callaway and Sant'Anna (2021) for details
Panel is not balanced
Will use observations with Pair balanced (observed at t0 and t1)
..................................................
..................................................
..................................................
..................................................
..................................................
..................................................
..................................................
..................................................
..................................................
..................................................
..................................................
..................................................
..................................................
..................................................
..................................................
..................................................
..................................................
..................................................
..................................................
.......
Difference-in-difference with Multiple Time Periods
Outcome model  : 
Treatment model: 
------------------------------------------------------------------------------
             |      Coef.   Std. Err.      z    P>|z|     [95% Conf. Interval]
-------------+----------------------------------------------------------------
         ATT |   .1242247   .0358708     3.46   0.001     .0539192    .1945301
------------------------------------------------------------------------------
Control: Not yet Treated

See Callaway and Sant'Anna (2021) for details
Panel is not balanced
Will use observations with Pair balanced (observed at t0 and t1)
..................................................
..................................................
..................................................
..................................................
..................................................
..................................................
..................................................
..................................................
..................................................
..................................................
..................................................
..................................................
..................................................
..................................................
..................................................
..................................................
..................................................
..................................................
..................................................
.......
Difference-in-difference with Multiple Time Periods
Outcome model  : 
Treatment model: 
------------------------------------------------------------------------------
             |      Coef.   Std. Err.      z    P>|z|     [95% Conf. Interval]
-------------+----------------------------------------------------------------
         ATT |   -.015578   .0326403    -0.48   0.633    -.0795518    .0483958
------------------------------------------------------------------------------
Control: Not yet Treated

See Callaway and Sant'Anna (2021) for details
Panel is not balanced
Will use observations with Pair balanced (observed at t0 and t1)
..................................................
..................................................
..................................................
..................................................
..................................................
..................................................
..................................................
..................................................
..................................................
..................................................
..................................................
..................................................
..................................................
..................................................
..................................................
..................................................
..................................................
..................................................
..................................................
.......
Difference-in-difference with Multiple Time Periods
Outcome model  : 
Treatment model: 
------------------------------------------------------------------------------
             |      Coef.   Std. Err.      z    P>|z|     [95% Conf. Interval]
-------------+----------------------------------------------------------------
         ATT |   .0076054   .0358232     0.21   0.832    -.0626069    .0778176
------------------------------------------------------------------------------
Control: Not yet Treated

See Callaway and Sant'Anna (2021) for details
Panel is not balanced
Will use observations with Pair balanced (observed at t0 and t1)
..................................................
..................................................
..................................................
..................................................
..................................................
..................................................
..................................................
..................................................
..................................................
..................................................
..................................................
..................................................
..................................................
..................................................
..................................................
..................................................
..................................................
..................................................
..................................................
.......
Difference-in-difference with Multiple Time Periods
Outcome model  : 
Treatment model: 
------------------------------------------------------------------------------
             |      Coef.   Std. Err.      z    P>|z|     [95% Conf. Interval]
-------------+----------------------------------------------------------------
         ATT |   .1242247   .0358708     3.46   0.001     .0539192    .1945301
------------------------------------------------------------------------------
Control: Not yet Treated

See Callaway and Sant'Anna (2021) for details
Units always treated found. These will be excluded
(195 real changes made)
Panel is not balanced
Will use observations with Pair balanced (observed at t0 and t1)
..................................................
..................................................
..................................................
..................................................
..................................................
..................................................
..................................................
..................................................
.........................................
Difference-in-difference with Multiple Time Periods
Outcome model  : 
Treatment model: 
------------------------------------------------------------------------------
             |      Coef.   Std. Err.      z    P>|z|     [95% Conf. Interval]
-------------+----------------------------------------------------------------
         ATT |   .0829812   .1811792     0.46   0.647    -.2721235     .438086
------------------------------------------------------------------------------
Control: Not yet Treated

See Callaway and Sant'Anna (2021) for details
Units always treated found. These will be excluded
(176 real changes made)
Panel is not balanced
Will use observations with Pair balanced (observed at t0 and t1)
..................................................
..................................................
..................................................
..................................................
..................................................
..................................................
..................................................
..................................................
.........................................
Difference-in-difference with Multiple Time Periods
Outcome model  : 
Treatment model: 
------------------------------------------------------------------------------
             |      Coef.   Std. Err.      z    P>|z|     [95% Conf. Interval]
-------------+----------------------------------------------------------------
         ATT |  -.0117502   .2261144    -0.05   0.959    -.4549262    .4314259
------------------------------------------------------------------------------
Control: Not yet Treated

See Callaway and Sant'Anna (2021) for details
Units always treated found. These will be excluded
(410 real changes made)
Panel is not balanced
Will use observations with Pair balanced (observed at t0 and t1)
..................................................
..................................................
..................................................
..................................................
..................................................
..................................................
..................................................
..................................................
.........................................
Difference-in-difference with Multiple Time Periods
Outcome model  : 
Treatment model: 
------------------------------------------------------------------------------
             |      Coef.   Std. Err.      z    P>|z|     [95% Conf. Interval]
-------------+----------------------------------------------------------------
         ATT |   .8014913   .2350456     3.41   0.001     .3408104    1.262172
------------------------------------------------------------------------------
Control: Not yet Treated

See Callaway and Sant'Anna (2021) for details
Units always treated found. These will be excluded
(195 real changes made)
Panel is not balanced
Will use observations with Pair balanced (observed at t0 and t1)
..................................................
..................................................
..................................................
..................................................
..................................................
..................................................
..................................................
..................................................
.........................................
Difference-in-difference with Multiple Time Periods
Outcome model  : 
Treatment model: 
------------------------------------------------------------------------------
             |      Coef.   Std. Err.      z    P>|z|     [95% Conf. Interval]
-------------+----------------------------------------------------------------
         ATT |   .0829812   .1811792     0.46   0.647    -.2721235     .438086
------------------------------------------------------------------------------
Control: Not yet Treated

See Callaway and Sant'Anna (2021) for details
Units always treated found. These will be excluded
(176 real changes made)
Panel is not balanced
Will use observations with Pair balanced (observed at t0 and t1)
..................................................
..................................................
..................................................
..................................................
..................................................
..................................................
..................................................
..................................................
.........................................
Difference-in-difference with Multiple Time Periods
Outcome model  : 
Treatment model: 
------------------------------------------------------------------------------
             |      Coef.   Std. Err.      z    P>|z|     [95% Conf. Interval]
-------------+----------------------------------------------------------------
         ATT |  -.0117502   .2261144    -0.05   0.959    -.4549262    .4314259
------------------------------------------------------------------------------
Control: Not yet Treated

See Callaway and Sant'Anna (2021) for details
Units always treated found. These will be excluded
(410 real changes made)
Panel is not balanced
Will use observations with Pair balanced (observed at t0 and t1)
..................................................
..................................................
..................................................
..................................................
..................................................
..................................................
..................................................
..................................................
.........................................
Difference-in-difference with Multiple Time Periods
Outcome model  : 
Treatment model: 
------------------------------------------------------------------------------
             |      Coef.   Std. Err.      z    P>|z|     [95% Conf. Interval]
-------------+----------------------------------------------------------------
         ATT |   .8014913   .2350456     3.41   0.001     .3408104    1.262172
------------------------------------------------------------------------------
Control: Not yet Treated

See Callaway and Sant'Anna (2021) for details
Panel is not balanced
Will use observations with Pair balanced (observed at t0 and t1)
..................................................
..................................................
..................................................
..................................................
..................................................
..................................................
..................................................
..................................................
..................................................
..................................................
..................................................
..................................................
..................................................
..................................................
..................................................
..................................................
..................................................
..................................................
..................................................
.......
Difference-in-difference with Multiple Time Periods
Outcome model  : 
Treatment model: 
------------------------------------------------------------------------------
             |      Coef.   Std. Err.      z    P>|z|     [95% Conf. Interval]
-------------+----------------------------------------------------------------
         ATT |   .1484359    .072945     2.03   0.042     .0054662    .2914055
------------------------------------------------------------------------------
Control: Not yet Treated

See Callaway and Sant'Anna (2021) for details
Panel is not balanced
Will use observations with Pair balanced (observed at t0 and t1)
..................................................
..................................................
..................................................
..................................................
..................................................
..................................................
..................................................
..................................................
..................................................
..................................................
..................................................
..................................................
..................................................
..................................................
..................................................
..................................................
..................................................
..................................................
..................................................
.......
Difference-in-difference with Multiple Time Periods
Outcome model  : 
Treatment model: 
------------------------------------------------------------------------------
             |      Coef.   Std. Err.      z    P>|z|     [95% Conf. Interval]
-------------+----------------------------------------------------------------
         ATT |   .0557511   .0917915     0.61   0.544    -.1241569    .2356591
------------------------------------------------------------------------------
Control: Not yet Treated

See Callaway and Sant'Anna (2021) for details
Panel is not balanced
Will use observations with Pair balanced (observed at t0 and t1)
..................................................
..................................................
..................................................
..................................................
..................................................
..................................................
..................................................
..................................................
..................................................
..................................................
..................................................
..................................................
..................................................
..................................................
..................................................
..................................................
..................................................
..................................................
..................................................
.......
Difference-in-difference with Multiple Time Periods
Outcome model  : 
Treatment model: 
------------------------------------------------------------------------------
             |      Coef.   Std. Err.      z    P>|z|     [95% Conf. Interval]
-------------+----------------------------------------------------------------
         ATT |   .2667717   .0919699     2.90   0.004      .086514    .4470295
------------------------------------------------------------------------------
Control: Not yet Treated

See Callaway and Sant'Anna (2021) for details
Panel is not balanced
Will use observations with Pair balanced (observed at t0 and t1)
..................................................
..................................................
..................................................
..................................................
..................................................
..................................................
..................................................
..................................................
..................................................
..................................................
..................................................
..................................................
..................................................
..................................................
..................................................
..................................................
..................................................
..................................................
..................................................
.......
Difference-in-difference with Multiple Time Periods
Outcome model  : 
Treatment model: 
------------------------------------------------------------------------------
             |      Coef.   Std. Err.      z    P>|z|     [95% Conf. Interval]
-------------+----------------------------------------------------------------
         ATT |   .1484359    .072945     2.03   0.042     .0054662    .2914055
------------------------------------------------------------------------------
Control: Not yet Treated

See Callaway and Sant'Anna (2021) for details
Panel is not balanced
Will use observations with Pair balanced (observed at t0 and t1)
..................................................
..................................................
..................................................
..................................................
..................................................
..................................................
..................................................
..................................................
..................................................
..................................................
..................................................
..................................................
..................................................
..................................................
..................................................
..................................................
..................................................
..................................................
..................................................
.......
Difference-in-difference with Multiple Time Periods
Outcome model  : 
Treatment model: 
------------------------------------------------------------------------------
             |      Coef.   Std. Err.      z    P>|z|     [95% Conf. Interval]
-------------+----------------------------------------------------------------
         ATT |   .0557511   .0917915     0.61   0.544    -.1241569    .2356591
------------------------------------------------------------------------------
Control: Not yet Treated

See Callaway and Sant'Anna (2021) for details
Panel is not balanced
Will use observations with Pair balanced (observed at t0 and t1)
..................................................
..................................................
..................................................
..................................................
..................................................
..................................................
..................................................
..................................................
..................................................
..................................................
..................................................
..................................................
..................................................
..................................................
..................................................
..................................................
..................................................
..................................................
..................................................
.......
Difference-in-difference with Multiple Time Periods
Outcome model  : 
Treatment model: 
------------------------------------------------------------------------------
             |      Coef.   Std. Err.      z    P>|z|     [95% Conf. Interval]
-------------+----------------------------------------------------------------
         ATT |   .2667717   .0919699     2.90   0.004      .086514    .4470295
------------------------------------------------------------------------------
Control: Not yet Treated

See Callaway and Sant'Anna (2021) for details
Panel is not balanced
Will use observations with Pair balanced (observed at t0 and t1)
..................................................
..................................................
..................................................
..................................................
..................................................
..................................................
..................................................
..................................................
..................................................
..................................................
..................................................
..................................................
..................................................
..................................................
..................................................
..................................................
..................................................
..................................................
..................................................
.......
Difference-in-difference with Multiple Time Periods
Outcome model  : 
Treatment model: 
------------------------------------------------------------------------------
             |      Coef.   Std. Err.      z    P>|z|     [95% Conf. Interval]
-------------+----------------------------------------------------------------
         ATT |  -.0621262   .0372753    -1.67   0.096    -.1351844     .010932
------------------------------------------------------------------------------
Control: Not yet Treated

See Callaway and Sant'Anna (2021) for details
Panel is not balanced
Will use observations with Pair balanced (observed at t0 and t1)
..................................................
..................................................
..................................................
..................................................
..................................................
..................................................
..................................................
..................................................
..................................................
..................................................
..................................................
..................................................
..................................................
..................................................
..................................................
..................................................
..................................................
..................................................
..................................................
.......
Difference-in-difference with Multiple Time Periods
Outcome model  : 
Treatment model: 
------------------------------------------------------------------------------
             |      Coef.   Std. Err.      z    P>|z|     [95% Conf. Interval]
-------------+----------------------------------------------------------------
         ATT |   .0058957   .0439162     0.13   0.893    -.0801785    .0919699
------------------------------------------------------------------------------
Control: Not yet Treated

See Callaway and Sant'Anna (2021) for details
Panel is not balanced
Will use observations with Pair balanced (observed at t0 and t1)
..................................................
..................................................
..................................................
..................................................
..................................................
..................................................
..................................................
..................................................
..................................................
..................................................
..................................................
..................................................
..................................................
..................................................
..................................................
..................................................
..................................................
..................................................
..................................................
.......
Difference-in-difference with Multiple Time Periods
Outcome model  : 
Treatment model: 
------------------------------------------------------------------------------
             |      Coef.   Std. Err.      z    P>|z|     [95% Conf. Interval]
-------------+----------------------------------------------------------------
         ATT |   .2548382    .055343     4.60   0.000      .146368    .3633085
------------------------------------------------------------------------------
Control: Not yet Treated

See Callaway and Sant'Anna (2021) for details
Panel is not balanced
Will use observations with Pair balanced (observed at t0 and t1)
..................................................
..................................................
..................................................
..................................................
..................................................
..................................................
..................................................
..................................................
..................................................
..................................................
..................................................
..................................................
..................................................
..................................................
..................................................
..................................................
..................................................
..................................................
..................................................
.......
Difference-in-difference with Multiple Time Periods
Outcome model  : 
Treatment model: 
------------------------------------------------------------------------------
             |      Coef.   Std. Err.      z    P>|z|     [95% Conf. Interval]
-------------+----------------------------------------------------------------
         ATT |  -.0621262   .0372753    -1.67   0.096    -.1351844     .010932
------------------------------------------------------------------------------
Control: Not yet Treated

See Callaway and Sant'Anna (2021) for details
Panel is not balanced
Will use observations with Pair balanced (observed at t0 and t1)
..................................................
..................................................
..................................................
..................................................
..................................................
..................................................
..................................................
..................................................
..................................................
..................................................
..................................................
..................................................
..................................................
..................................................
..................................................
..................................................
..................................................
..................................................
..................................................
.......
Difference-in-difference with Multiple Time Periods
Outcome model  : 
Treatment model: 
------------------------------------------------------------------------------
             |      Coef.   Std. Err.      z    P>|z|     [95% Conf. Interval]
-------------+----------------------------------------------------------------
         ATT |   .0058957   .0439162     0.13   0.893    -.0801785    .0919699
------------------------------------------------------------------------------
Control: Not yet Treated

See Callaway and Sant'Anna (2021) for details
Panel is not balanced
Will use observations with Pair balanced (observed at t0 and t1)
..................................................
..................................................
..................................................
..................................................
..................................................
..................................................
..................................................
..................................................
..................................................
..................................................
..................................................
..................................................
..................................................
..................................................
..................................................
..................................................
..................................................
..................................................
..................................................
.......
Difference-in-difference with Multiple Time Periods
Outcome model  : 
Treatment model: 
------------------------------------------------------------------------------
             |      Coef.   Std. Err.      z    P>|z|     [95% Conf. Interval]
-------------+----------------------------------------------------------------
         ATT |   .2548382    .055343     4.60   0.000      .146368    .3633085
------------------------------------------------------------------------------
Control: Not yet Treated

See Callaway and Sant'Anna (2021) for details

. 
. esttab m* using "`here'/output/table_csdid_att_ipw.tex", mtitle b(3) se(3) replace
(note: file /srv/sandbox/zavecz/dropbox_encrypted/darthmouth/expat-analysis//output/table_csdid_att_ipw.tex not found)
(output written to /srv/sandbox/zavecz/dropbox_encrypted/darthmouth/expat-analysis//output/table_csdid_att_ipw.tex)

. esttab m* using "`here'/output/table_csdid_att_ipw.txt", mtitle b(3) se(3) replace
(note: file /srv/sandbox/zavecz/dropbox_encrypted/darthmouth/expat-analysis//output/table_csdid_att_ipw.txt not found)
(output written to /srv/sandbox/zavecz/dropbox_encrypted/darthmouth/expat-analysis//output/table_csdid_att_ipw.txt)

. 
. log close
      name:  <unnamed>
       log:  /srv/sandbox/zavecz/dropbox_encrypted/darthmouth/expat-analysis//output/est_csdid_att_ipw.log
  log type:  text
 closed on:  27 Jul 2021, 00:51:40
--------------------------------------------------------------------------------------------------------------------------------------------------------------
