--------------------------------------------------------------------------------------------------------------------------------------------------------------
      name:  <unnamed>
       log:  /srv/sandbox/zavecz/dropbox_encrypted/darthmouth/expat-analysis//output/est_attgt_nn.log
  log type:  text
 opened on:   7 Jul 2021, 14:09:21

. 
. use "`here'/temp/analysis_sample.dta", clear

. 
. *replace foreign_hire = 1 if ever_foreign_hire == 1 & foreign == 1
. *replace has_expat_ceo = 1 if ever_expat_ceo == 1 & foreign == 1
. 
. rename ever_foreign ef

. rename ever_foreign_hire efh

. rename has_expat_ceo has_expat

. 
. foreach sample in ef efh {
  2.         foreach var in foreign foreign_hire has_expat {
  3.                 attgt lnQL lnK lnL exporter lnQ if `sample' & time_foreign <= 5, treatment(`var') aggregate(e) pre(5) post(5) reps(20) notyet
  4.                 count if e(sample) == 1
  5.                 eststo model_`sample'`var', title("`sample' `var'")
  6.         }
  7. }
       panel variable:  frame_id_numeric (unbalanced)
        time variable:  year, 1985 to 2018, but with gaps
                delta:  1 unit
Generating weights...
Estimating lnQL: event_m5
Estimating lnQL: event_m4
Estimating lnQL: event_m3
Estimating lnQL: event_m2
Estimating lnQL: event_m1
Estimating lnQL: event_1
Estimating lnQL: event_2
Estimating lnQL: event_3
Estimating lnQL: event_4
Estimating lnQL: event_5
Estimating lnK: event_m5
Estimating lnK: event_m4
Estimating lnK: event_m3
Estimating lnK: event_m2
Estimating lnK: event_m1
Estimating lnK: event_1
Estimating lnK: event_2
Estimating lnK: event_3
Estimating lnK: event_4
Estimating lnK: event_5
Estimating lnL: event_m5
Estimating lnL: event_m4
Estimating lnL: event_m3
Estimating lnL: event_m2
Estimating lnL: event_m1
Estimating lnL: event_1
Estimating lnL: event_2
Estimating lnL: event_3
Estimating lnL: event_4
Estimating lnL: event_5
Estimating exporter: event_m5
Estimating exporter: event_m4
Estimating exporter: event_m3
Estimating exporter: event_m2
Estimating exporter: event_m1
Estimating exporter: event_1
Estimating exporter: event_2
Estimating exporter: event_3
Estimating exporter: event_4
Estimating exporter: event_5
Estimating lnQ: event_m5
Estimating lnQ: event_m4
Estimating lnQ: event_m3
Estimating lnQ: event_m2
Estimating lnQ: event_m1
Estimating lnQ: event_1
Estimating lnQ: event_2
Estimating lnQ: event_3
Estimating lnQ: event_4
Estimating lnQ: event_5
Callaway Sant'Anna (2021)

                                                Number of obs     =     15,658

------------------------------------------------------------------------------
             |      Coef.   Std. Err.      z    P>|z|     [95% Conf. Interval]
-------------+----------------------------------------------------------------
lnQL         |
    event_m5 |   .0249255   .0499724     0.50   0.618    -.0730187    .1228696
    event_m4 |  -.0024088   .0452946    -0.05   0.958    -.0911845     .086367
    event_m3 |   .0010262   .0384761     0.03   0.979    -.0743857     .076438
    event_m2 |  -.0512761   .0319549    -1.60   0.109    -.1139065    .0113543
    event_m1 |  -.0272364   .0203155    -1.34   0.180    -.0670541    .0125813
     event_1 |   .0529145   .0255455     2.07   0.038     .0028463    .1029827
     event_2 |   .0926101   .0401537     2.31   0.021     .0139102    .1713099
     event_3 |    .116693   .0490765     2.38   0.017     .0205048    .2128812
     event_4 |   .0961642   .0484105     1.99   0.047     .0012813     .191047
     event_5 |   .1159856   .0484748     2.39   0.017     .0209768    .2109944
-------------+----------------------------------------------------------------
lnK          |
    event_m5 |   .2251865   .0612203     3.68   0.000      .105197     .345176
    event_m4 |   .1636423    .054843     2.98   0.003      .056152    .2711325
    event_m3 |   .0941783    .057015     1.65   0.099     -.017569    .2059256
    event_m2 |    .077164    .047063     1.64   0.101    -.0150778    .1694058
    event_m1 |   .0683722   .0316174     2.16   0.031     .0064033     .130341
     event_1 |  -.0220204   .0280975    -0.78   0.433    -.0770905    .0330498
     event_2 |  -.0474125   .0354732    -1.34   0.181    -.1169388    .0221138
     event_3 |  -.0318624   .0432637    -0.74   0.461    -.1166577     .052933
     event_4 |  -.1171392   .0799431    -1.47   0.143    -.2738249    .0395464
     event_5 |  -.1582284   .0864372    -1.83   0.067    -.3276421    .0111854
-------------+----------------------------------------------------------------
lnL          |
    event_m5 |   .1704571   .0521595     3.27   0.001     .0682263    .2726879
    event_m4 |   .1268876   .0485994     2.61   0.009     .0316345    .2221407
    event_m3 |   .1056755   .0380877     2.77   0.006      .031025    .1803261
    event_m2 |   .0802556    .024393     3.29   0.001     .0324463     .128065
    event_m1 |   .0263687      .0156     1.69   0.091    -.0042069    .0569442
     event_1 |   .0418461   .0201375     2.08   0.038     .0023773     .081315
     event_2 |   .0591103   .0302708     1.95   0.051    -.0002193    .1184399
     event_3 |   .0939927   .0391591     2.40   0.016     .0172422    .1707432
     event_4 |   .1199027   .0549383     2.18   0.029     .0122256    .2275798
     event_5 |   .0810291    .068926     1.18   0.240    -.0540634    .2161215
-------------+----------------------------------------------------------------
exporter     |
    event_m5 |   .0065329   .0155704     0.42   0.675    -.0239845    .0370503
    event_m4 |  -.0212942   .0167848    -1.27   0.205    -.0541918    .0116033
    event_m3 |   .0082952   .0167244     0.50   0.620    -.0244841    .0410745
    event_m2 |   .0034432   .0149232     0.23   0.818    -.0258058    .0326922
    event_m1 |  -.0166141   .0085524    -1.94   0.052    -.0333765    .0001484
     event_1 |   .0231704   .0086021     2.69   0.007     .0063105    .0400303
     event_2 |   .0190279   .0110384     1.72   0.085     -.002607    .0406628
     event_3 |   .0282746   .0171104     1.65   0.098    -.0052612    .0618104
     event_4 |   .0277561    .014207     1.95   0.051     -.000089    .0556012
     event_5 |   .0457302   .0171059     2.67   0.008     .0122032    .0792571
-------------+----------------------------------------------------------------
lnQ          |
    event_m5 |   .1953825   .0621548     3.14   0.002     .0735614    .3172037
    event_m4 |   .1244788   .0571645     2.18   0.029     .0124385    .2365191
    event_m3 |   .1067017   .0471572     2.26   0.024     .0142752    .1991281
    event_m2 |   .0289795   .0426584     0.68   0.497    -.0546294    .1125885
    event_m1 |  -.0008678   .0228766    -0.04   0.970    -.0457052    .0439696
     event_1 |   .0947607   .0257939     3.67   0.000     .0442055    .1453158
     event_2 |   .1517204    .039538     3.84   0.000     .0742273    .2292135
     event_3 |   .2106857    .054757     3.85   0.000      .103364    .3180074
     event_4 |   .2160668   .0777755     2.78   0.005     .0636296    .3685041
     event_5 |   .1970147   .0840898     2.34   0.019     .0322017    .3618276
------------------------------------------------------------------------------
  15,658
       panel variable:  frame_id_numeric (unbalanced)
        time variable:  year, 1985 to 2018, but with gaps
                delta:  1 unit
Generating weights...
Estimating lnQL: event_m5
Estimating lnQL: event_m4
Estimating lnQL: event_m3
Estimating lnQL: event_m2
Estimating lnQL: event_m1
Estimating lnQL: event_1
Estimating lnQL: event_2
Estimating lnQL: event_3
Estimating lnQL: event_4
Estimating lnQL: event_5
Estimating lnK: event_m5
Estimating lnK: event_m4
Estimating lnK: event_m3
Estimating lnK: event_m2
Estimating lnK: event_m1
Estimating lnK: event_1
Estimating lnK: event_2
Estimating lnK: event_3
Estimating lnK: event_4
Estimating lnK: event_5
Estimating lnL: event_m5
Estimating lnL: event_m4
Estimating lnL: event_m3
Estimating lnL: event_m2
Estimating lnL: event_m1
Estimating lnL: event_1
Estimating lnL: event_2
Estimating lnL: event_3
Estimating lnL: event_4
Estimating lnL: event_5
Estimating exporter: event_m5
Estimating exporter: event_m4
Estimating exporter: event_m3
Estimating exporter: event_m2
Estimating exporter: event_m1
Estimating exporter: event_1
Estimating exporter: event_2
Estimating exporter: event_3
Estimating exporter: event_4
Estimating exporter: event_5
Estimating lnQ: event_m5
Estimating lnQ: event_m4
Estimating lnQ: event_m3
Estimating lnQ: event_m2
Estimating lnQ: event_m1
Estimating lnQ: event_1
Estimating lnQ: event_2
Estimating lnQ: event_3
Estimating lnQ: event_4
Estimating lnQ: event_5
Callaway Sant'Anna (2021)

                                                Number of obs     =     16,089

------------------------------------------------------------------------------
             |      Coef.   Std. Err.      z    P>|z|     [95% Conf. Interval]
-------------+----------------------------------------------------------------
lnQL         |
    event_m5 |  -1.076775   .0926698   -11.62   0.000    -1.258405   -.8951456
    event_m4 |  -.7709107   .0726053   -10.62   0.000    -.9132145   -.6286069
    event_m3 |  -.5835375   .0659024    -8.85   0.000    -.7127037   -.4543712
    event_m2 |  -.3670184   .0527349    -6.96   0.000    -.4703769   -.2636599
    event_m1 |  -.1712908   .0267869    -6.39   0.000    -.2237922   -.1187894
     event_1 |   .2798162   .0427005     6.55   0.000     .1961248    .3635076
     event_2 |   .3066965   .0769058     3.99   0.000      .155964    .4574291
     event_3 |   .1609295   .1227003     1.31   0.190    -.0795587    .4014178
     event_4 |   -.406421   .2031232    -2.00   0.045    -.8045352   -.0083068
     event_5 |  -1.517265   .3300548    -4.60   0.000     -2.16416   -.8703694
-------------+----------------------------------------------------------------
lnK          |
    event_m5 |  -1.202836   .1472782    -8.17   0.000    -1.491496   -.9141765
    event_m4 |  -.8863799   .1253691    -7.07   0.000    -1.132099   -.6406609
    event_m3 |  -.6606123   .0978418    -6.75   0.000    -.8523787   -.4688459
    event_m2 |  -.4016639   .0520247    -7.72   0.000    -.5036305   -.2996972
    event_m1 |   -.172216   .0425502    -4.05   0.000    -.2556128   -.0888191
     event_1 |   .2192892   .0396717     5.53   0.000     .1415342    .2970443
     event_2 |   .1070221   .0938904     1.14   0.254    -.0769996    .2910438
     event_3 |  -.1834181   .1648632    -1.11   0.266     -.506544    .1397078
     event_4 |  -.9434887    .287586    -3.28   0.001    -1.507147   -.3798304
     event_5 |    -2.3966   .4498002    -5.33   0.000    -3.278192   -1.515008
-------------+----------------------------------------------------------------
lnL          |
    event_m5 |  -.3997169   .0896065    -4.46   0.000    -.5753424   -.2240913
    event_m4 |  -.2915202    .075531    -3.86   0.000    -.4395583   -.1434821
    event_m3 |   -.187514   .0538632    -3.48   0.000    -.2930838   -.0819441
    event_m2 |  -.1346976    .026388    -5.10   0.000    -.1864171   -.0829782
    event_m1 |  -.0690551   .0183993    -3.75   0.000    -.1051171   -.0329932
     event_1 |   .1023687   .0223325     4.58   0.000     .0585978    .1461397
     event_2 |   .0632497   .0499739     1.27   0.206    -.0346972    .1611967
     event_3 |  -.0137072   .0679245    -0.20   0.840    -.1468367    .1194224
     event_4 |  -.1960307   .1137318    -1.72   0.085    -.4189408    .0268795
     event_5 |  -.7133953   .1883052    -3.79   0.000    -1.082467   -.3443239
-------------+----------------------------------------------------------------
exporter     |
    event_m5 |  -.0714571   .0199828    -3.58   0.000    -.1106227   -.0322916
    event_m4 |  -.0823343   .0203784    -4.04   0.000    -.1222754   -.0423933
    event_m3 |  -.0511591   .0175745    -2.91   0.004    -.0856044   -.0167138
    event_m2 |   -.049949   .0139535    -3.58   0.000    -.0772973   -.0226006
    event_m1 |  -.0148337   .0104306    -1.42   0.155    -.0352773    .0056098
     event_1 |    .021115   .0097535     2.16   0.030     .0019985    .0402314
     event_2 |   .0144891   .0168919     0.86   0.391    -.0186184    .0475965
     event_3 |   .0172833      .0209     0.83   0.408      -.02368    .0582466
     event_4 |  -.0186936   .0241195    -0.78   0.438     -.065967    .0285799
     event_5 |  -.1036403   .0361595    -2.87   0.004    -.1745117    -.032769
-------------+----------------------------------------------------------------
lnQ          |
    event_m5 |  -1.476492   .1377649   -10.72   0.000    -1.746506   -1.206478
    event_m4 |  -1.062431   .1094564    -9.71   0.000    -1.276962   -.8479003
    event_m3 |  -.7710514   .0907706    -8.49   0.000    -.9489586   -.5931443
    event_m2 |   -.501716   .0544999    -9.21   0.000     -.608534   -.3948981
    event_m1 |  -.2403459   .0353361    -6.80   0.000    -.3096034   -.1710884
     event_1 |   .3821849   .0504912     7.57   0.000      .283224    .4811459
     event_2 |   .3699463   .1004676     3.68   0.000     .1730335     .566859
     event_3 |   .1472224   .1681644     0.88   0.381    -.1823738    .4768186
     event_4 |  -.6024517   .2950156    -2.04   0.041    -1.180672   -.0242317
     event_5 |   -2.23066   .4990013    -4.47   0.000    -3.208685   -1.252636
------------------------------------------------------------------------------
  16,089
       panel variable:  frame_id_numeric (unbalanced)
        time variable:  year, 1985 to 2018, but with gaps
                delta:  1 unit
Generating weights...
Estimating lnQL: event_m5
Estimating lnQL: event_m4
Estimating lnQL: event_m3
Estimating lnQL: event_m2
Estimating lnQL: event_m1
Estimating lnQL: event_1
Estimating lnQL: event_2
Estimating lnQL: event_3
Estimating lnQL: event_4
Estimating lnQL: event_5
Estimating lnK: event_m5
Estimating lnK: event_m4
Estimating lnK: event_m3
Estimating lnK: event_m2
Estimating lnK: event_m1
Estimating lnK: event_1
Estimating lnK: event_2
Estimating lnK: event_3
Estimating lnK: event_4
Estimating lnK: event_5
Estimating lnL: event_m5
Estimating lnL: event_m4
Estimating lnL: event_m3
Estimating lnL: event_m2
Estimating lnL: event_m1
Estimating lnL: event_1
Estimating lnL: event_2
Estimating lnL: event_3
Estimating lnL: event_4
Estimating lnL: event_5
Estimating exporter: event_m5
Estimating exporter: event_m4
Estimating exporter: event_m3
Estimating exporter: event_m2
Estimating exporter: event_m1
Estimating exporter: event_1
Estimating exporter: event_2
Estimating exporter: event_3
Estimating exporter: event_4
Estimating exporter: event_5
Estimating lnQ: event_m5
Estimating lnQ: event_m4
Estimating lnQ: event_m3
Estimating lnQ: event_m2
Estimating lnQ: event_m1
Estimating lnQ: event_1
Estimating lnQ: event_2
Estimating lnQ: event_3
Estimating lnQ: event_4
Estimating lnQ: event_5
Callaway Sant'Anna (2021)

                                                Number of obs     =     16,279

------------------------------------------------------------------------------
             |      Coef.   Std. Err.      z    P>|z|     [95% Conf. Interval]
-------------+----------------------------------------------------------------
lnQL         |
    event_m5 |  -1.706564   .1200589   -14.21   0.000    -1.941875   -1.471253
    event_m4 |  -1.235823   .0748811   -16.50   0.000    -1.382588   -1.089059
    event_m3 |  -.9475371   .0916594   -10.34   0.000    -1.127186   -.7678879
    event_m2 |  -.5949495   .0793007    -7.50   0.000    -.7503759    -.439523
    event_m1 |  -.2690358   .0294019    -9.15   0.000    -.3266624   -.2114092
     event_1 |   .4783535   .0600847     7.96   0.000     .3605895    .5961174
     event_2 |   .3973229   .1835098     2.17   0.030     .0376502    .7569956
     event_3 |   .4721813   .2556012     1.85   0.065    -.0287879    .9731505
     event_4 |   .3785875   .2382277     1.59   0.112    -.0883302    .8455052
     event_5 |  -.4268945   .2783938    -1.53   0.125    -.9725363    .1187473
-------------+----------------------------------------------------------------
lnK          |
    event_m5 |  -2.200239    .190443   -11.55   0.000    -2.573501   -1.826978
    event_m4 |  -1.579255   .1406731   -11.23   0.000    -1.854969   -1.303541
    event_m3 |  -1.237873   .1419424    -8.72   0.000    -1.516075   -.9596712
    event_m2 |  -.8005557   .0838881    -9.54   0.000    -.9649734    -.636138
    event_m1 |  -.3418311   .0597672    -5.72   0.000    -.4589727   -.2246896
     event_1 |   .4852955   .0516093     9.40   0.000     .3841432    .5864478
     event_2 |   .3185152   .2032976     1.57   0.117    -.0799408    .7169712
     event_3 |    .370729    .307759     1.20   0.228    -.2324675    .9739256
     event_4 |   .2427755   .3106606     0.78   0.435    -.3661081    .8516591
     event_5 |   -.649999   .4043002    -1.61   0.108    -1.442413    .1424148
-------------+----------------------------------------------------------------
lnL          |
    event_m5 |   -.726804   .0739932    -9.82   0.000    -.8718281     -.58178
    event_m4 |  -.5373951   .0602516    -8.92   0.000    -.6554861    -.419304
    event_m3 |  -.4186278   .0522643    -8.01   0.000     -.521064   -.3161916
    event_m2 |  -.2964918   .0415264    -7.14   0.000     -.377882   -.2151015
    event_m1 |   -.136242    .029873    -4.56   0.000     -.194792   -.0776921
     event_1 |   .2125347   .0335056     6.34   0.000      .146865    .2782044
     event_2 |   .1735241   .0808023     2.15   0.032     .0151545    .3318937
     event_3 |   .2441165   .1195615     2.04   0.041     .0097802    .4784527
     event_4 |   .2697874   .1280642     2.11   0.035     .0187861    .5207887
     event_5 |   .0007916   .1671467     0.00   0.996    -.3268099    .3283932
-------------+----------------------------------------------------------------
exporter     |
    event_m5 |  -.1256572   .0432188    -2.91   0.004    -.2103644     -.04095
    event_m4 |  -.1007524   .0390587    -2.58   0.010     -.177306   -.0241988
    event_m3 |  -.0366468   .0343669    -1.07   0.286    -.1040046     .030711
    event_m2 |  -.0383796    .024833    -1.55   0.122    -.0870513    .0102921
    event_m1 |  -.0119007   .0179626    -0.66   0.508    -.0471068    .0233054
     event_1 |   .0628192   .0152167     4.13   0.000      .032995    .0926433
     event_2 |    .044096     .02531     1.74   0.081    -.0055107    .0937027
     event_3 |   .0507516   .0323124     1.57   0.116    -.0125796    .1140828
     event_4 |    .048572   .0283495     1.71   0.087     -.006992    .1041359
     event_5 |  -.0171209   .0331285    -0.52   0.605    -.0820516    .0478099
-------------+----------------------------------------------------------------
lnQ          |
    event_m5 |  -2.433368   .1566645   -15.53   0.000    -2.740424   -2.126311
    event_m4 |  -1.773218   .1111642   -15.95   0.000    -1.991096   -1.555341
    event_m3 |  -1.366165   .1233438   -11.08   0.000    -1.607914   -1.124415
    event_m2 |  -.8914413   .0923934    -9.65   0.000    -1.072529   -.7103536
    event_m1 |  -.4052778   .0383298   -10.57   0.000    -.4804029   -.3301528
     event_1 |   .6908881   .0708286     9.75   0.000     .5520665    .8297097
     event_2 |    .570847   .2482108     2.30   0.021     .0843628    1.057331
     event_3 |   .7162977   .3606039     1.99   0.047     .0095271    1.423068
     event_4 |   .6483749   .3401531     1.91   0.057     -.018313    1.315063
     event_5 |  -.4261029   .4219902    -1.01   0.313    -1.253188    .4009827
------------------------------------------------------------------------------
  16,279
       panel variable:  frame_id_numeric (unbalanced)
        time variable:  year, 1985 to 2018, but with gaps
                delta:  1 unit
Generating weights...
Estimating lnQL: event_m5
Estimating lnQL: event_m4
Estimating lnQL: event_m3
Estimating lnQL: event_m2
Estimating lnQL: event_m1
Estimating lnQL: event_1
Estimating lnQL: event_2
Estimating lnQL: event_3
Estimating lnQL: event_4
Estimating lnQL: event_5
Estimating lnK: event_m5
Estimating lnK: event_m4
Estimating lnK: event_m3
Estimating lnK: event_m2
Estimating lnK: event_m1
Estimating lnK: event_1
Estimating lnK: event_2
Estimating lnK: event_3
Estimating lnK: event_4
Estimating lnK: event_5
Estimating lnL: event_m5
Estimating lnL: event_m4
Estimating lnL: event_m3
Estimating lnL: event_m2
Estimating lnL: event_m1
Estimating lnL: event_1
Estimating lnL: event_2
Estimating lnL: event_3
Estimating lnL: event_4
Estimating lnL: event_5
Estimating exporter: event_m5
Estimating exporter: event_m4
Estimating exporter: event_m3
Estimating exporter: event_m2
Estimating exporter: event_m1
Estimating exporter: event_1
Estimating exporter: event_2
Estimating exporter: event_3
Estimating exporter: event_4
Estimating exporter: event_5
Estimating lnQ: event_m5
Estimating lnQ: event_m4
Estimating lnQ: event_m3
Estimating lnQ: event_m2
Estimating lnQ: event_m1
Estimating lnQ: event_1
Estimating lnQ: event_2
Estimating lnQ: event_3
Estimating lnQ: event_4
Estimating lnQ: event_5
Callaway Sant'Anna (2021)

                                                Number of obs     =     10,742

------------------------------------------------------------------------------
             |      Coef.   Std. Err.      z    P>|z|     [95% Conf. Interval]
-------------+----------------------------------------------------------------
lnQL         |
    event_m5 |   .0183666   .0662624     0.28   0.782    -.1115053    .1482385
    event_m4 |   .0207103   .0514001     0.40   0.687    -.0800321    .1214527
    event_m3 |  -.0081962   .0340145    -0.24   0.810    -.0748634    .0584711
    event_m2 |  -.0514563   .0358583    -1.43   0.151    -.1217372    .0188247
    event_m1 |  -.0535248   .0305649    -1.75   0.080    -.1134308    .0063813
     event_1 |   .0649787   .0399173     1.63   0.104    -.0132579    .1432152
     event_2 |   .1197384   .0594539     2.01   0.044     .0032108     .236266
     event_3 |    .155978   .0633095     2.46   0.014     .0318937    .2800624
     event_4 |   .1460516   .0490372     2.98   0.003     .0499404    .2421628
     event_5 |   .1466757   .0579111     2.53   0.011     .0331721    .2601793
-------------+----------------------------------------------------------------
lnK          |
    event_m5 |   .3232474   .0576722     5.60   0.000      .210212    .4362828
    event_m4 |    .207478   .0720171     2.88   0.004      .066327     .348629
    event_m3 |   .0953328   .0745308     1.28   0.201     -.050745    .2414105
    event_m2 |   .0968963    .064486     1.50   0.133     -.029494    .2232866
    event_m1 |   .0690704   .0428317     1.61   0.107    -.0148781    .1530189
     event_1 |   .0329744   .0385958     0.85   0.393    -.0426719    .1086207
     event_2 |   .0069552   .0541321     0.13   0.898    -.0991417    .1130522
     event_3 |   -.019594   .0591988    -0.33   0.741    -.1356216    .0964336
     event_4 |  -.1206899   .0742257    -1.63   0.104    -.2661696    .0247899
     event_5 |  -.1579059   .0978205    -1.61   0.106    -.3496306    .0338188
-------------+----------------------------------------------------------------
lnL          |
    event_m5 |    .233867   .0312322     7.49   0.000     .1726531    .2950809
    event_m4 |   .1329482   .0523434     2.54   0.011     .0303571    .2355393
    event_m3 |   .1099539   .0456092     2.41   0.016     .0205616    .1993462
    event_m2 |   .0898569    .027072     3.32   0.001     .0367967     .142917
    event_m1 |   .0279458   .0203413     1.37   0.169    -.0119225    .0678141
     event_1 |   .0935102    .027812     3.36   0.001     .0389997    .1480206
     event_2 |   .0953869   .0381402     2.50   0.012     .0206336    .1701403
     event_3 |    .146081   .0471179     3.10   0.002     .0537316    .2384304
     event_4 |   .1750847     .05294     3.31   0.001     .0713241    .2788453
     event_5 |   .1344494   .0703198     1.91   0.056    -.0033748    .2722736
-------------+----------------------------------------------------------------
exporter     |
    event_m5 |    .008565   .0240864     0.36   0.722    -.0386434    .0557733
    event_m4 |  -.0455831   .0265475    -1.72   0.086    -.0976153     .006449
    event_m3 |   .0003149   .0207221     0.02   0.988    -.0402998    .0409296
    event_m2 |  -.0107455   .0172233    -0.62   0.533    -.0445026    .0230116
    event_m1 |  -.0225515   .0109509    -2.06   0.039    -.0440149   -.0010881
     event_1 |   .0349021   .0107993     3.23   0.001     .0137358    .0560684
     event_2 |   .0238456   .0116526     2.05   0.041     .0010069    .0466842
     event_3 |   .0379092   .0180438     2.10   0.036     .0025441    .0732744
     event_4 |   .0475325   .0140159     3.39   0.001      .020062    .0750031
     event_5 |   .0680866   .0176137     3.87   0.000     .0335644    .1026088
-------------+----------------------------------------------------------------
lnQ          |
    event_m5 |   .2522335   .0542204     4.65   0.000     .1459636    .3585035
    event_m4 |   .1536584   .0589223     2.61   0.009     .0381729    .2691439
    event_m3 |   .1017577   .0609465     1.67   0.095    -.0176953    .2212107
    event_m2 |   .0384006   .0423218     0.91   0.364    -.0445487    .1213498
    event_m1 |   -.025579   .0314703    -0.81   0.416    -.0872596    .0361017
     event_1 |   .1584888   .0404619     3.92   0.000      .079185    .2377926
     event_2 |   .2151254   .0568828     3.78   0.000     .1036371    .3266136
     event_3 |    .302059   .0603157     5.01   0.000     .1838425    .4202755
     event_4 |   .3211363    .065345     4.91   0.000     .1930624    .4492102
     event_5 |   .2811251   .0723676     3.88   0.000     .1392873    .4229629
------------------------------------------------------------------------------
  10,742
       panel variable:  frame_id_numeric (unbalanced)
        time variable:  year, 1985 to 2018, but with gaps
                delta:  1 unit
Generating weights...
Estimating lnQL: event_m5
Estimating lnQL: event_m4
Estimating lnQL: event_m3
Estimating lnQL: event_m2
Estimating lnQL: event_m1
Estimating lnQL: event_1
Estimating lnQL: event_2
Estimating lnQL: event_3
Estimating lnQL: event_4
Estimating lnQL: event_5
Estimating lnK: event_m5
Estimating lnK: event_m4
Estimating lnK: event_m3
Estimating lnK: event_m2
Estimating lnK: event_m1
Estimating lnK: event_1
Estimating lnK: event_2
Estimating lnK: event_3
Estimating lnK: event_4
Estimating lnK: event_5
Estimating lnL: event_m5
Estimating lnL: event_m4
Estimating lnL: event_m3
Estimating lnL: event_m2
Estimating lnL: event_m1
Estimating lnL: event_1
Estimating lnL: event_2
Estimating lnL: event_3
Estimating lnL: event_4
Estimating lnL: event_5
Estimating exporter: event_m5
Estimating exporter: event_m4
Estimating exporter: event_m3
Estimating exporter: event_m2
Estimating exporter: event_m1
Estimating exporter: event_1
Estimating exporter: event_2
Estimating exporter: event_3
Estimating exporter: event_4
Estimating exporter: event_5
Estimating lnQ: event_m5
Estimating lnQ: event_m4
Estimating lnQ: event_m3
Estimating lnQ: event_m2
Estimating lnQ: event_m1
Estimating lnQ: event_1
Estimating lnQ: event_2
Estimating lnQ: event_3
Estimating lnQ: event_4
Estimating lnQ: event_5
Callaway Sant'Anna (2021)

                                                Number of obs     =     11,037

------------------------------------------------------------------------------
             |      Coef.   Std. Err.      z    P>|z|     [95% Conf. Interval]
-------------+----------------------------------------------------------------
lnQL         |
    event_m5 |   -1.53311   .2762632    -5.55   0.000    -2.074576   -.9916438
    event_m4 |  -1.116598   .2408572    -4.64   0.000     -1.58867   -.6445268
    event_m3 |  -.8317379   .2270592    -3.66   0.000    -1.276766     -.38671
    event_m2 |  -.5326594   .1502673    -3.54   0.000    -.8271779   -.2381408
    event_m1 |  -.2585905   .1163075    -2.22   0.026    -.4865491    -.030632
     event_1 |   .6762229   .3812521     1.77   0.076    -.0710175    1.423463
     event_2 |   .7969011   .3787302     2.10   0.035     .0546035    1.539199
     event_3 |   .6096935   .3256363     1.87   0.061     -.028542    1.247929
     event_4 |    .143413   .3926824     0.37   0.715    -.6262304    .9130564
     event_5 |  -.8475841   .5518676    -1.54   0.125    -1.929225    .2340565
-------------+----------------------------------------------------------------
lnK          |
    event_m5 |  -1.686035   .3139961    -5.37   0.000    -2.301456   -1.070614
    event_m4 |  -1.278977   .2972836    -4.30   0.000    -1.861643   -.6963121
    event_m3 |  -.9680431   .2758581    -3.51   0.000    -1.508715   -.4273712
    event_m2 |    -.58993   .1668487    -3.54   0.000    -.9169475   -.2629125
    event_m1 |  -.2852335   .1533923    -1.86   0.063    -.5858769    .0154099
     event_1 |   .7455053   .4844481     1.54   0.124    -.2039955    1.695006
     event_2 |    .736393   .4892705     1.51   0.132    -.2225595    1.695346
     event_3 |   .3568622   .3988458     0.89   0.371    -.4248612    1.138586
     event_4 |  -.2843288   .4736694    -0.60   0.548    -1.212704    .6440462
     event_5 |  -1.644093   .6568585    -2.50   0.012    -2.931512   -.3566738
-------------+----------------------------------------------------------------
lnL          |
    event_m5 |   -.615099   .1105772    -5.56   0.000    -.8318263   -.3983717
    event_m4 |  -.4575414   .1077947    -4.24   0.000    -.6688152   -.2462677
    event_m3 |  -.3149379   .0937971    -3.36   0.001    -.4987768   -.1310991
    event_m2 |  -.2134793    .066966    -3.19   0.001    -.3447301   -.0822284
    event_m1 |  -.1097876   .0585746    -1.87   0.061    -.2245918    .0050166
     event_1 |   .2870185   .1688161     1.70   0.089     -.043855     .617892
     event_2 |   .2956915   .1702446     1.74   0.082    -.0379817    .6293647
     event_3 |   .2019056   .1491705     1.35   0.176    -.0904633    .4942745
     event_4 |   .0765761   .1855471     0.41   0.680    -.2870896    .4402418
     event_5 |  -.3883473   .2545485    -1.53   0.127    -.8872533    .1105587
-------------+----------------------------------------------------------------
exporter     |
    event_m5 |  -.1106776   .0285068    -3.88   0.000    -.1665499   -.0548053
    event_m4 |  -.1158404   .0263304    -4.40   0.000     -.167447   -.0642337
    event_m3 |   -.070327   .0248733    -2.83   0.005    -.1190778   -.0215763
    event_m2 |  -.0542214   .0128662    -4.21   0.000    -.0794386   -.0290042
    event_m1 |  -.0159756   .0118183    -1.35   0.176     -.039139    .0071877
     event_1 |   .0525672   .0324071     1.62   0.105    -.0109496    .1160839
     event_2 |   .0408674   .0287154     1.42   0.155    -.0154137    .0971486
     event_3 |   .0455871    .027011     1.69   0.091    -.0073534    .0985276
     event_4 |   .0312116   .0399659     0.78   0.435      -.04712    .1095433
     event_5 |  -.0477562   .0514257    -0.93   0.353    -.1485488    .0530363
-------------+----------------------------------------------------------------
lnQ          |
    event_m5 |  -2.148209   .3740322    -5.74   0.000    -2.881298   -1.415119
    event_m4 |   -1.57414   .3422708    -4.60   0.000    -2.244978   -.9033011
    event_m3 |  -1.146676    .312236    -3.67   0.000    -1.758647   -.5347045
    event_m2 |  -.7461386   .2056825    -3.63   0.000    -1.149269   -.3430083
    event_m1 |  -.3683781   .1725287    -2.14   0.033    -.7065281    -.030228
     event_1 |   .9632414   .5483943     1.76   0.079    -.1115918    2.038074
     event_2 |   1.092593   .5419678     2.02   0.044     .0303552     2.15483
     event_3 |   .8115991   .4642467     1.75   0.080    -.0983078    1.721506
     event_4 |   .2199891   .5624719     0.39   0.696    -.8824356    1.322414
     event_5 |  -1.235931   .7878373    -1.57   0.117    -2.780064    .3082013
------------------------------------------------------------------------------
  11,037
       panel variable:  frame_id_numeric (unbalanced)
        time variable:  year, 1985 to 2018, but with gaps
                delta:  1 unit
Generating weights...
Estimating lnQL: event_m5
Estimating lnQL: event_m4
Estimating lnQL: event_m3
Estimating lnQL: event_m2
Estimating lnQL: event_m1
Estimating lnQL: event_1
Estimating lnQL: event_2
Estimating lnQL: event_3
Estimating lnQL: event_4
Estimating lnQL: event_5
Estimating lnK: event_m5
Estimating lnK: event_m4
Estimating lnK: event_m3
Estimating lnK: event_m2
Estimating lnK: event_m1
Estimating lnK: event_1
Estimating lnK: event_2
Estimating lnK: event_3
Estimating lnK: event_4
Estimating lnK: event_5
Estimating lnL: event_m5
Estimating lnL: event_m4
Estimating lnL: event_m3
Estimating lnL: event_m2
Estimating lnL: event_m1
Estimating lnL: event_1
Estimating lnL: event_2
Estimating lnL: event_3
Estimating lnL: event_4
Estimating lnL: event_5
Estimating exporter: event_m5
Estimating exporter: event_m4
Estimating exporter: event_m3
Estimating exporter: event_m2
Estimating exporter: event_m1
Estimating exporter: event_1
Estimating exporter: event_2
Estimating exporter: event_3
Estimating exporter: event_4
Estimating exporter: event_5
Estimating lnQ: event_m5
Estimating lnQ: event_m4
Estimating lnQ: event_m3
Estimating lnQ: event_m2
Estimating lnQ: event_m1
Estimating lnQ: event_1
Estimating lnQ: event_2
Estimating lnQ: event_3
Estimating lnQ: event_4
Estimating lnQ: event_5
Callaway Sant'Anna (2021)

                                                Number of obs     =     11,234

------------------------------------------------------------------------------
             |      Coef.   Std. Err.      z    P>|z|     [95% Conf. Interval]
-------------+----------------------------------------------------------------
lnQL         |
    event_m5 |  -2.262736   .1528239   -14.81   0.000    -2.562265   -1.963207
    event_m4 |  -1.646745   .1250869   -13.16   0.000     -1.89191   -1.401579
    event_m3 |  -1.231858   .1158652   -10.63   0.000     -1.45895   -1.004766
    event_m2 |  -.7579974   .0904964    -8.38   0.000     -.935367   -.5806278
    event_m1 |  -.3475814   .0321561   -10.81   0.000    -.4106063   -.2845565
     event_1 |     .56668   .0649024     8.73   0.000     .4394736    .6938864
     event_2 |   .5588356   .1868706     2.99   0.003     .1925759    .9250953
     event_3 |   .7246472   .2662663     2.72   0.006     .2027748     1.24652
     event_4 |   .7346752   .2605518     2.82   0.005      .224003    1.245347
     event_5 |   .0588639   .3694435     0.16   0.873     -.665232    .7829598
-------------+----------------------------------------------------------------
lnK          |
    event_m5 |   -2.93777   .2015191   -14.58   0.000    -3.332741     -2.5428
    event_m4 |  -2.124642   .1684414   -12.61   0.000    -2.454781   -1.794503
    event_m3 |  -1.628212   .1676292    -9.71   0.000    -1.956759   -1.299665
    event_m2 |  -1.038026   .0968663   -10.72   0.000     -1.22788   -.8481715
    event_m1 |  -.4537745   .0610978    -7.43   0.000     -.573524    -.334025
     event_1 |   .6076173   .0514938    11.80   0.000     .5066913    .7085434
     event_2 |   .5542957   .2042523     2.71   0.007     .1539686    .9546227
     event_3 |   .7257293   .3188091     2.28   0.023      .100875    1.350584
     event_4 |   .7246979   .3378578     2.14   0.032     .0625087    1.386887
     event_5 |   .0052145   .4752564     0.01   0.991     -.926271    .9366999
-------------+----------------------------------------------------------------
lnL          |
    event_m5 |  -.9799334   .1056184    -9.28   0.000    -1.186942   -.7729252
    event_m4 |  -.7272167   .0876811    -8.29   0.000    -.8990685    -.555365
    event_m3 |  -.5551643   .0611292    -9.08   0.000    -.6749752   -.4353533
    event_m2 |  -.3818424   .0443147    -8.62   0.000    -.4686977   -.2949871
    event_m1 |  -.1784279   .0304798    -5.85   0.000    -.2381673   -.1186886
     event_1 |   .2540358   .0330291     7.69   0.000        .1893    .3187716
     event_2 |   .2591587   .0841979     3.08   0.002     .0941337    .4241836
     event_3 |   .3758842   .1261036     2.98   0.003     .1287257    .6230426
     event_4 |   .4488481   .1478803     3.04   0.002     .1590079    .7386882
     event_5 |   .2390288   .1813352     1.32   0.187    -.1163817    .5944393
-------------+----------------------------------------------------------------
exporter     |
    event_m5 |  -.1611105   .0324837    -4.96   0.000    -.2247773   -.0974437
    event_m4 |  -.1304199   .0288953    -4.51   0.000    -.1870536   -.0737862
    event_m3 |  -.0557113     .03618    -1.54   0.124    -.1266228    .0152003
    event_m2 |   -.050064   .0249887    -2.00   0.045     -.099041   -.0010871
    event_m1 |  -.0183371   .0183031    -1.00   0.316    -.0542105    .0175363
     event_1 |   .0696858    .015812     4.41   0.000      .038695    .1006767
     event_2 |   .0557015   .0260911     2.13   0.033     .0045639     .106839
     event_3 |   .0701647   .0333708     2.10   0.036     .0047592    .1355703
     event_4 |    .077022   .0274089     2.81   0.005     .0233014    .1307425
     event_5 |   .0175931   .0367738     0.48   0.632    -.0544821    .0896684
-------------+----------------------------------------------------------------
lnQ          |
    event_m5 |  -3.242669   .2194623   -14.78   0.000    -3.672808   -2.812531
    event_m4 |  -2.373961   .1769064   -13.42   0.000    -2.720692   -2.027231
    event_m3 |  -1.787022   .1583075   -11.29   0.000    -2.097299   -1.476745
    event_m2 |   -1.13984   .1083228   -10.52   0.000    -1.352149   -.9275311
    event_m1 |  -.5260094   .0415606   -12.66   0.000    -.6074667    -.444552
     event_1 |   .8207158   .0751871    10.92   0.000     .6733519    .9680798
     event_2 |   .8179942   .2542038     3.22   0.001      .319764    1.316224
     event_3 |   1.100531   .3771277     2.92   0.004     .3613746    1.839688
     event_4 |   1.183523   .3861017     3.07   0.002     .4267778    1.940269
     event_5 |   .2978927   .5166859     0.58   0.564     -.714793    1.310578
------------------------------------------------------------------------------
  11,234

. 
. esttab model* using "`here'/output/table_attgt_nn.tex", mtitle b(3) se(3) replace
(note: file /srv/sandbox/zavecz/dropbox_encrypted/darthmouth/expat-analysis//output/table_attgt_nn.tex not found)
(output written to /srv/sandbox/zavecz/dropbox_encrypted/darthmouth/expat-analysis//output/table_attgt_nn.tex)

. esttab model* using "`here'/output/table_attgt_nn.txt", mtitle b(3) se(3) replace
(note: file /srv/sandbox/zavecz/dropbox_encrypted/darthmouth/expat-analysis//output/table_attgt_nn.txt not found)
(output written to /srv/sandbox/zavecz/dropbox_encrypted/darthmouth/expat-analysis//output/table_attgt_nn.txt)

. 
. log close
      name:  <unnamed>
       log:  /srv/sandbox/zavecz/dropbox_encrypted/darthmouth/expat-analysis//output/est_attgt_nn.log
  log type:  text
 closed on:   7 Jul 2021, 16:17:58
--------------------------------------------------------------------------------------------------------------------------------------------------------------
