----------------------------------------------------------------------------------
      name:  <unnamed>
       log:  /Users/koren/Google Drive/Research/expat/research_design/talk/output/
> estimate_manager_level.log
  log type:  text
 opened on:  12 Jan 2019, 12:38:16

. 
. 
. use temp/analysis_sample

. 
. *Dinamika
. scalar Tbefore = 4

. scalar Tduring = 6

. scalar Tafter = 4

. 
. gen byte analysis_window = (tenure>=-Tbefore-1)&(year-first_exit_year<=Tafter)

. 
. global sample_baseline (analysis_window==1)

. global sample_manufacturing $sample_baseline & (manufacturing==1)

. global sample_acquisitions $sample_baseline & (greenfield==0)

. global sample_1990s $sample_acquisitions & (enter_year>=1994 & enter_year<=1999)

. global sample_2000s $sample_acquisitions & (enter_year>=2000)

. global sample_ever_foreign $sample_acquisitions & (ever_foreign==1)

. 
. global samples baseline acquisitions

. 
. global outcomes lnL lnKL lnQL exporter

. global controls foreign i.ind_year i.age_cat

. 
. label var lnL "Employment (log)"

. label var lnKL "Capital per worker (log)"

. label var lnQL "Revenue per worker (log)"

. label var exporter "Firm is an exporter (dummy)"

. 
. egen person_tag = tag(frame_id manager_id)

. egen N = sum(person_tag), by(frame_id)

. gen inverse_weight = 1/N

. 
. * verify founders are not in analysis sample
. foreach X of var during* after* {
  2.         replace `X'=0 if founder==1
  3. }
(0 real changes made)
(156,736 real changes made)
(65,411 real changes made)
(81,861 real changes made)
(90,563 real changes made)
(55,334 real changes made)
(105,536 real changes made)
(120,373 real changes made)
(113,200 real changes made)
(17,142 real changes made)
(8,638 real changes made)
(11,993 real changes made)
(11,964 real changes made)
(13,320 real changes made)
(10,192 real changes made)
(11,047 real changes made)
(14,421 real changes made)
(0 real changes made)
(0 real changes made)
(0 real changes made)
(0 real changes made)
(0 real changes made)
(0 real changes made)
(0 real changes made)
(0 real changes made)
(0 real changes made)
(0 real changes made)
(0 real changes made)
(0 real changes made)
(0 real changes made)
(0 real changes made)
(0 real changes made)
(0 real changes made)
(0 real changes made)
(0 real changes made)
(0 real changes made)
(0 real changes made)
(0 real changes made)
(0 real changes made)
(0 real changes made)
(0 real changes made)
(0 real changes made)
(0 real changes made)
(0 real changes made)
(0 real changes made)
(0 real changes made)
(0 real changes made)
(0 real changes made)
(0 real changes made)
(0 real changes made)
(113,142 real changes made)
(60,285 real changes made)
(57,025 real changes made)
(57,563 real changes made)
(52,066 real changes made)
(74,086 real changes made)
(95,636 real changes made)
(49,280 real changes made)
(20,382 real changes made)
(11,540 real changes made)
(15,163 real changes made)
(13,699 real changes made)
(15,828 real changes made)
(12,017 real changes made)
(15,255 real changes made)
(9,788 real changes made)
(0 real changes made)
(0 real changes made)
(0 real changes made)
(0 real changes made)
(0 real changes made)
(0 real changes made)
(0 real changes made)
(0 real changes made)
(0 real changes made)
(0 real changes made)
(0 real changes made)
(0 real changes made)
(0 real changes made)
(0 real changes made)
(0 real changes made)
(0 real changes made)
(0 real changes made)
(0 real changes made)
(0 real changes made)
(0 real changes made)
(0 real changes made)
(0 real changes made)
(0 real changes made)
(0 real changes made)
(0 real changes made)
(0 real changes made)
(0 real changes made)
(0 real changes made)
(0 real changes made)
(0 real changes made)
(0 real changes made)
(0 real changes made)

. 
. xtset firm_person year
       panel variable:  firm_person (unbalanced)
        time variable:  year, 1992 to 2016, but with gaps
                delta:  1 unit

. 
. do est_`1'

. local i = 1

. foreach X of var $outcomes {
  2.         foreach sample in $samples {
  3.                 di "`X': `sample'"
  4.                 xtreg `X' foreign during after during_expat after_expat i.ind
> _year i.age_cat if ${sample_`sample'} [aw=inverse_weight], i(firm_person ) fe vc
> e(cluster id)
  5.                 * FIXME: use eststo and esttab here
.                 
.                 local fname = e(depvar)
  6.                 local title : variable label `fname'
  7. 
.                 slopegraph, ///
>                         from(0 0 1 _b[during] 0 0 1 _b[during]+_b[during_expat])
>  ///
>                         to(1 _b[during] 2 _b[after] 1 _b[during]+_b[during_expat
> ] 2 _b[after]+_b[after_expat]) ///
>                         style(p1 p1 p2 p2) ///
>                         label("Local-during" "Local-after" "Expat-during" "Expat
> -after" ) ///
>                         width_test(during after==during during_expat after_expat
> ==during_expat) ///
>                         star_test(1==1 1==1 during_expat after_expat) ///
>                         connect(stepstair) ///
>                         format(scheme(538w) xlabel(none) xtitle("") ytitle("") t
> itle(`title') legend(off) aspect(.5) plotregion(style(none)) xsize(16) ysize(10)
> )
  8. 
.                 graph export output/figure/`sample'_`fname'_slope.png, width(160
> 0) replace
  9.         }
 10.         local i = `i' + 1
 11. }
lnL: baseline

Fixed-effects (within) regression               Number of obs      =    613611
Group variable: firm_person                     Number of groups   =     70542

R-sq:  within  = 0.1031                         Obs per group: min =         1
       between = 0.0272                                        avg =       8.7
       overall = 0.0352                                        max =        25

                                                F(78,22579)        =     63.45
corr(u_i, Xb)  = -0.2593                        Prob > F           =    0.0000

                                (Std. Err. adjusted for 22,580 clusters in id)
------------------------------------------------------------------------------
             |               Robust
         lnL |      Coef.   Std. Err.      t    P>|t|     [95% Conf. Interval]
-------------+----------------------------------------------------------------
     foreign |   .0030644   .0260628     0.12   0.906    -.0480205    .0541494
      during |  -.0575084   .0085537    -6.72   0.000    -.0742742   -.0407425
       after |  -.2001252   .0156085   -12.82   0.000     -.230719   -.1695314
during_expat |   .1002833   .0179699     5.58   0.000      .065061    .1355056
 after_expat |   .2145717   .0274797     7.81   0.000     .1607097    .2684337
             |
    ind_year |
          2  |  -.1448053   .0175513    -8.25   0.000    -.1792071   -.1104036
          3  |   -.296579   .0234968   -12.62   0.000    -.3426343   -.2505236
          4  |  -.4366667    .027767   -15.73   0.000    -.4910918   -.3822415
          5  |  -.5409956   .0318563   -16.98   0.000    -.6034362    -.478555
          6  |  -.6342408   .0356034   -17.81   0.000    -.7040259   -.5644556
          7  |  -.6826928    .039216   -17.41   0.000    -.7595588   -.6058268
          8  |  -.7084097   .0426266   -16.62   0.000    -.7919608   -.6248585
          9  |  -.7545207   .0461802   -16.34   0.000     -.845037   -.6640043
         10  |  -.8105912   .0496396   -16.33   0.000    -.9078882   -.7132943
         11  |  -.8746926   .0530406   -16.49   0.000    -.9786559   -.7707292
         12  |  -.9178179   .0565018   -16.24   0.000    -1.028565   -.8070705
         13  |  -.9540925   .0600614   -15.89   0.000    -1.071817    -.836368
         14  |  -.9937921   .0635471   -15.64   0.000    -1.118349   -.8692354
         15  |  -1.017638   .0669777   -15.19   0.000    -1.148919   -.8863574
         16  |  -1.065456   .0703119   -15.15   0.000    -1.203273   -.9276404
         17  |  -1.106781   .0738491   -14.99   0.000     -1.25153   -.9620315
         18  |   -1.20054   .0772264   -15.55   0.000    -1.351909   -1.049171
         19  |  -1.268278   .0804999   -15.76   0.000    -1.426064   -1.110493
         20  |  -1.319171    .083512   -15.80   0.000     -1.48286   -1.155481
         21  |  -1.382376   .0864307   -15.99   0.000    -1.551786   -1.212965
         22  |  -1.430767   .0892284   -16.03   0.000     -1.60566   -1.255873
         23  |  -1.468094   .0920072   -15.96   0.000    -1.648435   -1.287754
         24  |     -1.509   .0951775   -15.85   0.000    -1.695554   -1.322445
         25  |  -1.533645   .0984154   -15.58   0.000    -1.726546   -1.340744
         26  |   .5484386   .0529009    10.37   0.000     .4447492     .652128
         27  |    .346276   .0505663     6.85   0.000     .2471626    .4453895
         28  |   .2008356   .0492281     4.08   0.000     .1043451     .297326
         29  |   .0633089   .0489946     1.29   0.196    -.0327238    .1593417
         30  |  -.0318595   .0487178    -0.65   0.513    -.1273497    .0636307
         31  |  -.1023858   .0498701    -2.05   0.040    -.2001348   -.0046369
         32  |  -.1617629   .0508594    -3.18   0.001    -.2614509    -.062075
         33  |  -.2275652   .0526122    -4.33   0.000    -.3306888   -.1244417
         34  |  -.2869341   .0546586    -5.25   0.000    -.3940687   -.1797995
         35  |  -.3484658   .0571515    -6.10   0.000    -.4604867   -.2364449
         36  |  -.4395056   .0595719    -7.38   0.000    -.5562708   -.3227405
         37  |  -.5089612   .0621851    -8.18   0.000    -.6308484    -.387074
         38  |  -.5906763   .0650617    -9.08   0.000    -.7182018   -.4631508
         39  |  -.6534868   .0682797    -9.57   0.000    -.7873197    -.519654
         40  |   -.688205   .0715322    -9.62   0.000     -.828413    -.547997
         41  |  -.7141723    .074519    -9.58   0.000    -.8602347   -.5681099
         42  |  -.7675838   .0776121    -9.89   0.000     -.919709   -.6154587
         43  |  -.9057503   .0809755   -11.19   0.000    -1.064468   -.7470327
         44  |  -.9594786    .084765   -11.32   0.000    -1.125624   -.7933334
         45  |  -.9748566   .0879078   -11.09   0.000    -1.147162   -.8025511
         46  |  -1.005318   .0910035   -11.05   0.000    -1.183691   -.8269446
         47  |  -1.035352   .0938641   -11.03   0.000    -1.219332   -.8513717
         48  |  -1.052299   .0967958   -10.87   0.000    -1.242025   -.8625723
         49  |  -1.069205   .0996706   -10.73   0.000    -1.264566   -.8738433
         50  |  -1.097688   .1023133   -10.73   0.000    -1.298229   -.8971469
             |
     age_cat |
          1  |    .419498   .0158263    26.51   0.000     .3884772    .4505187
          2  |   .7235114   .0184594    39.19   0.000     .6873298    .7596931
          3  |   .9435163   .0214352    44.02   0.000     .9015018    .9855308
          4  |   1.122554   .0246434    45.55   0.000     1.074252    1.170857
          5  |   1.272337   .0280554    45.35   0.000     1.217347    1.327328
          6  |   1.397982    .031547    44.31   0.000     1.336148    1.459817
          7  |   1.499491   .0351534    42.66   0.000     1.430587    1.568394
          8  |   1.595113   .0388468    41.06   0.000      1.51897    1.671255
          9  |   1.671959   .0424797    39.36   0.000     1.588696    1.755222
         10  |    1.74108   .0461211    37.75   0.000      1.65068    1.831481
         11  |   1.807135   .0498167    36.28   0.000     1.709491    1.904779
         12  |   1.872288   .0534787    35.01   0.000     1.767466     1.97711
         13  |   1.932103   .0571395    33.81   0.000     1.820106      2.0441
         14  |   1.975212   .0608498    32.46   0.000     1.855943    2.094482
         15  |   2.020419    .064577    31.29   0.000     1.893843    2.146994
         16  |   2.059187   .0682938    30.15   0.000     1.925327    2.193048
         17  |   2.093775   .0721028    29.04   0.000     1.952449    2.235102
         18  |   2.140764   .0756728    28.29   0.000      1.99244    2.289088
         19  |   2.176596    .079512    27.37   0.000     2.020747    2.332445
         20  |   2.248267   .0865123    25.99   0.000     2.078697    2.417837
         25  |   2.355701   .0973925    24.19   0.000     2.164805    2.546597
         30  |   2.118101   .1269476    16.68   0.000     1.869275    2.366928
         40  |   2.008935   .1412279    14.22   0.000     1.732119    2.285751
         50  |   1.979499   .1431352    13.83   0.000     1.698944    2.260054
             |
       _cons |   3.031944   .0348215    87.07   0.000     2.963692    3.100196
-------------+----------------------------------------------------------------
     sigma_u |  1.1598517
     sigma_e |  .64143133
         rho |  .76579014   (fraction of variance due to u_i)
------------------------------------------------------------------------------
number of observations (_N) was 0, now 8
(8 missing values generated)
(8 missing values generated)
(8 missing values generated)
(1 real change made)
(1 real change made)
(1 real change made)
(1 real change made)
variable label was str1 now str12
(1 real change made)

 ( 1)  during = 0

       F(  1, 22579) =   45.20
            Prob > F =    0.0000

 ( 1) = 0
       Constraint 1 dropped

       F(  0, 22579) =       .
            Prob > F =         .
(1 real change made)
(1 real change made)
(1 real change made)
(1 real change made)
(1 real change made)

 ( 1)  - during + after = 0

       F(  1, 22579) =  182.12
            Prob > F =    0.0000

 ( 1) = 0
       Constraint 1 dropped

       F(  0, 22579) =       .
            Prob > F =         .
(1 real change made)
(1 real change made)
(1 real change made)
(1 real change made)
(1 real change made)

 ( 1)  during_expat = 0

       F(  1, 22579) =   31.14
            Prob > F =    0.0000

 ( 1)  during_expat = 0

       F(  1, 22579) =   31.14
            Prob > F =    0.0000
variable label was str12 now str14
(1 real change made)
(1 real change made)
(1 real change made)
(1 real change made)
(1 real change made)
(1 real change made)

 ( 1)  - during_expat + after_expat = 0

       F(  1, 22579) =   36.43
            Prob > F =    0.0000

 ( 1)  after_expat = 0

       F(  1, 22579) =   60.97
            Prob > F =    0.0000
(1 real change made)
(file output/figure/baseline_lnL_slope.png written in PNG format)
lnL: acquisitions

Fixed-effects (within) regression               Number of obs      =    455349
Group variable: firm_person                     Number of groups   =     52559

R-sq:  within  = 0.0965                         Obs per group: min =         1
       between = 0.0264                                        avg =       8.7
       overall = 0.0304                                        max =        25

                                                F(78,18612)        =     47.23
corr(u_i, Xb)  = -0.2874                        Prob > F           =    0.0000

                                (Std. Err. adjusted for 18,613 clusters in id)
------------------------------------------------------------------------------
             |               Robust
         lnL |      Coef.   Std. Err.      t    P>|t|     [95% Conf. Interval]
-------------+----------------------------------------------------------------
     foreign |   .0271023   .0332679     0.81   0.415    -.0381059    .0923105
      during |  -.0616752   .0094437    -6.53   0.000    -.0801858   -.0431646
       after |  -.2211795   .0174374   -12.68   0.000    -.2553585   -.1870005
during_expat |   .0076921   .0447342     0.17   0.863    -.0799912    .0953753
 after_expat |   .0962105   .0608498     1.58   0.114    -.0230606    .2154817
             |
    ind_year |
          2  |   -.151968    .018327    -8.29   0.000    -.1878907   -.1160453
          3  |  -.3207669    .024882   -12.89   0.000    -.3695379   -.2719959
          4  |  -.4711558    .029446   -16.00   0.000    -.5288728   -.4134389
          5  |  -.5898962   .0337967   -17.45   0.000    -.6561407   -.5236517
          6  |  -.6948502    .038039   -18.27   0.000    -.7694102   -.6202902
          7  |  -.7478455   .0420583   -17.78   0.000    -.8302837   -.6654073
          8  |  -.7793426   .0457211   -17.05   0.000    -.8689602   -.6897249
          9  |  -.8299772   .0495911   -16.74   0.000    -.9271803   -.7327741
         10  |  -.8879116   .0532669   -16.67   0.000    -.9923197   -.7835036
         11  |  -.9496838   .0568747   -16.70   0.000    -1.061163   -.8382042
         12  |  -.9897378   .0605628   -16.34   0.000    -1.108446   -.8710292
         13  |  -1.025515   .0643597   -15.93   0.000    -1.151666   -.8993644
         14  |  -1.071901   .0680969   -15.74   0.000    -1.205377   -.9384248
         15  |  -1.098606   .0717186   -15.32   0.000    -1.239181   -.9580308
         16  |  -1.158387   .0752467   -15.39   0.000    -1.305877   -1.010896
         17  |  -1.204474   .0790013   -15.25   0.000    -1.359324   -1.049625
         18  |  -1.291467   .0825513   -15.64   0.000    -1.453275   -1.129659
         19  |  -1.353938   .0859688   -15.75   0.000    -1.522445   -1.185431
         20  |  -1.402909   .0891037   -15.74   0.000    -1.577561   -1.228258
         21  |  -1.459124   .0921791   -15.83   0.000    -1.639804   -1.278445
         22  |  -1.505658   .0951379   -15.83   0.000    -1.692137   -1.319179
         23  |  -1.545264   .0980591   -15.76   0.000    -1.737469    -1.35306
         24  |  -1.591178   .1013959   -15.69   0.000    -1.789923   -1.392432
         25  |  -1.613252    .104829   -15.39   0.000    -1.818726   -1.407778
         26  |   .5206442   .0585169     8.90   0.000     .4059458    .6353426
         27  |   .3090031   .0556076     5.56   0.000     .2000072     .417999
         28  |   .1523446   .0540206     2.82   0.005     .0464593      .25823
         29  |   .0012254   .0538704     0.02   0.982    -.1043654    .1068163
         30  |  -.1134763   .0535554    -2.12   0.034    -.2184498   -.0085028
         31  |  -.1960264    .054638    -3.59   0.000     -.303122   -.0889309
         32  |  -.2572724   .0555323    -4.63   0.000    -.3661207   -.1484241
         33  |  -.3307228   .0573908    -5.76   0.000    -.4432141   -.2182315
         34  |  -.4046481   .0594953    -6.80   0.000    -.5212643   -.2880319
         35  |  -.4674257   .0621378    -7.52   0.000    -.5892215     -.34563
         36  |  -.5443058   .0644937    -8.44   0.000    -.6707194   -.4178921
         37  |  -.6146969   .0672027    -9.15   0.000    -.7464202   -.4829735
         38  |  -.6906671   .0701529    -9.85   0.000    -.8281731   -.5531611
         39  |   -.757295   .0735808   -10.29   0.000      -.90152     -.61307
         40  |  -.7894697   .0770064   -10.25   0.000    -.9404093   -.6385301
         41  |  -.8238333   .0801234   -10.28   0.000    -.9808825   -.6667842
         42  |  -.8780001   .0831858   -10.55   0.000    -1.041052   -.7149484
         43  |  -1.004497   .0867014   -11.59   0.000     -1.17444    -.834554
         44  |  -1.051386   .0907051   -11.59   0.000    -1.229177   -.8735961
         45  |  -1.076428   .0941068   -11.44   0.000    -1.260886   -.8919701
         46  |  -1.101286   .0973768   -11.31   0.000    -1.292153   -.9104182
         47  |  -1.132785    .100303   -11.29   0.000    -1.329388   -.9361824
         48  |  -1.150953   .1034141   -11.13   0.000    -1.353654   -.9482516
         49  |    -1.1906   .1064463   -11.18   0.000    -1.399245   -.9819556
         50  |    -1.2238    .109173   -11.21   0.000    -1.437789   -1.009811
             |
     age_cat |
          1  |   .4156637   .0173262    23.99   0.000     .3817027    .4496246
          2  |     .70349   .0202079    34.81   0.000     .6638806    .7430993
          3  |   .9213822   .0234849    39.23   0.000     .8753496    .9674147
          4  |   1.102554   .0269315    40.94   0.000     1.049766    1.155343
          5  |   1.256165   .0305788    41.08   0.000     1.196228    1.316102
          6  |   1.383213   .0343141    40.31   0.000     1.315955    1.450472
          7  |   1.488304   .0381604    39.00   0.000     1.413506    1.563101
          8  |   1.581592   .0420984    37.57   0.000     1.499075    1.664108
          9  |   1.654715   .0459542    36.01   0.000     1.564641     1.74479
         10  |   1.724579   .0497665    34.65   0.000     1.627032    1.822125
         11  |   1.792572   .0536314    33.42   0.000     1.687449    1.897694
         12  |   1.858781   .0575002    32.33   0.000     1.746076    1.971487
         13  |   1.914616   .0613545    31.21   0.000     1.794355    2.034876
         14  |   1.957568   .0653036    29.98   0.000     1.829567    2.085569
         15  |   2.002403   .0692007    28.94   0.000     1.866763    2.138043
         16  |   2.039771   .0731255    27.89   0.000     1.896439    2.183104
         17  |   2.074027   .0771341    26.89   0.000     1.922837    2.225217
         18  |   2.121845   .0808727    26.24   0.000     1.963327    2.280363
         19  |   2.153914    .085009    25.34   0.000     1.987288    2.320539
         20  |   2.224936   .0923876    24.08   0.000     2.043848    2.406025
         25  |    2.33382   .1040309    22.43   0.000      2.12991     2.53773
         30  |   2.106205   .1339013    15.73   0.000     1.843746    2.368664
         40  |    2.00711   .1487485    13.49   0.000     1.715549    2.298671
         50  |   1.987238   .1508846    13.17   0.000     1.691491    2.282986
             |
       _cons |   3.051025   .0361381    84.43   0.000     2.980191    3.121859
-------------+----------------------------------------------------------------
     sigma_u |  1.1251765
     sigma_e |  .64656386
         rho |  .75176471   (fraction of variance due to u_i)
------------------------------------------------------------------------------
number of observations (_N) was 0, now 8
(8 missing values generated)
(8 missing values generated)
(8 missing values generated)
(1 real change made)
(1 real change made)
(1 real change made)
(1 real change made)
variable label was str1 now str12
(1 real change made)

 ( 1)  during = 0

       F(  1, 18612) =   42.65
            Prob > F =    0.0000

 ( 1) = 0
       Constraint 1 dropped

       F(  0, 18612) =       .
            Prob > F =         .
(1 real change made)
(1 real change made)
(1 real change made)
(1 real change made)
(1 real change made)

 ( 1)  - during + after = 0

       F(  1, 18612) =  179.04
            Prob > F =    0.0000

 ( 1) = 0
       Constraint 1 dropped

       F(  0, 18612) =       .
            Prob > F =         .
(1 real change made)
(1 real change made)
(1 real change made)
(1 real change made)
(1 real change made)

 ( 1)  during_expat = 0

       F(  1, 18612) =    0.03
            Prob > F =    0.8635

 ( 1)  during_expat = 0

       F(  1, 18612) =    0.03
            Prob > F =    0.8635
(1 real change made)
(1 real change made)
(1 real change made)
(1 real change made)
(1 real change made)

 ( 1)  - during_expat + after_expat = 0

       F(  1, 18612) =    4.34
            Prob > F =    0.0372

 ( 1)  after_expat = 0

       F(  1, 18612) =    2.50
            Prob > F =    0.1139
(file output/figure/acquisitions_lnL_slope.png written in PNG format)
lnKL: baseline

Fixed-effects (within) regression               Number of obs      =    613611
Group variable: firm_person                     Number of groups   =     70542

R-sq:  within  = 0.1529                         Obs per group: min =         1
       between = 0.1115                                        avg =       8.7
       overall = 0.0937                                        max =        25

                                                F(78,22579)        =    108.99
corr(u_i, Xb)  = -0.0040                        Prob > F           =    0.0000

                                (Std. Err. adjusted for 22,580 clusters in id)
------------------------------------------------------------------------------
             |               Robust
        lnKL |      Coef.   Std. Err.      t    P>|t|     [95% Conf. Interval]
-------------+----------------------------------------------------------------
     foreign |    .116864   .0338606     3.45   0.001     .0504949     .183233
      during |  -.0093911   .0099608    -0.94   0.346     -.028915    .0101327
       after |  -.0513293   .0179455    -2.86   0.004    -.0865038   -.0161548
during_expat |  -.2279596   .0212406   -10.73   0.000    -.2695926   -.1863265
 after_expat |  -.4089153   .0311307   -13.14   0.000    -.4699335    -.347897
             |
    ind_year |
          2  |   .1530583   .0246152     6.22   0.000     .1048107    .2013058
          3  |   .7405153   .0315016    23.51   0.000       .67877    .8022605
          4  |   .9003756   .0365228    24.65   0.000     .8287884    .9719627
          5  |   1.073675   .0410215    26.17   0.000     .9932704     1.15408
          6  |   1.330577   .0456189    29.17   0.000     1.241161    1.419994
          7  |    1.60285   .0503737    31.82   0.000     1.504114    1.701586
          8  |    1.80826   .0551656    32.78   0.000     1.700132    1.916389
          9  |   1.956705   .0600319    32.59   0.000     1.839038    2.074372
         10  |   2.104965   .0652667    32.25   0.000     1.977038    2.232892
         11  |   2.255986   .0702938    32.09   0.000     2.118206    2.393767
         12  |   2.318724    .075545    30.69   0.000      2.17065    2.466797
         13  |   2.379027   .0808906    29.41   0.000     2.220476    2.537578
         14  |    2.40631   .0862105    27.91   0.000     2.237331    2.575288
         15  |   2.383465   .0916387    26.01   0.000     2.203846    2.563083
         16  |   2.428831   .0968181    25.09   0.000     2.239061    2.618602
         17  |   2.456368   .1023771    23.99   0.000     2.255701    2.657034
         18  |   2.469596   .1078401    22.90   0.000     2.258222     2.68097
         19  |   2.434045   .1132662    21.49   0.000     2.212035    2.656055
         20  |   2.441673   .1185222    20.60   0.000     2.209361    2.673984
         21  |   2.471193   .1230771    20.08   0.000     2.229953    2.712432
         22  |   2.502037   .1274649    19.63   0.000     2.252197    2.751877
         23  |    2.60249   .1318025    19.75   0.000     2.344147    2.860832
         24  |   2.367668   .1370463    17.28   0.000     2.099047    2.636288
         25  |   2.371491    .142143    16.68   0.000     2.092881    2.650101
         26  |   .4510699   .0598934     7.53   0.000     .3336747     .568465
         27  |   .5835148   .0554539    10.52   0.000     .4748213    .6922083
         28  |   .8790558   .0528821    16.62   0.000     .7754032    .9827084
         29  |   1.022301   .0528688    19.34   0.000     .9186742    1.125927
         30  |    1.14834   .0542554    21.17   0.000     1.041995    1.254684
         31  |   1.319174   .0563817    23.40   0.000     1.208662    1.429686
         32  |   1.532393   .0591904    25.89   0.000     1.416376     1.64841
         33  |   1.701381   .0624923    27.23   0.000     1.578892     1.82387
         34  |    1.83136   .0664357    27.57   0.000     1.701142    1.961579
         35  |   1.935663   .0707793    27.35   0.000     1.796931    2.074396
         36  |   2.051142    .075445    27.19   0.000     1.903265     2.19902
         37  |   2.150302   .0800173    26.87   0.000     1.993462    2.307141
         38  |   2.238464   .0848101    26.39   0.000      2.07223    2.404697
         39  |   2.272342   .0898438    25.29   0.000     2.096242    2.448442
         40  |   2.294594   .0948838    24.18   0.000     2.108616    2.480573
         41  |    2.32164   .0999175    23.24   0.000     2.125795    2.517485
         42  |   2.397033    .105396    22.74   0.000     2.190449    2.603616
         43  |   2.455546   .1110269    22.12   0.000     2.237925    2.673166
         44  |   2.442341   .1168218    20.91   0.000     2.213362     2.67132
         45  |   2.478363   .1219021    20.33   0.000     2.239426    2.717299
         46  |   2.490525   .1269076    19.62   0.000     2.241777    2.739273
         47  |   2.537668   .1314741    19.30   0.000      2.27997    2.795366
         48  |   2.619305   .1356917    19.30   0.000      2.35334     2.88527
         49  |   2.512148   .1405517    17.87   0.000     2.236657    2.787639
         50  |   2.535458   .1449997    17.49   0.000     2.251249    2.819668
             |
     age_cat |
          1  |   .0654324   .0247477     2.64   0.008     .0169253    .1139396
          2  |   .0875146   .0282118     3.10   0.002     .0322175    .1428116
          3  |   .0932782   .0318629     2.93   0.003     .0308248    .1557316
          4  |   .1108171   .0360624     3.07   0.002     .0401322    .1815019
          5  |   .0878906    .040641     2.16   0.031     .0082315    .1675497
          6  |   .0645568   .0455087     1.42   0.156    -.0246433    .1537569
          7  |    .042481   .0505525     0.84   0.401    -.0566054    .1415674
          8  |   .0332226   .0558018     0.60   0.552    -.0761527    .1425979
          9  |   .0254206   .0610996     0.42   0.677    -.0943388      .14518
         10  |   .0123558   .0664432     0.19   0.852    -.1178776    .1425891
         11  |    .005629   .0718494     0.08   0.938    -.1352009    .1464588
         12  |   .0060398   .0771601     0.08   0.938    -.1451992    .1572788
         13  |  -.0051332   .0826012    -0.06   0.950    -.1670372    .1567708
         14  |  -.0049737   .0881274    -0.06   0.955    -.1777096    .1677621
         15  |  -.0004734    .093639    -0.01   0.996    -.1840124    .1830656
         16  |  -.0142379   .0993838    -0.14   0.886     -.209037    .1805613
         17  |  -.0189228   .1051263    -0.18   0.857    -.2249776    .1871321
         18  |  -.0152773   .1107277    -0.14   0.890    -.2323113    .2017566
         19  |   -.030915   .1167178    -0.26   0.791      -.25969      .19786
         20  |  -.0628573   .1279801    -0.49   0.623    -.3137072    .1879926
         25  |  -.1512575   .1462312    -1.03   0.301    -.4378808    .1353657
         30  |  -.1091642   .1819442    -0.60   0.549    -.4657873     .247459
         40  |   .0118946   .2136989     0.06   0.956    -.4069699    .4307592
         50  |   .0599368   .2370469     0.25   0.800    -.4046915    .5245651
             |
       _cons |   4.096951   .0436109    93.94   0.000      4.01147    4.182431
-------------+----------------------------------------------------------------
     sigma_u |  1.6903795
     sigma_e |  .88061077
         rho |  .78653851   (fraction of variance due to u_i)
------------------------------------------------------------------------------
number of observations (_N) was 0, now 8
(8 missing values generated)
(8 missing values generated)
(8 missing values generated)
(1 real change made)
(1 real change made)
(1 real change made)
(1 real change made)
variable label was str1 now str12
(1 real change made)

 ( 1)  during = 0

       F(  1, 22579) =    0.89
            Prob > F =    0.3458

 ( 1) = 0
       Constraint 1 dropped

       F(  0, 22579) =       .
            Prob > F =         .
(1 real change made)
(1 real change made)
(1 real change made)
(1 real change made)
(1 real change made)

 ( 1)  - during + after = 0

       F(  1, 22579) =   11.33
            Prob > F =    0.0008

 ( 1) = 0
       Constraint 1 dropped

       F(  0, 22579) =       .
            Prob > F =         .
(1 real change made)
(1 real change made)
(1 real change made)
(1 real change made)
(1 real change made)

 ( 1)  during_expat = 0

       F(  1, 22579) =  115.18
            Prob > F =    0.0000

 ( 1)  during_expat = 0

       F(  1, 22579) =  115.18
            Prob > F =    0.0000
variable label was str12 now str14
(1 real change made)
(1 real change made)
(1 real change made)
(1 real change made)
(1 real change made)
(1 real change made)

 ( 1)  - during_expat + after_expat = 0

       F(  1, 22579) =   67.87
            Prob > F =    0.0000

 ( 1)  after_expat = 0

       F(  1, 22579) =  172.54
            Prob > F =    0.0000
(1 real change made)
(file output/figure/baseline_lnKL_slope.png written in PNG format)
lnKL: acquisitions

Fixed-effects (within) regression               Number of obs      =    455349
Group variable: firm_person                     Number of groups   =     52559

R-sq:  within  = 0.1751                         Obs per group: min =         1
       between = 0.1321                                        avg =       8.7
       overall = 0.1183                                        max =        25

                                                F(78,18612)        =    102.52
corr(u_i, Xb)  = 0.0079                         Prob > F           =    0.0000

                                (Std. Err. adjusted for 18,613 clusters in id)
------------------------------------------------------------------------------
             |               Robust
        lnKL |      Coef.   Std. Err.      t    P>|t|     [95% Conf. Interval]
-------------+----------------------------------------------------------------
     foreign |   .0239345   .0414314     0.58   0.563    -.0572749    .1051438
      during |  -.0048998   .0109196    -0.45   0.654    -.0263032    .0165037
       after |   -.026062   .0199266    -1.31   0.191      -.06512     .012996
during_expat |  -.0641576   .0548075    -1.17   0.242    -.1715853      .04327
 after_expat |  -.1748346   .0732895    -2.39   0.017    -.3184887   -.0311806
             |
    ind_year |
          2  |    .138763   .0261688     5.30   0.000     .0874698    .1900562
          3  |   .7231246   .0335011    21.59   0.000     .6574593    .7887898
          4  |   .8848015    .038922    22.73   0.000     .8085107    .9610922
          5  |   1.046319   .0438138    23.88   0.000     .9604403    1.132199
          6  |   1.297807   .0486941    26.65   0.000     1.202362    1.393252
          7  |   1.574716   .0537718    29.29   0.000     1.469318    1.680113
          8  |   1.784293   .0588485    30.32   0.000     1.668944    1.899641
          9  |    1.93029   .0639514    30.18   0.000     1.804939     2.05564
         10  |   2.077748   .0695516    29.87   0.000      1.94142    2.214075
         11  |   2.231321   .0749095    29.79   0.000     2.084492    2.378151
         12  |   2.297007    .080501    28.53   0.000     2.139217    2.454796
         13  |   2.357859   .0862116    27.35   0.000     2.188877    2.526842
         14  |   2.380429   .0918963    25.90   0.000     2.200304    2.560554
         15  |   2.358885   .0976453    24.16   0.000     2.167492    2.550279
         16  |   2.413932   .1031097    23.41   0.000     2.211828    2.616037
         17  |   2.443513   .1090365    22.41   0.000     2.229791    2.657234
         18  |   2.453604   .1147691    21.38   0.000     2.228646    2.678562
         19  |   2.414249   .1203982    20.05   0.000     2.178258    2.650241
         20  |   2.415507   .1260101    19.17   0.000     2.168516    2.662499
         21  |   2.444908   .1307766    18.70   0.000     2.188573    2.701242
         22  |   2.483257   .1354527    18.33   0.000     2.217758    2.748757
         23  |   2.593549   .1400134    18.52   0.000      2.31911    2.867988
         24  |   2.390023   .1455668    16.42   0.000     2.104698    2.675347
         25  |   2.386103   .1509596    15.81   0.000     2.090209    2.681998
         26  |    .423169   .0655032     6.46   0.000     .2947767    .5515612
         27  |   .5376776   .0603125     8.91   0.000     .4194595    .6558957
         28  |   .8198384   .0574326    14.27   0.000     .7072652    .9324116
         29  |   .9643052   .0573111    16.83   0.000     .8519702     1.07664
         30  |   1.090318   .0586709    18.58   0.000     .9753176    1.205318
         31  |   1.257975   .0610116    20.62   0.000     1.138387    1.377563
         32  |   1.470238   .0637842    23.05   0.000     1.345215    1.595261
         33  |     1.6239   .0674875    24.06   0.000     1.491619    1.756182
         34  |    1.75986   .0715608    24.59   0.000     1.619594    1.900125
         35  |    1.87112   .0762783    24.53   0.000     1.721608    2.020633
         36  |   2.012702   .0811169    24.81   0.000     1.853705    2.171698
         37  |   2.132596   .0859286    24.82   0.000     1.964168    2.301024
         38  |   2.205741   .0909942    24.24   0.000     2.027384    2.384098
         39  |   2.244079   .0961495    23.34   0.000     2.055618    2.432541
         40  |   2.260332   .1014296    22.28   0.000      2.06152    2.459143
         41  |   2.293759   .1067891    21.48   0.000     2.084442    2.503075
         42  |   2.368949   .1126412    21.03   0.000     2.148162    2.589736
         43  |    2.40872    .118641    20.30   0.000     2.176173    2.641268
         44  |   2.398724   .1247773    19.22   0.000     2.154149    2.643299
         45  |   2.431555    .130334    18.66   0.000     2.176089    2.687022
         46  |   2.431065   .1356427    17.92   0.000     2.165193    2.696937
         47  |   2.466426   .1404127    17.57   0.000     2.191204    2.741647
         48  |   2.548297   .1447115    17.61   0.000      2.26465    2.831945
         49  |   2.473365   .1498314    16.51   0.000     2.179682    2.767049
         50  |   2.498173   .1545222    16.17   0.000     2.195296    2.801051
             |
     age_cat |
          1  |   .0738642    .027245     2.71   0.007     .0204615    .1272669
          2  |   .1205584   .0311134     3.87   0.000     .0595732    .1815436
          3  |   .1446316   .0349805     4.13   0.000     .0760666    .2131965
          4  |    .169987    .039414     4.31   0.000     .0927319    .2472421
          5  |   .1573675   .0442296     3.56   0.000     .0706733    .2440616
          6  |   .1373606   .0493228     2.78   0.005     .0406834    .2340378
          7  |   .1300366    .054651     2.38   0.017     .0229156    .2371575
          8  |   .1277934   .0601765     2.12   0.034     .0098419    .2457448
          9  |   .1333968   .0657068     2.03   0.042     .0046055    .2621881
         10  |   .1290489   .0713535     1.81   0.071    -.0108105    .2689083
         11  |   .1240209   .0770969     1.61   0.108    -.0270961    .2751379
         12  |   .1268983    .082647     1.54   0.125    -.0350974    .2888941
         13  |   .1154767   .0884064     1.31   0.191     -.057808    .2887614
         14  |   .1195962   .0942438     1.27   0.204    -.0651303    .3043228
         15  |    .127109   .1000977     1.27   0.204    -.0690917    .3233096
         16  |   .1062274   .1061898     1.00   0.317    -.1019143    .3143692
         17  |    .100822   .1122138     0.90   0.369    -.1191273    .3207714
         18  |   .1106576   .1181359     0.94   0.349    -.1208996    .3422148
         19  |   .0953221   .1244105     0.77   0.444    -.1485339    .3391781
         20  |   .0628552    .136393     0.46   0.645    -.2044876     .330198
         25  |  -.0182102   .1558349    -0.12   0.907    -.3236608    .2872404
         30  |   .0345114   .1928944     0.18   0.858    -.3435792     .412602
         40  |   .1488122   .2252619     0.66   0.509    -.2927218    .5903462
         50  |   .1802737   .2496427     0.72   0.470    -.3090489    .6695963
             |
       _cons |   3.930866   .0454337    86.52   0.000     3.841812     4.01992
-------------+----------------------------------------------------------------
     sigma_u |  1.6374231
     sigma_e |  .88125895
         rho |  .77539949   (fraction of variance due to u_i)
------------------------------------------------------------------------------
number of observations (_N) was 0, now 8
(8 missing values generated)
(8 missing values generated)
(8 missing values generated)
(1 real change made)
(1 real change made)
(1 real change made)
(1 real change made)
variable label was str1 now str12
(1 real change made)

 ( 1)  during = 0

       F(  1, 18612) =    0.20
            Prob > F =    0.6536

 ( 1) = 0
       Constraint 1 dropped

       F(  0, 18612) =       .
            Prob > F =         .
(1 real change made)
(1 real change made)
(1 real change made)
(1 real change made)
(1 real change made)

 ( 1)  - during + after = 0

       F(  1, 18612) =    2.30
            Prob > F =    0.1292

 ( 1) = 0
       Constraint 1 dropped

       F(  0, 18612) =       .
            Prob > F =         .
(1 real change made)
(1 real change made)
(1 real change made)
(1 real change made)
(1 real change made)

 ( 1)  during_expat = 0

       F(  1, 18612) =    1.37
            Prob > F =    0.2418

 ( 1)  during_expat = 0

       F(  1, 18612) =    1.37
            Prob > F =    0.2418
(1 real change made)
(1 real change made)
(1 real change made)
(1 real change made)
(1 real change made)

 ( 1)  - during_expat + after_expat = 0

       F(  1, 18612) =    4.20
            Prob > F =    0.0404

 ( 1)  after_expat = 0

       F(  1, 18612) =    5.69
            Prob > F =    0.0171
variable label was str12 now str13
(1 real change made)
(file output/figure/acquisitions_lnKL_slope.png written in PNG format)
lnQL: baseline

Fixed-effects (within) regression               Number of obs      =    613611
Group variable: firm_person                     Number of groups   =     70542

R-sq:  within  = 0.2313                         Obs per group: min =         1
       between = 0.2368                                        avg =       8.7
       overall = 0.1779                                        max =        25

                                                F(78,22579)        =    179.02
corr(u_i, Xb)  = 0.0919                         Prob > F           =    0.0000

                                (Std. Err. adjusted for 22,580 clusters in id)
------------------------------------------------------------------------------
             |               Robust
        lnQL |      Coef.   Std. Err.      t    P>|t|     [95% Conf. Interval]
-------------+----------------------------------------------------------------
     foreign |   .0662132   .0189898     3.49   0.000     .0289919    .1034345
      during |    .029723   .0059174     5.02   0.000     .0181246    .0413214
       after |   .0560643   .0106859     5.25   0.000     .0351192    .0770095
during_expat |   .0590724    .013237     4.46   0.000     .0331271    .0850178
 after_expat |   .0703448   .0193959     3.63   0.000     .0323275    .1083621
             |
    ind_year |
          2  |   .0796217   .0155527     5.12   0.000     .0491373    .1101061
          3  |    .232762   .0193623    12.02   0.000     .1948106    .2707135
          4  |   .4010844   .0218213    18.38   0.000     .3583131    .4438556
          5  |   .5651639   .0238358    23.71   0.000      .518444    .6118837
          6  |   .7448604   .0265028    28.10   0.000      .692913    .7968078
          7  |   .8817124    .028827    30.59   0.000     .8252096    .9382153
          8  |   .9650598    .031007    31.12   0.000      .904284    1.025836
          9  |   1.082006   .0334336    32.36   0.000     1.016474    1.147539
         10  |   1.200348   .0359848    33.36   0.000     1.129815    1.270881
         11  |   1.267034   .0384704    32.94   0.000      1.19163    1.342439
         12  |   1.295273   .0411212    31.50   0.000     1.214672    1.375873
         13  |   1.346482   .0436898    30.82   0.000     1.260847    1.432117
         14  |   1.390513   .0461238    30.15   0.000     1.300108    1.480919
         15  |   1.455534   .0488794    29.78   0.000     1.359727    1.551341
         16  |   1.488854   .0511476    29.11   0.000     1.388601    1.589107
         17  |   1.539593   .0539141    28.56   0.000     1.433918    1.645269
         18  |   1.479936   .0565393    26.18   0.000     1.369115    1.590757
         19  |    1.50812   .0590974    25.52   0.000     1.392285    1.623955
         20  |   1.555848   .0616015    25.26   0.000     1.435105    1.676591
         21  |   1.575406   .0638518    24.67   0.000     1.450253     1.70056
         22  |   1.627801   .0659618    24.68   0.000     1.498511    1.757091
         23  |   1.680595   .0681027    24.68   0.000     1.547109    1.814082
         24  |   1.707768   .0705351    24.21   0.000     1.569514    1.846022
         25  |    1.70605   .0727313    23.46   0.000     1.563492    1.848608
         26  |  -.3069682   .0361977    -8.48   0.000    -.3779182   -.2360182
         27  |  -.1959453    .034283    -5.72   0.000    -.2631425   -.1287482
         28  |   -.011609   .0331999    -0.35   0.727    -.0766831    .0534651
         29  |    .229085   .0334036     6.86   0.000     .1636117    .2945584
         30  |   .3779063   .0335452    11.27   0.000     .3121554    .4436573
         31  |   .5518186   .0344516    16.02   0.000      .484291    .6193462
         32  |   .6914586   .0356411    19.40   0.000     .6215995    .7613177
         33  |   .7721891   .0367944    20.99   0.000     .7000696    .8443086
         34  |   .9189251   .0386162    23.80   0.000     .8432347    .9946155
         35  |   1.007415   .0403031    25.00   0.000     .9284179    1.086412
         36  |    1.06061   .0424757    24.97   0.000     .9773543    1.143865
         37  |   1.129381   .0446146    25.31   0.000     1.041933    1.216829
         38  |   1.204656   .0468912    25.69   0.000     1.112746    1.296566
         39  |   1.260002   .0492698    25.57   0.000      1.16343    1.356574
         40  |   1.363592   .0522118    26.12   0.000     1.261253    1.465931
         41  |   1.422741   .0542071    26.25   0.000     1.316491     1.52899
         42  |   1.498699   .0563624    26.59   0.000     1.388225    1.609173
         43  |   1.475809   .0590174    25.01   0.000     1.360131    1.591487
         44  |   1.534787   .0616679    24.89   0.000     1.413914    1.655661
         45  |    1.60219   .0640889    25.00   0.000     1.476572    1.727809
         46  |   1.615439    .066369    24.34   0.000     1.485351    1.745527
         47  |   1.649001   .0683819    24.11   0.000     1.514968    1.783034
         48  |   1.710155   .0703182    24.32   0.000     1.572327    1.847984
         49  |   1.718511   .0727958    23.61   0.000     1.575826    1.861196
         50  |   1.750052   .0749334    23.35   0.000     1.603177    1.896927
             |
     age_cat |
          1  |   .2679384   .0152314    17.59   0.000     .2380839    .2977929
          2  |   .2934631   .0168182    17.45   0.000     .2604982     .326428
          3  |   .2870978   .0185465    15.48   0.000     .2507454    .3234501
          4  |   .2818532    .020403    13.81   0.000     .2418619    .3218445
          5  |   .2699458   .0225467    11.97   0.000     .2257527    .3141388
          6  |   .2593169   .0248471    10.44   0.000     .2106149    .3080189
          7  |   .2609727   .0272555     9.58   0.000       .20755    .3143953
          8  |   .2446885   .0297584     8.22   0.000     .1863601     .303017
          9  |   .2340404   .0322924     7.25   0.000      .170745    .2973358
         10  |   .2206715   .0349189     6.32   0.000      .152228    .2891149
         11  |   .2194039   .0376177     5.83   0.000     .1456706    .2931373
         12  |   .2098512   .0403122     5.21   0.000     .1308365    .2888659
         13  |   .2051151   .0429905     4.77   0.000     .1208507    .2893795
         14  |   .2055903   .0457141     4.50   0.000     .1159875    .2951931
         15  |   .2036783   .0484729     4.20   0.000     .1086681    .2986885
         16  |   .1937964   .0511584     3.79   0.000     .0935223    .2940704
         17  |   .1803593   .0540899     3.33   0.001     .0743394    .2863791
         18  |   .1763831    .056853     3.10   0.002     .0649473    .2878189
         19  |    .153527   .0598558     2.56   0.010     .0362054    .2708486
         20  |   .1283369   .0651952     1.97   0.049     .0005499    .2561239
         25  |   .0798343   .0739328     1.08   0.280    -.0650792    .2247477
         30  |   .0849769   .0985151     0.86   0.388    -.1081195    .2780734
         40  |   .0630614   .1102384     0.57   0.567    -.1530134    .2791363
         50  |   .0608679   .1204733     0.51   0.613    -.1752682     .297004
             |
       _cons |   7.622794   .0268273   284.14   0.000     7.570211    7.675378
-------------+----------------------------------------------------------------
     sigma_u |  1.1965188
     sigma_e |  .53806565
         rho |  .83179215   (fraction of variance due to u_i)
------------------------------------------------------------------------------
number of observations (_N) was 0, now 8
(8 missing values generated)
(8 missing values generated)
(8 missing values generated)
(1 real change made)
(1 real change made)
(1 real change made)
(1 real change made)
variable label was str1 now str12
(1 real change made)

 ( 1)  during = 0

       F(  1, 22579) =   25.23
            Prob > F =    0.0000

 ( 1) = 0
       Constraint 1 dropped

       F(  0, 22579) =       .
            Prob > F =         .
(1 real change made)
(1 real change made)
(1 real change made)
(1 real change made)
(1 real change made)

 ( 1)  - during + after = 0

       F(  1, 22579) =   12.53
            Prob > F =    0.0004

 ( 1) = 0
       Constraint 1 dropped

       F(  0, 22579) =       .
            Prob > F =         .
(1 real change made)
(1 real change made)
(1 real change made)
(1 real change made)
(1 real change made)

 ( 1)  during_expat = 0

       F(  1, 22579) =   19.92
            Prob > F =    0.0000

 ( 1)  during_expat = 0

       F(  1, 22579) =   19.92
            Prob > F =    0.0000
variable label was str12 now str14
(1 real change made)
(1 real change made)
(1 real change made)
(1 real change made)
(1 real change made)
(1 real change made)

 ( 1)  - during_expat + after_expat = 0

       F(  1, 22579) =    0.76
            Prob > F =    0.3821

 ( 1)  after_expat = 0

       F(  1, 22579) =   13.15
            Prob > F =    0.0003
(1 real change made)
(file output/figure/baseline_lnQL_slope.png written in PNG format)
lnQL: acquisitions

Fixed-effects (within) regression               Number of obs      =    455349
Group variable: firm_person                     Number of groups   =     52559

R-sq:  within  = 0.2311                         Obs per group: min =         1
       between = 0.2210                                        avg =       8.7
       overall = 0.1651                                        max =        25

                                                F(78,18612)        =    142.90
corr(u_i, Xb)  = 0.0505                         Prob > F           =    0.0000

                                (Std. Err. adjusted for 18,613 clusters in id)
------------------------------------------------------------------------------
             |               Robust
        lnQL |      Coef.   Std. Err.      t    P>|t|     [95% Conf. Interval]
-------------+----------------------------------------------------------------
     foreign |   .0617962   .0243128     2.54   0.011      .014141    .1094514
      during |   .0313423   .0065005     4.82   0.000     .0186007    .0440839
       after |   .0593945   .0120181     4.94   0.000      .035838     .082951
during_expat |   .1612249   .0299156     5.39   0.000     .1025877    .2198621
 after_expat |    .231706    .039847     5.81   0.000     .1536023    .3098097
             |
    ind_year |
          2  |   .0799451   .0162421     4.92   0.000     .0481091    .1117812
          3  |    .240599   .0202949    11.86   0.000     .2008191    .2803789
          4  |   .4170414   .0228843    18.22   0.000     .3721861    .4618966
          5  |   .5748211   .0250845    22.92   0.000     .5256532     .623989
          6  |   .7541252    .028077    26.86   0.000     .6990917    .8091588
          7  |   .8913757   .0306405    29.09   0.000     .8313176    .9514338
          8  |    .979489   .0329523    29.72   0.000     .9148994    1.044079
          9  |   1.104405   .0355519    31.06   0.000      1.03472     1.17409
         10  |   1.228368   .0382796    32.09   0.000     1.153337      1.3034
         11  |   1.295275   .0409447    31.63   0.000      1.21502    1.375531
         12  |   1.322956   .0437351    30.25   0.000     1.237231    1.408681
         13  |   1.369141   .0464451    29.48   0.000     1.278104    1.460178
         14  |   1.412936    .049059    28.80   0.000     1.316775    1.509096
         15  |   1.485514   .0520187    28.56   0.000     1.383553    1.587476
         16  |   1.521815   .0543664    27.99   0.000     1.415252    1.628378
         17  |   1.580293   .0572999    27.58   0.000      1.46798    1.692606
         18  |   1.518789   .0600704    25.28   0.000     1.401045    1.636532
         19  |   1.543413   .0627135    24.61   0.000     1.420489    1.666337
         20  |   1.591589   .0652998    24.37   0.000     1.463596    1.719583
         21  |   1.614465   .0677085    23.84   0.000      1.48175     1.74718
         22  |   1.670429   .0699239    23.89   0.000     1.533372    1.807486
         23  |   1.722359   .0721322    23.88   0.000     1.580974    1.863745
         24  |   1.756495   .0747151    23.51   0.000     1.610047    1.902944
         25  |   1.749911    .076964    22.74   0.000     1.599055    1.900768
         26  |  -.2571786   .0388467    -6.62   0.000    -.3333217   -.1810354
         27  |  -.1462571   .0372417    -3.93   0.000    -.2192542     -.07326
         28  |   .0175999   .0363093     0.48   0.628    -.0535697    .0887694
         29  |   .2515545    .036456     6.90   0.000     .1800974    .3230116
         30  |   .4112945   .0365998    11.24   0.000     .3395555    .4830335
         31  |   .5794055   .0376573    15.39   0.000     .5055938    .6532171
         32  |   .7215741   .0387239    18.63   0.000     .6456717    .7974765
         33  |   .7912764   .0400059    19.78   0.000     .7128612    .8696916
         34  |   .9404045   .0418633    22.46   0.000     .8583486     1.02246
         35  |   1.032607   .0436029    23.68   0.000     .9471411    1.118072
         36  |   1.091963   .0458679    23.81   0.000     1.002058    1.181868
         37  |   1.151323   .0481683    23.90   0.000     1.056909    1.245737
         38  |   1.232425   .0504551    24.43   0.000     1.133528    1.331322
         39  |   1.276392   .0529099    24.12   0.000     1.172684      1.3801
         40  |   1.372756   .0560266    24.50   0.000     1.262939    1.482574
         41  |   1.448244   .0579374    25.00   0.000     1.334681    1.561807
         42  |    1.52515   .0602845    25.30   0.000     1.406987    1.643313
         43  |   1.501251   .0630189    23.82   0.000     1.377728    1.624774
         44  |   1.544238   .0658391    23.45   0.000     1.415188    1.673289
         45  |   1.616346   .0683832    23.64   0.000     1.482308    1.750383
         46  |   1.625505   .0708671    22.94   0.000     1.486599    1.764411
         47  |   1.652545   .0728091    22.70   0.000     1.509832    1.795257
         48  |     1.7136   .0748254    22.90   0.000     1.566935    1.860265
         49  |   1.727027   .0775137    22.28   0.000     1.575093    1.878961
         50  |   1.758343   .0796626    22.07   0.000     1.602197    1.914489
             |
     age_cat |
          1  |   .2448791   .0159132    15.39   0.000     .2136878    .2760703
          2  |   .2459964   .0176833    13.91   0.000     .2113356    .2806572
          3  |   .2261305    .019628    11.52   0.000     .1876577    .2646033
          4  |   .2155346     .02166     9.95   0.000      .173079    .2579902
          5  |   .2040442   .0239489     8.52   0.000     .1571022    .2509861
          6  |   .1874064   .0264617     7.08   0.000     .1355389    .2392738
          7  |   .1896529   .0290345     6.53   0.000     .1327426    .2465632
          8  |   .1760515   .0317229     5.55   0.000     .1138717    .2382312
          9  |   .1632868    .034432     4.74   0.000     .0957969    .2307767
         10  |   .1479904   .0371845     3.98   0.000     .0751053    .2208755
         11  |    .147929   .0400508     3.69   0.000     .0694257    .2264322
         12  |   .1452977   .0428682     3.39   0.001      .061272    .2293234
         13  |   .1359593   .0456991     2.98   0.003      .046385    .2255336
         14  |   .1384024   .0485797     2.85   0.004     .0431817     .233623
         15  |   .1338083    .051472     2.60   0.009     .0329184    .2346982
         16  |    .125885   .0543042     2.32   0.020     .0194439    .2323262
         17  |   .1099329   .0574221     1.91   0.056    -.0026197    .2224855
         18  |   .1055348    .060341     1.75   0.080    -.0127391    .2238086
         19  |   .0848203   .0635442     1.33   0.182    -.0397321    .2093727
         20  |    .056347   .0692013     0.81   0.416    -.0792938    .1919878
         25  |   .0061251   .0785248     0.08   0.938    -.1477906    .1600408
         30  |   .0168418   .1038214     0.16   0.871    -.1866577    .2203413
         40  |  -.0031872    .115092    -0.03   0.978    -.2287782    .2224037
         50  |  -.0141788   .1258236    -0.11   0.910    -.2608046    .2324469
             |
       _cons |   7.563864   .0275775   274.28   0.000      7.50981    7.617919
-------------+----------------------------------------------------------------
     sigma_u |  1.1446388
     sigma_e |  .53634116
         rho |  .81997055   (fraction of variance due to u_i)
------------------------------------------------------------------------------
number of observations (_N) was 0, now 8
(8 missing values generated)
(8 missing values generated)
(8 missing values generated)
(1 real change made)
(1 real change made)
(1 real change made)
(1 real change made)
variable label was str1 now str12
(1 real change made)

 ( 1)  during = 0

       F(  1, 18612) =   23.25
            Prob > F =    0.0000

 ( 1) = 0
       Constraint 1 dropped

       F(  0, 18612) =       .
            Prob > F =         .
(1 real change made)
(1 real change made)
(1 real change made)
(1 real change made)
(1 real change made)

 ( 1)  - during + after = 0

       F(  1, 18612) =   10.97
            Prob > F =    0.0009

 ( 1) = 0
       Constraint 1 dropped

       F(  0, 18612) =       .
            Prob > F =         .
(1 real change made)
(1 real change made)
(1 real change made)
(1 real change made)
(1 real change made)

 ( 1)  during_expat = 0

       F(  1, 18612) =   29.04
            Prob > F =    0.0000

 ( 1)  during_expat = 0

       F(  1, 18612) =   29.04
            Prob > F =    0.0000
variable label was str12 now str14
(1 real change made)
(1 real change made)
(1 real change made)
(1 real change made)
(1 real change made)
(1 real change made)

 ( 1)  - during_expat + after_expat = 0

       F(  1, 18612) =    6.92
            Prob > F =    0.0085

 ( 1)  after_expat = 0

       F(  1, 18612) =   33.81
            Prob > F =    0.0000
(1 real change made)
(file output/figure/acquisitions_lnQL_slope.png written in PNG format)
exporter: baseline

Fixed-effects (within) regression               Number of obs      =    613611
Group variable: firm_person                     Number of groups   =     70542

R-sq:  within  = 0.0409                         Obs per group: min =         1
       between = 0.1358                                        avg =       8.7
       overall = 0.0884                                        max =        25

                                                F(78,22579)        =     37.26
corr(u_i, Xb)  = 0.1935                         Prob > F           =    0.0000

                                (Std. Err. adjusted for 22,580 clusters in id)
------------------------------------------------------------------------------
             |               Robust
    exporter |      Coef.   Std. Err.      t    P>|t|     [95% Conf. Interval]
-------------+----------------------------------------------------------------
     foreign |   .0280398   .0100725     2.78   0.005      .008297    .0477826
      during |  -.0077672   .0027724    -2.80   0.005    -.0132013   -.0023332
       after |  -.0249278   .0047407    -5.26   0.000      -.03422   -.0156356
during_expat |   .0086323   .0054015     1.60   0.110    -.0019549    .0192196
 after_expat |   .0094872    .007725     1.23   0.219    -.0056543    .0246288
             |
    ind_year |
          2  |  -.0257506    .007437    -3.46   0.001    -.0403277   -.0111736
          3  |  -.0467513   .0089175    -5.24   0.000    -.0642302   -.0292724
          4  |  -.0568252   .0099111    -5.73   0.000    -.0762517   -.0373988
          5  |  -.0503305   .0110841    -4.54   0.000     -.072056    -.028605
          6  |  -.0666898   .0120793    -5.52   0.000    -.0903661   -.0430136
          7  |  -.0617797   .0131256    -4.71   0.000    -.0875068   -.0360526
          8  |  -.0761428   .0141965    -5.36   0.000    -.1039688   -.0483167
          9  |  -.0760607   .0154357    -4.93   0.000    -.1063158   -.0458056
         10  |   -.072007   .0165877    -4.34   0.000      -.10452   -.0394939
         11  |  -.0757495    .017848    -4.24   0.000    -.1107328   -.0407662
         12  |  -.0784374   .0190029    -4.13   0.000    -.1156844   -.0411905
         13  |  -.0699309   .0202956    -3.45   0.001    -.1097117   -.0301501
         14  |  -.0593788   .0216037    -2.75   0.006    -.1017235    -.017034
         15  |  -.0501237   .0228754    -2.19   0.028     -.094961   -.0052864
         16  |  -.0368522   .0241367    -1.53   0.127    -.0841619    .0104574
         17  |  -.0211818    .025434    -0.83   0.405    -.0710341    .0286705
         18  |  -.0164571   .0267811    -0.61   0.539      -.06895    .0360357
         19  |  -.0163509   .0280588    -0.58   0.560    -.0713481    .0386463
         20  |   -.006785   .0292636    -0.23   0.817    -.0641437    .0505736
         21  |   -.005404   .0304127    -0.18   0.859     -.065015    .0542071
         22  |   .0024372   .0314771     0.08   0.938      -.05926    .0641344
         23  |  -.0009175   .0325577    -0.03   0.978    -.0647328    .0628978
         24  |  -.1080397   .0336866    -3.21   0.001    -.1740677   -.0420117
         25  |  -.1421111   .0349365    -4.07   0.000     -.210589   -.0736331
         26  |    .034071   .0180771     1.88   0.059    -.0013613    .0695033
         27  |   .0118352   .0163975     0.72   0.470    -.0203049    .0439754
         28  |    .015717   .0160525     0.98   0.328     -.015747    .0471809
         29  |   .0171473   .0158832     1.08   0.280    -.0139848    .0482794
         30  |   .0190959   .0159424     1.20   0.231    -.0121523    .0503441
         31  |   .0155978    .016222     0.96   0.336    -.0161984    .0473939
         32  |   .0189997    .016677     1.14   0.255    -.0136884    .0516877
         33  |   .0192652   .0172636     1.12   0.264    -.0145726     .053103
         34  |   .0132195   .0181129     0.73   0.465    -.0222831     .048722
         35  |   .0186853   .0189485     0.99   0.324    -.0184551    .0558256
         36  |   .0152644   .0200387     0.76   0.446    -.0240128    .0545416
         37  |   .0117171   .0210475     0.56   0.578    -.0295375    .0529716
         38  |   .0119279   .0220961     0.54   0.589    -.0313819    .0552377
         39  |   .0133839   .0233021     0.57   0.566    -.0322898    .0590577
         40  |   .0144266   .0243265     0.59   0.553    -.0332551    .0621082
         41  |   .0321534   .0254796     1.26   0.207    -.0177884    .0820953
         42  |   .0372301   .0267057     1.39   0.163    -.0151148    .0895751
         43  |   .0401816   .0280127     1.43   0.151    -.0147252    .0950885
         44  |   .0540501   .0292968     1.84   0.065    -.0033736    .1114738
         45  |   .0583186    .030508     1.91   0.056    -.0014793    .1181164
         46  |   .0605305   .0317533     1.91   0.057    -.0017082    .1227692
         47  |   .0687567   .0327731     2.10   0.036     .0045192    .1329943
         48  |   .0628778   .0336725     1.87   0.062    -.0031225    .1288782
         49  |  -.1954989   .0350014    -5.59   0.000    -.2641042   -.1268937
         50  |  -.2486816   .0362527    -6.86   0.000    -.3197395   -.1776237
             |
     age_cat |
          1  |   .0515894   .0059331     8.70   0.000     .0399602    .0632187
          2  |   .0760677   .0067683    11.24   0.000     .0628013     .089334
          3  |   .0915744   .0076329    12.00   0.000     .0766133    .1065355
          4  |   .1151671    .008698    13.24   0.000     .0981184    .1322158
          5  |   .1281649   .0098078    13.07   0.000     .1089409    .1473889
          6  |   .1385188   .0110511    12.53   0.000     .1168578    .1601798
          7  |   .1449298   .0122936    11.79   0.000     .1208334    .1690262
          8  |   .1582413   .0135962    11.64   0.000     .1315918    .1848908
          9  |   .1616195    .014921    10.83   0.000     .1323733    .1908656
         10  |   .1648434   .0162385    10.15   0.000     .1330148    .1966719
         11  |   .1732034   .0175538     9.87   0.000     .1387968      .20761
         12  |   .1735908   .0188749     9.20   0.000     .1365946    .2105869
         13  |   .1798325   .0202573     8.88   0.000     .1401268    .2195382
         14  |   .1881096   .0216587     8.69   0.000     .1456571     .230562
         15  |   .1958268   .0229734     8.52   0.000     .1507972    .2408563
         16  |   .2039341   .0243304     8.38   0.000     .1562449    .2516233
         17  |   .2048182   .0256632     7.98   0.000     .1545165      .25512
         18  |   .2110576   .0271392     7.78   0.000     .1578628    .2642523
         19  |   .2056612   .0286283     7.18   0.000     .1495478    .2617747
         20  |   .2103693   .0309945     6.79   0.000     .1496179    .2711207
         25  |   .2228345   .0355391     6.27   0.000     .1531753    .2924937
         30  |   .2086536   .0493957     4.22   0.000     .1118346    .3054727
         40  |   .1847728   .0554812     3.33   0.001     .0760258    .2935199
         50  |   .1165931   .0592827     1.97   0.049     .0003949    .2327912
             |
       _cons |   .2788806   .0114594    24.34   0.000     .2564193    .3013419
-------------+----------------------------------------------------------------
     sigma_u |    .411236
     sigma_e |  .28443871
         rho |  .67640492   (fraction of variance due to u_i)
------------------------------------------------------------------------------
number of observations (_N) was 0, now 8
(8 missing values generated)
(8 missing values generated)
(8 missing values generated)
(1 real change made)
(1 real change made)
(1 real change made)
(1 real change made)
variable label was str1 now str12
(1 real change made)

 ( 1)  during = 0

       F(  1, 22579) =    7.85
            Prob > F =    0.0051

 ( 1) = 0
       Constraint 1 dropped

       F(  0, 22579) =       .
            Prob > F =         .
(1 real change made)
(1 real change made)
(1 real change made)
(1 real change made)
(1 real change made)

 ( 1)  - during + after = 0

       F(  1, 22579) =   26.37
            Prob > F =    0.0000

 ( 1) = 0
       Constraint 1 dropped

       F(  0, 22579) =       .
            Prob > F =         .
(1 real change made)
(1 real change made)
(1 real change made)
(1 real change made)
(1 real change made)

 ( 1)  during_expat = 0

       F(  1, 22579) =    2.55
            Prob > F =    0.1100

 ( 1)  during_expat = 0

       F(  1, 22579) =    2.55
            Prob > F =    0.1100
(1 real change made)
(1 real change made)
(1 real change made)
(1 real change made)
(1 real change made)

 ( 1)  - during_expat + after_expat = 0

       F(  1, 22579) =    0.02
            Prob > F =    0.8813

 ( 1)  after_expat = 0

       F(  1, 22579) =    1.51
            Prob > F =    0.2194
(file output/figure/baseline_exporter_slope.png written in PNG format)
exporter: acquisitions

Fixed-effects (within) regression               Number of obs      =    455349
Group variable: firm_person                     Number of groups   =     52559

R-sq:  within  = 0.0450                         Obs per group: min =         1
       between = 0.0678                                        avg =       8.7
       overall = 0.0574                                        max =        25

                                                F(78,18612)        =     31.74
corr(u_i, Xb)  = 0.1026                         Prob > F           =    0.0000

                                (Std. Err. adjusted for 18,613 clusters in id)
------------------------------------------------------------------------------
             |               Robust
    exporter |      Coef.   Std. Err.      t    P>|t|     [95% Conf. Interval]
-------------+----------------------------------------------------------------
     foreign |   .0148496     .01154     1.29   0.198    -.0077699     .037469
      during |   -.009638   .0030485    -3.16   0.002    -.0156134   -.0036627
       after |  -.0281412   .0052735    -5.34   0.000    -.0384777   -.0178047
during_expat |   .0457738   .0133182     3.44   0.001     .0196688    .0718788
 after_expat |   .0516366   .0182599     2.83   0.005     .0158456    .0874276
             |
    ind_year |
          2  |  -.0236902   .0076889    -3.08   0.002    -.0387611   -.0086193
          3  |  -.0455278    .009346    -4.87   0.000    -.0638468   -.0272088
          4  |  -.0553568   .0103871    -5.33   0.000    -.0757165   -.0349971
          5  |  -.0522625   .0116353    -4.49   0.000    -.0750688   -.0294562
          6  |  -.0668115   .0127524    -5.24   0.000    -.0918074   -.0418156
          7  |  -.0688924   .0139125    -4.95   0.000    -.0961623   -.0416226
          8  |  -.0821188   .0150152    -5.47   0.000    -.1115499   -.0526878
          9  |  -.0809153   .0163649    -4.94   0.000    -.1129919   -.0488386
         10  |  -.0795552   .0175782    -4.53   0.000    -.1140101   -.0451003
         11  |  -.0856117   .0189174    -4.53   0.000    -.1226914   -.0485319
         12  |  -.0889706   .0201554    -4.41   0.000     -.128477   -.0494643
         13  |  -.0823572   .0215351    -3.82   0.000     -.124568   -.0401464
         14  |  -.0751425    .022933    -3.28   0.001    -.1200933   -.0301917
         15  |  -.0652628   .0242695    -2.69   0.007    -.1128332   -.0176923
         16  |  -.0515152   .0255858    -2.01   0.044    -.1016657   -.0013647
         17  |  -.0344969   .0269695    -1.28   0.201    -.0873595    .0183658
         18  |  -.0303082   .0284151    -1.07   0.286    -.0860044     .025388
         19  |  -.0285875   .0297517    -0.96   0.337    -.0869035    .0297285
         20  |   -.020241   .0310221    -0.65   0.514    -.0810472    .0405653
         21  |  -.0240725   .0322196    -0.75   0.455    -.0872259    .0390809
         22  |  -.0175465   .0333375    -0.53   0.599     -.082891     .047798
         23  |  -.0220474   .0344812    -0.64   0.523    -.0896337    .0455389
         24  |  -.1267495    .035654    -3.55   0.000    -.1966347   -.0568644
         25  |   -.162833   .0369923    -4.40   0.000    -.2353413   -.0903248
         26  |   .0108504   .0200928     0.54   0.589    -.0285334    .0502342
         27  |  -.0094997    .018187    -0.52   0.601    -.0451479    .0261485
         28  |  -.0006481    .017814    -0.04   0.971    -.0355653    .0342691
         29  |  -.0044125   .0176313    -0.25   0.802    -.0389714    .0301463
         30  |   .0006576   .0176948     0.04   0.970    -.0340258    .0353411
         31  |  -.0013277   .0178859    -0.07   0.941    -.0363856    .0337303
         32  |   .0081105   .0182989     0.44   0.658    -.0277569     .043978
         33  |   .0010588    .018891     0.06   0.955    -.0359694    .0380869
         34  |  -.0010877   .0197805    -0.05   0.956    -.0398593    .0376839
         35  |    .006317   .0205715     0.31   0.759    -.0340051    .0466391
         36  |   .0052463   .0217387     0.24   0.809    -.0373635    .0478562
         37  |  -.0056738   .0228354    -0.25   0.804    -.0504333    .0390857
         38  |  -.0089618   .0238783    -0.38   0.707    -.0557655     .037842
         39  |  -.0028151   .0252139    -0.11   0.911    -.0522366    .0466064
         40  |    .007854    .026214     0.30   0.764    -.0435278    .0592357
         41  |   .0241899   .0274372     0.88   0.378    -.0295895    .0779693
         42  |    .030573   .0286851     1.07   0.287    -.0256525    .0867985
         43  |    .036518   .0300437     1.22   0.224    -.0223704    .0954064
         44  |   .0545628   .0314017     1.74   0.082    -.0069874     .116113
         45  |   .0601478   .0326886     1.84   0.066    -.0039249    .1242205
         46  |   .0612176    .034022     1.80   0.072    -.0054687    .1279038
         47  |   .0754996    .035005     2.16   0.031     .0068866    .1441126
         48  |   .0679697   .0358562     1.90   0.058    -.0023118    .1382511
         49  |  -.2224762   .0373061    -5.96   0.000    -.2955996   -.1493529
         50  |  -.2735447     .03866    -7.08   0.000    -.3493218   -.1977675
             |
     age_cat |
          1  |   .0517773   .0063073     8.21   0.000     .0394145      .06414
          2  |   .0741545   .0072029    10.30   0.000     .0600362    .0882729
          3  |   .0904166   .0081494    11.09   0.000      .074443    .1063903
          4  |   .1148309   .0092842    12.37   0.000      .096633    .1330288
          5  |   .1314008   .0104703    12.55   0.000     .1108782    .1519235
          6  |   .1439086   .0118039    12.19   0.000     .1207719    .1670453
          7  |   .1513213   .0131269    11.53   0.000     .1255914    .1770512
          8  |   .1672536   .0145202    11.52   0.000     .1387926    .1957145
          9  |   .1707016   .0159056    10.73   0.000     .1395253     .201878
         10  |   .1745433   .0173095    10.08   0.000     .1406151    .2084715
         11  |   .1849551   .0187003     9.89   0.000     .1483009    .2216093
         12  |    .187408   .0200943     9.33   0.000     .1480212    .2267947
         13  |    .194624   .0215565     9.03   0.000     .1523712    .2368768
         14  |   .2023795   .0230318     8.79   0.000     .1572351    .2475238
         15  |   .2118359   .0244273     8.67   0.000     .1639561    .2597157
         16  |   .2169245   .0258662     8.39   0.000     .1662244    .2676246
         17  |   .2215438   .0272433     8.13   0.000     .1681444    .2749433
         18  |   .2289091   .0288084     7.95   0.000     .1724419    .2853762
         19  |   .2230838   .0303929     7.34   0.000     .1635109    .2826567
         20  |   .2305883   .0328587     7.02   0.000     .1661822    .2949944
         25  |   .2415642   .0376907     6.41   0.000     .1676871    .3154414
         30  |   .2384968   .0520564     4.58   0.000     .1364614    .3405321
         40  |   .2157193   .0584121     3.69   0.000     .1012263    .3302124
         50  |   .1500599    .062104     2.42   0.016     .0283303    .2717894
             |
       _cons |   .2132869   .0116954    18.24   0.000     .1903629    .2362109
-------------+----------------------------------------------------------------
     sigma_u |  .38925989
     sigma_e |  .28588945
         rho |   .6496006   (fraction of variance due to u_i)
------------------------------------------------------------------------------
number of observations (_N) was 0, now 8
(8 missing values generated)
(8 missing values generated)
(8 missing values generated)
(1 real change made)
(1 real change made)
(1 real change made)
(1 real change made)
variable label was str1 now str12
(1 real change made)

 ( 1)  during = 0

       F(  1, 18612) =   10.00
            Prob > F =    0.0016

 ( 1) = 0
       Constraint 1 dropped

       F(  0, 18612) =       .
            Prob > F =         .
(1 real change made)
(1 real change made)
(1 real change made)
(1 real change made)
(1 real change made)

 ( 1)  - during + after = 0

       F(  1, 18612) =   24.29
            Prob > F =    0.0000

 ( 1) = 0
       Constraint 1 dropped

       F(  0, 18612) =       .
            Prob > F =         .
(1 real change made)
(1 real change made)
(1 real change made)
(1 real change made)
(1 real change made)

 ( 1)  during_expat = 0

       F(  1, 18612) =   11.81
            Prob > F =    0.0006

 ( 1)  during_expat = 0

       F(  1, 18612) =   11.81
            Prob > F =    0.0006
variable label was str12 now str14
(1 real change made)
(1 real change made)
(1 real change made)
(1 real change made)
(1 real change made)
(1 real change made)

 ( 1)  - during_expat + after_expat = 0

       F(  1, 18612) =    0.19
            Prob > F =    0.6653

 ( 1)  after_expat = 0

       F(  1, 18612) =    8.00
            Prob > F =    0.0047
(1 real change made)
(file output/figure/acquisitions_exporter_slope.png written in PNG format)

. 
end of do-file

. 
. log close
      name:  <unnamed>
       log:  /Users/koren/Google Drive/Research/expat/research_design/talk/output/
> estimate_manager_level.log
  log type:  text
 closed on:  12 Jan 2019, 12:45:22
----------------------------------------------------------------------------------
