-----------------------------------------------------------------------------------------------------------------
      name:  <unnamed>
       log:  /Users/koren/Documents/workspace/expat//output/event_studies.log
  log type:  text
 opened on:  30 Sep 2021, 01:13:26

. 
. local pre 5

. local post 10

. local vars lnL lnQL lnK exporter

. local controls lnQ lnK lnL lnM exporter

. 
. use "`here'/temp/analysis_sample.dta", clear

. keep if ever_foreign
(243,388 observations deleted)

. 
. count
  24,010

. 
. rename has_expat_ceo expat_hire

. generate local_hire = foreign_hire & !expat_hire

. generate no_hire = foreign & !foreign_hire

. 
. 
. foreach treatment in no_hire local_hire expat_hire {
  2.     attgt `vars', treatment(`treatment') aggregate(e) pre(`pre') post(`post') notyet limitcontrol(foreign ==
>  0) ipw(`controls')
  3.     count if e(sample) == 1
  4.     do "`here'/code/util/event_study_plot.do"
  5.     foreach outcome in `vars' {
  6.         graph display `outcome'
  7.         graph export "`here'/output/figure/event_study/`treatment'_`outcome'.png", replace
  8.         graph drop `outcome'
  9.     }
 10. }
       panel variable:  frame_id_numeric (unbalanced)
        time variable:  year, 1988 to 2018, but with gaps
                delta:  1 unit
Generating weights...

                          __000001
-------------------------------------------------------------
      Percentiles      Smallest
 1%            0              0
 5%            0              0
10%            0              0       Obs              24,010
25%      .070431              0       Sum of Wgt.      24,010

50%            1                      Mean            .583449
                        Largest       Std. Dev.      .4854091
75%            1       8.999998
90%            1       8.999998       Variance        .235622
95%            1       8.999998       Skewness       1.592643
99%            1       8.999998       Kurtosis       31.59947
Estimating lnL: event_m5
Estimating lnL: event_m4
Estimating lnL: event_m3
Estimating lnL: event_m2
Estimating lnL: event_m1
Estimating lnL: event_1
Estimating lnL: event_2
Estimating lnL: event_3
Estimating lnL: event_4
Estimating lnL: event_5
Estimating lnL: event_6
Estimating lnL: event_7
Estimating lnL: event_8
Estimating lnL: event_9
Estimating lnL: event_10
Estimating lnQL: event_m5
Estimating lnQL: event_m4
Estimating lnQL: event_m3
Estimating lnQL: event_m2
Estimating lnQL: event_m1
Estimating lnQL: event_1
Estimating lnQL: event_2
Estimating lnQL: event_3
Estimating lnQL: event_4
Estimating lnQL: event_5
Estimating lnQL: event_6
Estimating lnQL: event_7
Estimating lnQL: event_8
Estimating lnQL: event_9
Estimating lnQL: event_10
Estimating lnK: event_m5
Estimating lnK: event_m4
Estimating lnK: event_m3
Estimating lnK: event_m2
Estimating lnK: event_m1
Estimating lnK: event_1
Estimating lnK: event_2
Estimating lnK: event_3
Estimating lnK: event_4
Estimating lnK: event_5
Estimating lnK: event_6
Estimating lnK: event_7
Estimating lnK: event_8
Estimating lnK: event_9
Estimating lnK: event_10
Estimating exporter: event_m5
Estimating exporter: event_m4
Estimating exporter: event_m3
Estimating exporter: event_m2
Estimating exporter: event_m1
Estimating exporter: event_1
Estimating exporter: event_2
Estimating exporter: event_3
Estimating exporter: event_4
Estimating exporter: event_5
Estimating exporter: event_6
Estimating exporter: event_7
Estimating exporter: event_8
Estimating exporter: event_9
Estimating exporter: event_10
Callaway Sant'Anna (2021)

                                                Number of obs     =     15,860

------------------------------------------------------------------------------
             |      Coef.   Std. Err.      z    P>|z|     [95% Conf. Interval]
-------------+----------------------------------------------------------------
lnL          |
    event_m5 |   .0416403   .0553469     0.75   0.452    -.0668377    .1501183
    event_m4 |  -.0074168   .0493027    -0.15   0.880    -.1040482    .0892147
    event_m3 |   .0328192   .0387046     0.85   0.396    -.0430405    .1086789
    event_m2 |   .0097945    .033029     0.30   0.767    -.0549412    .0745302
    event_m1 |  -.0095106   .0205121    -0.46   0.643    -.0497136    .0306924
     event_1 |   .0040017   .0206361     0.19   0.846    -.0364444    .0444478
     event_2 |   .0334827   .0343062     0.98   0.329    -.0337562    .1007216
     event_3 |   .0160472    .045768     0.35   0.726    -.0736564    .1057507
     event_4 |   .0308895    .050345     0.61   0.540    -.0677848    .1295638
     event_5 |   .0243335   .0618518     0.39   0.694    -.0968938    .1455609
     event_6 |   .0970678   .0751028     1.29   0.196     -.050131    .2442665
     event_7 |   .0471361   .0879003     0.54   0.592    -.1251454    .2194176
     event_8 |   .0558359    .107384     0.52   0.603    -.1546329    .2663047
     event_9 |   .0803225   .1222804     0.66   0.511    -.1593427    .3199877
    event_10 |   .1116678   .1317785     0.85   0.397    -.1466133     .369949
-------------+----------------------------------------------------------------
lnQL         |
    event_m5 |    .062132   .0523867     1.19   0.236    -.0405441     .164808
    event_m4 |   .0502193   .0473164     1.06   0.289    -.0425192    .1429578
    event_m3 |    .049106   .0386356     1.27   0.204    -.0266183    .1248304
    event_m2 |   .0333111   .0333252     1.00   0.318     -.032005    .0986272
    event_m1 |   .0214181   .0227449     0.94   0.346    -.0231611    .0659972
     event_1 |   .0260579   .0284073     0.92   0.359    -.0296195    .0817353
     event_2 |   .0186272   .0381283     0.49   0.625    -.0561028    .0933573
     event_3 |  -.0061866    .049085    -0.13   0.900    -.1023914    .0900182
     event_4 |   .0064432   .0538392     0.12   0.905    -.0990798    .1119661
     event_5 |   .0258667   .0613519     0.42   0.673    -.0943808    .1461143
     event_6 |  -.0002701   .0669913    -0.00   0.997    -.1315707    .1310305
     event_7 |   .0394042   .0699481     0.56   0.573    -.0976916       .1765
     event_8 |   .0682052   .0828902     0.82   0.411    -.0942567    .2306671
     event_9 |    .107914   .0959885     1.12   0.261      -.08022     .296048
    event_10 |   .1271032     .09935     1.28   0.201    -.0676193    .3218257
-------------+----------------------------------------------------------------
lnK          |
    event_m5 |   .1055295   .0746591     1.41   0.158    -.0407997    .2518587
    event_m4 |   .0399939   .0631638     0.63   0.527    -.0838049    .1637927
    event_m3 |   .0617289    .056408     1.09   0.274    -.0488287    .1722865
    event_m2 |   .0257956   .0483175     0.53   0.593     -.068905    .1204961
    event_m1 |   .0649115   .0321543     2.02   0.044     .0018903    .1279327
     event_1 |  -.0253126   .0354188    -0.71   0.475     -.094732    .0441069
     event_2 |  -.0617037   .0510259    -1.21   0.227    -.1617128    .0383053
     event_3 |  -.0776971   .0641324    -1.21   0.226    -.2033943        .048
     event_4 |  -.0880405   .0743279    -1.18   0.236    -.2337205    .0576396
     event_5 |  -.0660945   .0873592    -0.76   0.449    -.2373154    .1051264
     event_6 |   .0114085   .0954981     0.12   0.905    -.1757643    .1985814
     event_7 |  -.0253513   .1080899    -0.23   0.815    -.2372036    .1865009
     event_8 |   .0858425   .1283489     0.67   0.504    -.1657168    .3374018
     event_9 |   .1096121   .1389113     0.79   0.430     -.162649    .3818733
    event_10 |   .1175267   .1689844     0.70   0.487    -.2136767    .4487302
-------------+----------------------------------------------------------------
exporter     |
    event_m5 |  -.0125803   .0250585    -0.50   0.616     -.061694    .0365334
    event_m4 |  -.0175545   .0222147    -0.79   0.429    -.0610945    .0259856
    event_m3 |  -.0010752   .0210133    -0.05   0.959    -.0422605    .0401101
    event_m2 |   .0105049   .0206578     0.51   0.611    -.0299837    .0509935
    event_m1 |  -.0186638   .0124881    -1.49   0.135      -.04314    .0058124
     event_1 |   .0178968   .0121479     1.47   0.141    -.0059128    .0417063
     event_2 |   .0244952   .0165291     1.48   0.138    -.0079011    .0568916
     event_3 |   .0290649   .0205574     1.41   0.157    -.0112268    .0693566
     event_4 |   .0276603   .0210406     1.31   0.189    -.0135785    .0688991
     event_5 |   .0562752   .0230418     2.44   0.015      .011114    .1014363
     event_6 |   .0639632   .0277605     2.30   0.021     .0095537    .1183728
     event_7 |   .0375346   .0328973     1.14   0.254    -.0269428    .1020121
     event_8 |   .0480538   .0348173     1.38   0.168    -.0201868    .1162944
     event_9 |   .0363562   .0417373     0.87   0.384    -.0454473    .1181598
    event_10 |    .020114   .0448565     0.45   0.654     -.067803    .1080311
------------------------------------------------------------------------------
  15,860

. * assume attgt estimate with aggregate(e) option has been recently produced
. preserve

. clear

. 
. local Z 1.96

. 
. local T = colsof(e(b)) 

. set obs `T'
number of observations (_N) was 0, now 60

. 
. generate str outcome = ""
(60 missing values generated)

. generate b = 0

. generate t = 0

. generate upper = 0

. generate lower = 0

. 
. local colnames : colnames e(b)

. local outcomes : coleq e(b)

. local treatment = e(treatment)

. 
. forvalues i = 1/`T' {
  2.     * get event time index
.     local name : word `i' of `colnames'
  3.     local outcome : word `i' of `outcomes'
  4.     replace outcome = "`outcome'" in `i'
  5.     replace t = real(subinstr(subinstr("`name'", "event_", "", .), "m", "-", .)) in `i'
  6.     * get estimates from regression
.     replace b = e(b)[1, `i'] in `i'
  7.     replace upper = b + `Z' * sqrt(e(V)[`i', `i']) in `i'
  8.     replace lower = b - `Z' * sqrt(e(V)[`i', `i']) in `i'
  9. }
variable outcome was str1 now str3
(1 real change made)
(1 real change made)
(1 real change made)
(1 real change made)
(1 real change made)
(1 real change made)
(1 real change made)
(1 real change made)
(1 real change made)
(1 real change made)
(1 real change made)
(1 real change made)
(1 real change made)
(1 real change made)
(1 real change made)
(1 real change made)
(1 real change made)
(1 real change made)
(1 real change made)
(1 real change made)
(1 real change made)
(1 real change made)
(1 real change made)
(1 real change made)
(1 real change made)
(1 real change made)
(1 real change made)
(1 real change made)
(1 real change made)
(1 real change made)
(1 real change made)
(1 real change made)
(1 real change made)
(1 real change made)
(1 real change made)
(1 real change made)
(1 real change made)
(1 real change made)
(1 real change made)
(1 real change made)
(1 real change made)
(1 real change made)
(1 real change made)
(1 real change made)
(1 real change made)
(1 real change made)
(1 real change made)
(1 real change made)
(1 real change made)
(1 real change made)
(1 real change made)
(1 real change made)
(1 real change made)
(1 real change made)
(1 real change made)
(1 real change made)
(1 real change made)
(1 real change made)
(1 real change made)
(1 real change made)
(1 real change made)
(1 real change made)
(1 real change made)
(1 real change made)
(1 real change made)
(1 real change made)
(1 real change made)
(1 real change made)
(1 real change made)
(1 real change made)
(1 real change made)
(1 real change made)
(1 real change made)
(1 real change made)
(1 real change made)
variable outcome was str3 now str4
(1 real change made)
(1 real change made)
(1 real change made)
(1 real change made)
(1 real change made)
(1 real change made)
(1 real change made)
(1 real change made)
(1 real change made)
(1 real change made)
(1 real change made)
(1 real change made)
(1 real change made)
(1 real change made)
(1 real change made)
(1 real change made)
(1 real change made)
(1 real change made)
(1 real change made)
(1 real change made)
(1 real change made)
(1 real change made)
(1 real change made)
(1 real change made)
(1 real change made)
(1 real change made)
(1 real change made)
(1 real change made)
(1 real change made)
(1 real change made)
(1 real change made)
(1 real change made)
(1 real change made)
(1 real change made)
(1 real change made)
(1 real change made)
(1 real change made)
(1 real change made)
(1 real change made)
(1 real change made)
(1 real change made)
(1 real change made)
(1 real change made)
(1 real change made)
(1 real change made)
(1 real change made)
(1 real change made)
(1 real change made)
(1 real change made)
(1 real change made)
(1 real change made)
(1 real change made)
(1 real change made)
(1 real change made)
(1 real change made)
(1 real change made)
(1 real change made)
(1 real change made)
(1 real change made)
(1 real change made)
(1 real change made)
(1 real change made)
(1 real change made)
(1 real change made)
(1 real change made)
(1 real change made)
(1 real change made)
(1 real change made)
(1 real change made)
(1 real change made)
(1 real change made)
(1 real change made)
(1 real change made)
(1 real change made)
(1 real change made)
(1 real change made)
(1 real change made)
(1 real change made)
(1 real change made)
(1 real change made)
(1 real change made)
(1 real change made)
(1 real change made)
(1 real change made)
(1 real change made)
(1 real change made)
(1 real change made)
(1 real change made)
(1 real change made)
(1 real change made)
(1 real change made)
(1 real change made)
(1 real change made)
(1 real change made)
(1 real change made)
(1 real change made)
(1 real change made)
(1 real change made)
(1 real change made)
(1 real change made)
(1 real change made)
(1 real change made)
(1 real change made)
(1 real change made)
(1 real change made)
(1 real change made)
(1 real change made)
(1 real change made)
(1 real change made)
(1 real change made)
(1 real change made)
(1 real change made)
(1 real change made)
(1 real change made)
(1 real change made)
(1 real change made)
(1 real change made)
(1 real change made)
(1 real change made)
(1 real change made)
(1 real change made)
(1 real change made)
(1 real change made)
(1 real change made)
(1 real change made)
(1 real change made)
(1 real change made)
(1 real change made)
(1 real change made)
(1 real change made)
(1 real change made)
(1 real change made)
(1 real change made)
(1 real change made)
(1 real change made)
(1 real change made)
(1 real change made)
(1 real change made)
(1 real change made)
(1 real change made)
(1 real change made)
(1 real change made)
(1 real change made)
(1 real change made)
(1 real change made)
(1 real change made)
(1 real change made)
(1 real change made)
(1 real change made)
(1 real change made)
variable outcome was str4 now str8
(1 real change made)
(1 real change made)
(1 real change made)
(1 real change made)
(1 real change made)
(1 real change made)
(1 real change made)
(1 real change made)
(1 real change made)
(1 real change made)
(1 real change made)
(1 real change made)
(1 real change made)
(1 real change made)
(1 real change made)
(1 real change made)
(1 real change made)
(1 real change made)
(1 real change made)
(1 real change made)
(1 real change made)
(1 real change made)
(1 real change made)
(1 real change made)
(1 real change made)
(1 real change made)
(1 real change made)
(1 real change made)
(1 real change made)
(1 real change made)
(1 real change made)
(1 real change made)
(1 real change made)
(1 real change made)
(1 real change made)
(1 real change made)
(1 real change made)
(1 real change made)
(1 real change made)
(1 real change made)
(1 real change made)
(1 real change made)
(1 real change made)
(1 real change made)
(1 real change made)
(1 real change made)
(1 real change made)
(1 real change made)
(1 real change made)
(1 real change made)
(1 real change made)
(1 real change made)
(1 real change made)
(1 real change made)
(1 real change made)
(1 real change made)
(1 real change made)
(1 real change made)
(1 real change made)
(1 real change made)
(1 real change made)
(1 real change made)
(1 real change made)
(1 real change made)
(1 real change made)
(1 real change made)
(1 real change made)
(1 real change made)
(1 real change made)
(1 real change made)
(1 real change made)
(1 real change made)
(1 real change made)
(1 real change made)
(1 real change made)

. * create period 0 for every outcome
. expand 1+(t==1), generate(expanded)
(4 observations created)

. foreach X in t b upper lower {
  2.     replace `X' = 0 if expanded
  3. }
(4 real changes made)
(4 real changes made)
(4 real changes made)
(4 real changes made)

. sort outcome t

. 
. levelsof outcome, local(outcomes)
`"exporter"' `"lnK"' `"lnL"' `"lnQL"'

. foreach X in `outcomes' {
  2.     twoway (rarea lower upper t if outcome=="`X'", fcolor(blue%30) lwidth(none)) ///
>         (line b t if outcome=="`X'", lcolor(blue)), ///
>         ytitle("`X'") xtitle("Year since `treatment'") ///
>         graphregion(color(white)) legend(off)
  3.     graph rename `X'
  4. }

. restore

. 
end of do-file
(file /Users/koren/Documents/workspace/expat//output/figure/event_study/no_hire_lnL.png written in PNG format)
(file /Users/koren/Documents/workspace/expat//output/figure/event_study/no_hire_lnQL.png written in PNG format)
(file /Users/koren/Documents/workspace/expat//output/figure/event_study/no_hire_lnK.png written in PNG format)
(file /Users/koren/Documents/workspace/expat//output/figure/event_study/no_hire_exporter.png written in PNG forma
> t)
       panel variable:  frame_id_numeric (unbalanced)
        time variable:  year, 1988 to 2018, but with gaps
                delta:  1 unit
Generating weights...

                          __000001
-------------------------------------------------------------
      Percentiles      Smallest
 1%     .0000168              0
 5%     .0066459              0
10%     .0157843              0       Obs              24,010
25%       .03916              0       Sum of Wgt.      24,010

50%      .651212                      Mean           .6026019
                        Largest       Std. Dev.       .953517
75%            1       8.999998
90%            1       8.999998       Variance       .9091947
95%            1       8.999998       Skewness       6.508687
99%            1       8.999998       Kurtosis       57.95209
Estimating lnL: event_m5
Estimating lnL: event_m4
Estimating lnL: event_m3
Estimating lnL: event_m2
Estimating lnL: event_m1
Estimating lnL: event_1
Estimating lnL: event_2
Estimating lnL: event_3
Estimating lnL: event_4
Estimating lnL: event_5
Estimating lnL: event_6
Estimating lnL: event_7
Estimating lnL: event_8
Estimating lnL: event_9
Estimating lnL: event_10
Estimating lnQL: event_m5
Estimating lnQL: event_m4
Estimating lnQL: event_m3
Estimating lnQL: event_m2
Estimating lnQL: event_m1
Estimating lnQL: event_1
Estimating lnQL: event_2
Estimating lnQL: event_3
Estimating lnQL: event_4
Estimating lnQL: event_5
Estimating lnQL: event_6
Estimating lnQL: event_7
Estimating lnQL: event_8
Estimating lnQL: event_9
Estimating lnQL: event_10
Estimating lnK: event_m5
Estimating lnK: event_m4
Estimating lnK: event_m3
Estimating lnK: event_m2
Estimating lnK: event_m1
Estimating lnK: event_1
Estimating lnK: event_2
Estimating lnK: event_3
Estimating lnK: event_4
Estimating lnK: event_5
Estimating lnK: event_6
Estimating lnK: event_7
Estimating lnK: event_8
Estimating lnK: event_9
Estimating lnK: event_10
Estimating exporter: event_m5
Estimating exporter: event_m4
Estimating exporter: event_m3
Estimating exporter: event_m2
Estimating exporter: event_m1
Estimating exporter: event_1
Estimating exporter: event_2
Estimating exporter: event_3
Estimating exporter: event_4
Estimating exporter: event_5
Estimating exporter: event_6
Estimating exporter: event_7
Estimating exporter: event_8
Estimating exporter: event_9
Estimating exporter: event_10
Callaway Sant'Anna (2021)

                                                Number of obs     =     15,990

------------------------------------------------------------------------------
             |      Coef.   Std. Err.      z    P>|z|     [95% Conf. Interval]
-------------+----------------------------------------------------------------
lnL          |
    event_m5 |   .1026934    .065596     1.57   0.117    -.0258724    .2312592
    event_m4 |    .109792    .056367     1.95   0.051    -.0006852    .2202692
    event_m3 |   .0869241    .040559     2.14   0.032     .0074299    .1664183
    event_m2 |   .0202746    .036231     0.56   0.576    -.0507369    .0912861
    event_m1 |  -.0085894   .0241611    -0.36   0.722    -.0559444    .0387656
     event_1 |  -.0634761    .039572    -1.60   0.109    -.1410357    .0140836
     event_2 |   -.049378   .0509226    -0.97   0.332    -.1491845    .0504286
     event_3 |    -.01234   .0604666    -0.20   0.838    -.1308523    .1061724
     event_4 |   .0050994   .0711924     0.07   0.943    -.1344352     .144634
     event_5 |   .0655865   .0806491     0.81   0.416    -.0924829    .2236559
     event_6 |   .0144535   .0930529     0.16   0.877    -.1679268    .1968338
     event_7 |   .1232723   .1005303     1.23   0.220    -.0737634     .320308
     event_8 |    .149818   .1145251     1.31   0.191     -.074647     .374283
     event_9 |   .1612446   .1320983     1.22   0.222    -.0976633    .4201526
    event_10 |   .1683092   .1423432     1.18   0.237    -.1106784    .4472967
-------------+----------------------------------------------------------------
lnQL         |
    event_m5 |    .023859   .0555912     0.43   0.668    -.0850977    .1328157
    event_m4 |    -.01714   .0518925    -0.33   0.741    -.1188475    .0845675
    event_m3 |   .0103852   .0419749     0.25   0.805    -.0718841    .0926546
    event_m2 |   .0262713   .0379667     0.69   0.489     -.048142    .1006846
    event_m1 |   .0252387   .0228146     1.11   0.269    -.0194772    .0699545
     event_1 |   .0503729   .0371355     1.36   0.175    -.0224114    .1231571
     event_2 |    .094188   .0428817     2.20   0.028     .0101414    .1782347
     event_3 |   .1148176   .0514734     2.23   0.026     .0139317    .2157036
     event_4 |   .0823046   .0607837     1.35   0.176    -.0368293    .2014386
     event_5 |   .1304948   .0687342     1.90   0.058    -.0042216    .2652113
     event_6 |   .1502175   .0677842     2.22   0.027     .0173629    .2830722
     event_7 |   .2509986   .0818565     3.07   0.002     .0905628    .4114343
     event_8 |   .3375219   .1103089     3.06   0.002     .1213205    .5537234
     event_9 |   .3789821   .1248906     3.03   0.002     .1342011    .6237632
    event_10 |   .3646677   .1326292     2.75   0.006     .1047192    .6246161
-------------+----------------------------------------------------------------
lnK          |
    event_m5 |   .2676789   .0848454     3.15   0.002      .101385    .4339727
    event_m4 |   .2703525   .0780569     3.46   0.001     .1173639    .4233412
    event_m3 |   .2326612   .0582854     3.99   0.000     .1184238    .3468985
    event_m2 |   .1956772    .048808     4.01   0.000     .1000153     .291339
    event_m1 |   .0470672   .0431669     1.09   0.276    -.0375383    .1316727
     event_1 |   -.059874   .0434981    -1.38   0.169    -.1451286    .0253807
     event_2 |  -.0690515   .0547419    -1.26   0.207    -.1763436    .0382406
     event_3 |  -.1391858   .0787709    -1.77   0.077    -.2935738    .0152023
     event_4 |  -.1862047   .0954656    -1.95   0.051    -.3733139    .0009045
     event_5 |  -.2124802   .1107707    -1.92   0.055    -.4295868    .0046265
     event_6 |  -.2527589   .1308773    -1.93   0.053    -.5092737    .0037559
     event_7 |   .0274754    .135392     0.20   0.839     -.237888    .2928389
     event_8 |   .1168851   .1718061     0.68   0.496    -.2198487    .4536189
     event_9 |   .0745511   .1986364     0.38   0.707    -.3147692    .4638713
    event_10 |   .1669345   .2018482     0.83   0.408    -.2286808    .5625498
-------------+----------------------------------------------------------------
exporter     |
    event_m5 |   .0128018   .0278684     0.46   0.646    -.0418191    .0674228
    event_m4 |   -.011718   .0302504    -0.39   0.698    -.0710077    .0475716
    event_m3 |  -.0158764   .0246274    -0.64   0.519    -.0641453    .0323924
    event_m2 |   .0063462   .0183622     0.35   0.730    -.0296431    .0423355
    event_m1 |   .0110941   .0139567     0.79   0.427    -.0162606    .0384488
     event_1 |   .0220341   .0132935     1.66   0.097    -.0040207    .0480889
     event_2 |   .0254719   .0199265     1.28   0.201    -.0135834    .0645271
     event_3 |   .0585571   .0254549     2.30   0.021     .0086663    .1084478
     event_4 |   .0266847   .0253428     1.05   0.292    -.0229864    .0763558
     event_5 |   .0643163   .0338256     1.90   0.057    -.0019806    .1306132
     event_6 |   .0623077   .0328536     1.90   0.058    -.0020841    .1266995
     event_7 |   .0579951   .0350447     1.65   0.098    -.0106914    .1266815
     event_8 |   .0647838   .0373292     1.74   0.083      -.00838    .1379476
     event_9 |    .094673   .0401891     2.36   0.018     .0159037    .1734422
    event_10 |   .0865356   .0447539     1.93   0.053    -.0011803    .1742516
------------------------------------------------------------------------------
  15,990

. * assume attgt estimate with aggregate(e) option has been recently produced
. preserve

. clear

. 
. local Z 1.96

. 
. local T = colsof(e(b)) 

. set obs `T'
number of observations (_N) was 0, now 60

. 
. generate str outcome = ""
(60 missing values generated)

. generate b = 0

. generate t = 0

. generate upper = 0

. generate lower = 0

. 
. local colnames : colnames e(b)

. local outcomes : coleq e(b)

. local treatment = e(treatment)

. 
. forvalues i = 1/`T' {
  2.     * get event time index
.     local name : word `i' of `colnames'
  3.     local outcome : word `i' of `outcomes'
  4.     replace outcome = "`outcome'" in `i'
  5.     replace t = real(subinstr(subinstr("`name'", "event_", "", .), "m", "-", .)) in `i'
  6.     * get estimates from regression
.     replace b = e(b)[1, `i'] in `i'
  7.     replace upper = b + `Z' * sqrt(e(V)[`i', `i']) in `i'
  8.     replace lower = b - `Z' * sqrt(e(V)[`i', `i']) in `i'
  9. }
variable outcome was str1 now str3
(1 real change made)
(1 real change made)
(1 real change made)
(1 real change made)
(1 real change made)
(1 real change made)
(1 real change made)
(1 real change made)
(1 real change made)
(1 real change made)
(1 real change made)
(1 real change made)
(1 real change made)
(1 real change made)
(1 real change made)
(1 real change made)
(1 real change made)
(1 real change made)
(1 real change made)
(1 real change made)
(1 real change made)
(1 real change made)
(1 real change made)
(1 real change made)
(1 real change made)
(1 real change made)
(1 real change made)
(1 real change made)
(1 real change made)
(1 real change made)
(1 real change made)
(1 real change made)
(1 real change made)
(1 real change made)
(1 real change made)
(1 real change made)
(1 real change made)
(1 real change made)
(1 real change made)
(1 real change made)
(1 real change made)
(1 real change made)
(1 real change made)
(1 real change made)
(1 real change made)
(1 real change made)
(1 real change made)
(1 real change made)
(1 real change made)
(1 real change made)
(1 real change made)
(1 real change made)
(1 real change made)
(1 real change made)
(1 real change made)
(1 real change made)
(1 real change made)
(1 real change made)
(1 real change made)
(1 real change made)
(1 real change made)
(1 real change made)
(1 real change made)
(1 real change made)
(1 real change made)
(1 real change made)
(1 real change made)
(1 real change made)
(1 real change made)
(1 real change made)
(1 real change made)
(1 real change made)
(1 real change made)
(1 real change made)
(1 real change made)
variable outcome was str3 now str4
(1 real change made)
(1 real change made)
(1 real change made)
(1 real change made)
(1 real change made)
(1 real change made)
(1 real change made)
(1 real change made)
(1 real change made)
(1 real change made)
(1 real change made)
(1 real change made)
(1 real change made)
(1 real change made)
(1 real change made)
(1 real change made)
(1 real change made)
(1 real change made)
(1 real change made)
(1 real change made)
(1 real change made)
(1 real change made)
(1 real change made)
(1 real change made)
(1 real change made)
(1 real change made)
(1 real change made)
(1 real change made)
(1 real change made)
(1 real change made)
(1 real change made)
(1 real change made)
(1 real change made)
(1 real change made)
(1 real change made)
(1 real change made)
(1 real change made)
(1 real change made)
(1 real change made)
(1 real change made)
(1 real change made)
(1 real change made)
(1 real change made)
(1 real change made)
(1 real change made)
(1 real change made)
(1 real change made)
(1 real change made)
(1 real change made)
(1 real change made)
(1 real change made)
(1 real change made)
(1 real change made)
(1 real change made)
(1 real change made)
(1 real change made)
(1 real change made)
(1 real change made)
(1 real change made)
(1 real change made)
(1 real change made)
(1 real change made)
(1 real change made)
(1 real change made)
(1 real change made)
(1 real change made)
(1 real change made)
(1 real change made)
(1 real change made)
(1 real change made)
(1 real change made)
(1 real change made)
(1 real change made)
(1 real change made)
(1 real change made)
(1 real change made)
(1 real change made)
(1 real change made)
(1 real change made)
(1 real change made)
(1 real change made)
(1 real change made)
(1 real change made)
(1 real change made)
(1 real change made)
(1 real change made)
(1 real change made)
(1 real change made)
(1 real change made)
(1 real change made)
(1 real change made)
(1 real change made)
(1 real change made)
(1 real change made)
(1 real change made)
(1 real change made)
(1 real change made)
(1 real change made)
(1 real change made)
(1 real change made)
(1 real change made)
(1 real change made)
(1 real change made)
(1 real change made)
(1 real change made)
(1 real change made)
(1 real change made)
(1 real change made)
(1 real change made)
(1 real change made)
(1 real change made)
(1 real change made)
(1 real change made)
(1 real change made)
(1 real change made)
(1 real change made)
(1 real change made)
(1 real change made)
(1 real change made)
(1 real change made)
(1 real change made)
(1 real change made)
(1 real change made)
(1 real change made)
(1 real change made)
(1 real change made)
(1 real change made)
(1 real change made)
(1 real change made)
(1 real change made)
(1 real change made)
(1 real change made)
(1 real change made)
(1 real change made)
(1 real change made)
(1 real change made)
(1 real change made)
(1 real change made)
(1 real change made)
(1 real change made)
(1 real change made)
(1 real change made)
(1 real change made)
(1 real change made)
(1 real change made)
(1 real change made)
(1 real change made)
(1 real change made)
(1 real change made)
(1 real change made)
variable outcome was str4 now str8
(1 real change made)
(1 real change made)
(1 real change made)
(1 real change made)
(1 real change made)
(1 real change made)
(1 real change made)
(1 real change made)
(1 real change made)
(1 real change made)
(1 real change made)
(1 real change made)
(1 real change made)
(1 real change made)
(1 real change made)
(1 real change made)
(1 real change made)
(1 real change made)
(1 real change made)
(1 real change made)
(1 real change made)
(1 real change made)
(1 real change made)
(1 real change made)
(1 real change made)
(1 real change made)
(1 real change made)
(1 real change made)
(1 real change made)
(1 real change made)
(1 real change made)
(1 real change made)
(1 real change made)
(1 real change made)
(1 real change made)
(1 real change made)
(1 real change made)
(1 real change made)
(1 real change made)
(1 real change made)
(1 real change made)
(1 real change made)
(1 real change made)
(1 real change made)
(1 real change made)
(1 real change made)
(1 real change made)
(1 real change made)
(1 real change made)
(1 real change made)
(1 real change made)
(1 real change made)
(1 real change made)
(1 real change made)
(1 real change made)
(1 real change made)
(1 real change made)
(1 real change made)
(1 real change made)
(1 real change made)
(1 real change made)
(1 real change made)
(1 real change made)
(1 real change made)
(1 real change made)
(1 real change made)
(1 real change made)
(1 real change made)
(1 real change made)
(1 real change made)
(1 real change made)
(1 real change made)
(1 real change made)
(1 real change made)
(1 real change made)

. * create period 0 for every outcome
. expand 1+(t==1), generate(expanded)
(4 observations created)

. foreach X in t b upper lower {
  2.     replace `X' = 0 if expanded
  3. }
(4 real changes made)
(4 real changes made)
(4 real changes made)
(4 real changes made)

. sort outcome t

. 
. levelsof outcome, local(outcomes)
`"exporter"' `"lnK"' `"lnL"' `"lnQL"'

. foreach X in `outcomes' {
  2.     twoway (rarea lower upper t if outcome=="`X'", fcolor(blue%30) lwidth(none)) ///
>         (line b t if outcome=="`X'", lcolor(blue)), ///
>         ytitle("`X'") xtitle("Year since `treatment'") ///
>         graphregion(color(white)) legend(off)
  3.     graph rename `X'
  4. }

. restore

. 
end of do-file
(file /Users/koren/Documents/workspace/expat//output/figure/event_study/local_hire_lnL.png written in PNG format)
(file /Users/koren/Documents/workspace/expat//output/figure/event_study/local_hire_lnQL.png written in PNG format
> )
(file /Users/koren/Documents/workspace/expat//output/figure/event_study/local_hire_lnK.png written in PNG format)
(file /Users/koren/Documents/workspace/expat//output/figure/event_study/local_hire_exporter.png written in PNG fo
> rmat)
       panel variable:  frame_id_numeric (unbalanced)
        time variable:  year, 1988 to 2018, but with gaps
                delta:  1 unit
Generating weights...

                          __000001
-------------------------------------------------------------
      Percentiles      Smallest
 1%     .0000628              0
 5%     .0038883              0
10%     .0097107              0       Obs              24,010
25%     .0317789              0       Sum of Wgt.      24,010

50%            1                      Mean           .6097715
                        Largest       Std. Dev.      .8798971
75%            1       8.999998
90%            1       8.999998       Variance       .7742189
95%            1       8.999998       Skewness       6.597516
99%            1       8.999998       Kurtosis       63.81077
Estimating lnL: event_m5
Estimating lnL: event_m4
Estimating lnL: event_m3
Estimating lnL: event_m2
Estimating lnL: event_m1
Estimating lnL: event_1
Estimating lnL: event_2
Estimating lnL: event_3
Estimating lnL: event_4
Estimating lnL: event_5
Estimating lnL: event_6
Estimating lnL: event_7
Estimating lnL: event_8
Estimating lnL: event_9
Estimating lnL: event_10
Estimating lnQL: event_m5
Estimating lnQL: event_m4
Estimating lnQL: event_m3
Estimating lnQL: event_m2
Estimating lnQL: event_m1
Estimating lnQL: event_1
Estimating lnQL: event_2
Estimating lnQL: event_3
Estimating lnQL: event_4
Estimating lnQL: event_5
Estimating lnQL: event_6
Estimating lnQL: event_7
Estimating lnQL: event_8
Estimating lnQL: event_9
Estimating lnQL: event_10
Estimating lnK: event_m5
Estimating lnK: event_m4
Estimating lnK: event_m3
Estimating lnK: event_m2
Estimating lnK: event_m1
Estimating lnK: event_1
Estimating lnK: event_2
Estimating lnK: event_3
Estimating lnK: event_4
Estimating lnK: event_5
Estimating lnK: event_6
Estimating lnK: event_7
Estimating lnK: event_8
Estimating lnK: event_9
Estimating lnK: event_10
Estimating exporter: event_m5
Estimating exporter: event_m4
Estimating exporter: event_m3
Estimating exporter: event_m2
Estimating exporter: event_m1
Estimating exporter: event_1
Estimating exporter: event_2
Estimating exporter: event_3
Estimating exporter: event_4
Estimating exporter: event_5
Estimating exporter: event_6
Estimating exporter: event_7
Estimating exporter: event_8
Estimating exporter: event_9
Estimating exporter: event_10
Callaway Sant'Anna (2021)

                                                Number of obs     =     15,937

------------------------------------------------------------------------------
             |      Coef.   Std. Err.      z    P>|z|     [95% Conf. Interval]
-------------+----------------------------------------------------------------
lnL          |
    event_m5 |   .0150322   .0671448     0.22   0.823    -.1165692    .1466336
    event_m4 |  -.0152973   .0620756    -0.25   0.805    -.1369631    .1063686
    event_m3 |   -.027829   .0562405    -0.49   0.621    -.1380584    .0824003
    event_m2 |  -.0940385   .0446837    -2.10   0.035     -.181617     -.00646
    event_m1 |  -.0170458   .0228507    -0.75   0.456    -.0618322    .0277407
     event_1 |    .102613   .0316059     3.25   0.001     .0406666    .1645594
     event_2 |    .155423   .0444537     3.50   0.000     .0682955    .2425506
     event_3 |   .1961998   .0563726     3.48   0.001     .0857116     .306688
     event_4 |   .2445077   .0601166     4.07   0.000     .1266813    .3623341
     event_5 |    .305209   .0704215     4.33   0.000     .1671853    .4432326
     event_6 |   .3216268    .081839     3.93   0.000     .1612253    .4820283
     event_7 |   .3740269   .0893061     4.19   0.000     .1989902    .5490635
     event_8 |   .4047681   .0963373     4.20   0.000     .2159504    .5935857
     event_9 |   .4284881   .1091355     3.93   0.000     .2145866    .6423897
    event_10 |   .3702579   .1282329     2.89   0.004      .118926    .6215898
-------------+----------------------------------------------------------------
lnQL         |
    event_m5 |  -.0019422   .0670604    -0.03   0.977    -.1333782    .1294939
    event_m4 |   .0378462   .0560933     0.67   0.500    -.0720946    .1477871
    event_m3 |  -.0389642    .044697    -0.87   0.383    -.1265686    .0486403
    event_m2 |  -.0071633   .0405815    -0.18   0.860    -.0867015    .0723748
    event_m1 |  -.0179932   .0305467    -0.59   0.556    -.0778636    .0418772
     event_1 |    .099289   .0391336     2.54   0.011     .0225886    .1759894
     event_2 |    .207567   .0520346     3.99   0.000     .1055811    .3095529
     event_3 |   .2357342   .0641609     3.67   0.000     .1099812    .3614872
     event_4 |   .2382763   .0722722     3.30   0.001     .0966255    .3799272
     event_5 |   .2883777   .0714558     4.04   0.000     .1483268    .4284285
     event_6 |   .2983209   .0721933     4.13   0.000     .1568247    .4398171
     event_7 |   .3005749   .0827192     3.63   0.000     .1384482    .4627016
     event_8 |   .3257703   .0975513     3.34   0.001     .1345734    .5169673
     event_9 |   .3671965   .1132795     3.24   0.001     .1451727    .5892204
    event_10 |   .4196662   .1153002     3.64   0.000     .1936819    .6456504
-------------+----------------------------------------------------------------
lnK          |
    event_m5 |   .2133639    .112971     1.89   0.059    -.0080553    .4347831
    event_m4 |   .2175865    .098728     2.20   0.028     .0240831    .4110898
    event_m3 |   .0825286   .0935043     0.88   0.377    -.1007364    .2657936
    event_m2 |   .0149208   .0728819     0.20   0.838     -.127925    .1577667
    event_m1 |   .0896862   .0543897     1.65   0.099    -.0169157    .1962882
     event_1 |    .130961   .0461259     2.84   0.005     .0405558    .2213662
     event_2 |   .2093835   .0699837     2.99   0.003     .0722179    .3465491
     event_3 |   .2607194   .0832089     3.13   0.002     .0976329    .4238059
     event_4 |   .2344601   .0891183     2.63   0.009     .0597914    .4091288
     event_5 |   .3523862   .1125908     3.13   0.002     .1317123    .5730602
     event_6 |   .3880914   .1156482     3.36   0.001      .161425    .6147577
     event_7 |   .4310671   .1359138     3.17   0.002     .1646809    .6974534
     event_8 |   .3989008   .1420191     2.81   0.005     .1205485    .6772531
     event_9 |   .3188875   .1688712     1.89   0.059    -.0120939    .6498689
    event_10 |     .30252   .1753133     1.73   0.084    -.0410878    .6461277
-------------+----------------------------------------------------------------
exporter     |
    event_m5 |   .0288279   .0318969     0.90   0.366    -.0336889    .0913447
    event_m4 |   .0078808   .0293392     0.27   0.788    -.0496229    .0653845
    event_m3 |    .028962   .0271598     1.07   0.286    -.0242703    .0821942
    event_m2 |   .0196946   .0234251     0.84   0.400    -.0262178     .065607
    event_m1 |   .0314997   .0177504     1.77   0.076    -.0032904    .0662897
     event_1 |   .0807138   .0181271     4.45   0.000     .0451854    .1162423
     event_2 |   .1117982   .0228193     4.90   0.000     .0670732    .1565232
     event_3 |   .1218722   .0218655     5.57   0.000     .0790166    .1647278
     event_4 |   .1481434   .0269517     5.50   0.000     .0953191    .2009677
     event_5 |   .1605671   .0287198     5.59   0.000     .1042773    .2168568
     event_6 |   .1592653   .0284916     5.59   0.000     .1034227    .2151079
     event_7 |   .1374264   .0339823     4.04   0.000     .0708223    .2040304
     event_8 |    .137071   .0370916     3.70   0.000     .0643729    .2097691
     event_9 |   .1568502   .0401298     3.91   0.000     .0781973    .2355032
    event_10 |   .1262654   .0362571     3.48   0.000     .0552028     .197328
------------------------------------------------------------------------------
  15,937

. * assume attgt estimate with aggregate(e) option has been recently produced
. preserve

. clear

. 
. local Z 1.96

. 
. local T = colsof(e(b)) 

. set obs `T'
number of observations (_N) was 0, now 60

. 
. generate str outcome = ""
(60 missing values generated)

. generate b = 0

. generate t = 0

. generate upper = 0

. generate lower = 0

. 
. local colnames : colnames e(b)

. local outcomes : coleq e(b)

. local treatment = e(treatment)

. 
. forvalues i = 1/`T' {
  2.     * get event time index
.     local name : word `i' of `colnames'
  3.     local outcome : word `i' of `outcomes'
  4.     replace outcome = "`outcome'" in `i'
  5.     replace t = real(subinstr(subinstr("`name'", "event_", "", .), "m", "-", .)) in `i'
  6.     * get estimates from regression
.     replace b = e(b)[1, `i'] in `i'
  7.     replace upper = b + `Z' * sqrt(e(V)[`i', `i']) in `i'
  8.     replace lower = b - `Z' * sqrt(e(V)[`i', `i']) in `i'
  9. }
variable outcome was str1 now str3
(1 real change made)
(1 real change made)
(1 real change made)
(1 real change made)
(1 real change made)
(1 real change made)
(1 real change made)
(1 real change made)
(1 real change made)
(1 real change made)
(1 real change made)
(1 real change made)
(1 real change made)
(1 real change made)
(1 real change made)
(1 real change made)
(1 real change made)
(1 real change made)
(1 real change made)
(1 real change made)
(1 real change made)
(1 real change made)
(1 real change made)
(1 real change made)
(1 real change made)
(1 real change made)
(1 real change made)
(1 real change made)
(1 real change made)
(1 real change made)
(1 real change made)
(1 real change made)
(1 real change made)
(1 real change made)
(1 real change made)
(1 real change made)
(1 real change made)
(1 real change made)
(1 real change made)
(1 real change made)
(1 real change made)
(1 real change made)
(1 real change made)
(1 real change made)
(1 real change made)
(1 real change made)
(1 real change made)
(1 real change made)
(1 real change made)
(1 real change made)
(1 real change made)
(1 real change made)
(1 real change made)
(1 real change made)
(1 real change made)
(1 real change made)
(1 real change made)
(1 real change made)
(1 real change made)
(1 real change made)
(1 real change made)
(1 real change made)
(1 real change made)
(1 real change made)
(1 real change made)
(1 real change made)
(1 real change made)
(1 real change made)
(1 real change made)
(1 real change made)
(1 real change made)
(1 real change made)
(1 real change made)
(1 real change made)
(1 real change made)
variable outcome was str3 now str4
(1 real change made)
(1 real change made)
(1 real change made)
(1 real change made)
(1 real change made)
(1 real change made)
(1 real change made)
(1 real change made)
(1 real change made)
(1 real change made)
(1 real change made)
(1 real change made)
(1 real change made)
(1 real change made)
(1 real change made)
(1 real change made)
(1 real change made)
(1 real change made)
(1 real change made)
(1 real change made)
(1 real change made)
(1 real change made)
(1 real change made)
(1 real change made)
(1 real change made)
(1 real change made)
(1 real change made)
(1 real change made)
(1 real change made)
(1 real change made)
(1 real change made)
(1 real change made)
(1 real change made)
(1 real change made)
(1 real change made)
(1 real change made)
(1 real change made)
(1 real change made)
(1 real change made)
(1 real change made)
(1 real change made)
(1 real change made)
(1 real change made)
(1 real change made)
(1 real change made)
(1 real change made)
(1 real change made)
(1 real change made)
(1 real change made)
(1 real change made)
(1 real change made)
(1 real change made)
(1 real change made)
(1 real change made)
(1 real change made)
(1 real change made)
(1 real change made)
(1 real change made)
(1 real change made)
(1 real change made)
(1 real change made)
(1 real change made)
(1 real change made)
(1 real change made)
(1 real change made)
(1 real change made)
(1 real change made)
(1 real change made)
(1 real change made)
(1 real change made)
(1 real change made)
(1 real change made)
(1 real change made)
(1 real change made)
(1 real change made)
(1 real change made)
(1 real change made)
(1 real change made)
(1 real change made)
(1 real change made)
(1 real change made)
(1 real change made)
(1 real change made)
(1 real change made)
(1 real change made)
(1 real change made)
(1 real change made)
(1 real change made)
(1 real change made)
(1 real change made)
(1 real change made)
(1 real change made)
(1 real change made)
(1 real change made)
(1 real change made)
(1 real change made)
(1 real change made)
(1 real change made)
(1 real change made)
(1 real change made)
(1 real change made)
(1 real change made)
(1 real change made)
(1 real change made)
(1 real change made)
(1 real change made)
(1 real change made)
(1 real change made)
(1 real change made)
(1 real change made)
(1 real change made)
(1 real change made)
(1 real change made)
(1 real change made)
(1 real change made)
(1 real change made)
(1 real change made)
(1 real change made)
(1 real change made)
(1 real change made)
(1 real change made)
(1 real change made)
(1 real change made)
(1 real change made)
(1 real change made)
(1 real change made)
(1 real change made)
(1 real change made)
(1 real change made)
(1 real change made)
(1 real change made)
(1 real change made)
(1 real change made)
(1 real change made)
(1 real change made)
(1 real change made)
(1 real change made)
(1 real change made)
(1 real change made)
(1 real change made)
(1 real change made)
(1 real change made)
(1 real change made)
(1 real change made)
(1 real change made)
(1 real change made)
(1 real change made)
(1 real change made)
(1 real change made)
(1 real change made)
variable outcome was str4 now str8
(1 real change made)
(1 real change made)
(1 real change made)
(1 real change made)
(1 real change made)
(1 real change made)
(1 real change made)
(1 real change made)
(1 real change made)
(1 real change made)
(1 real change made)
(1 real change made)
(1 real change made)
(1 real change made)
(1 real change made)
(1 real change made)
(1 real change made)
(1 real change made)
(1 real change made)
(1 real change made)
(1 real change made)
(1 real change made)
(1 real change made)
(1 real change made)
(1 real change made)
(1 real change made)
(1 real change made)
(1 real change made)
(1 real change made)
(1 real change made)
(1 real change made)
(1 real change made)
(1 real change made)
(1 real change made)
(1 real change made)
(1 real change made)
(1 real change made)
(1 real change made)
(1 real change made)
(1 real change made)
(1 real change made)
(1 real change made)
(1 real change made)
(1 real change made)
(1 real change made)
(1 real change made)
(1 real change made)
(1 real change made)
(1 real change made)
(1 real change made)
(1 real change made)
(1 real change made)
(1 real change made)
(1 real change made)
(1 real change made)
(1 real change made)
(1 real change made)
(1 real change made)
(1 real change made)
(1 real change made)
(1 real change made)
(1 real change made)
(1 real change made)
(1 real change made)
(1 real change made)
(1 real change made)
(1 real change made)
(1 real change made)
(1 real change made)
(1 real change made)
(1 real change made)
(1 real change made)
(1 real change made)
(1 real change made)
(1 real change made)

. * create period 0 for every outcome
. expand 1+(t==1), generate(expanded)
(4 observations created)

. foreach X in t b upper lower {
  2.     replace `X' = 0 if expanded
  3. }
(4 real changes made)
(4 real changes made)
(4 real changes made)
(4 real changes made)

. sort outcome t

. 
. levelsof outcome, local(outcomes)
`"exporter"' `"lnK"' `"lnL"' `"lnQL"'

. foreach X in `outcomes' {
  2.     twoway (rarea lower upper t if outcome=="`X'", fcolor(blue%30) lwidth(none)) ///
>         (line b t if outcome=="`X'", lcolor(blue)), ///
>         ytitle("`X'") xtitle("Year since `treatment'") ///
>         graphregion(color(white)) legend(off)
  3.     graph rename `X'
  4. }

. restore

. 
end of do-file
(file /Users/koren/Documents/workspace/expat//output/figure/event_study/expat_hire_lnL.png written in PNG format)
(file /Users/koren/Documents/workspace/expat//output/figure/event_study/expat_hire_lnQL.png written in PNG format
> )
(file /Users/koren/Documents/workspace/expat//output/figure/event_study/expat_hire_lnK.png written in PNG format)
(file /Users/koren/Documents/workspace/expat//output/figure/event_study/expat_hire_exporter.png written in PNG fo
> rmat)

. 
. /*esttab m* using "`here'/output/.tex", mtitle b(3) se(3) replace
> esttab m* using "`here'/output/table_attgt.txt", mtitle b(3) se(3) replace*/
. 
. log close
      name:  <unnamed>
       log:  /Users/koren/Documents/workspace/expat//output/event_studies.log
  log type:  text
 closed on:  30 Sep 2021, 01:41:05
-----------------------------------------------------------------------------------------------------------------
